CRITICAL - 2020-02-13 12:31:37 --> pg_query(): Query failed: ERROR:  function st_multi(raster) does not exist
LINE 1: SELECT ST_AsGeoJSON(ST_Multi(rast)) AS geomwkt FROM tabla3 W...
                            ^
HINT:  No function matches the given name and argument types. You might need to add explicit type casts.
#0 [internal function]: CodeIgniter\Debug\Exceptions->errorHandler(2, 'pg_query(): Que...', 'C:\\wamp64\\www\\m...', 194, Array)
#1 C:\wamp64\www\mofuss2\system\Database\Postgre\Connection.php(194): pg_query(Resource id #8, 'SELECT ST_AsGeo...')
#2 C:\wamp64\www\mofuss2\system\Database\BaseConnection.php(738): CodeIgniter\Database\Postgre\Connection->execute('SELECT ST_AsGeo...')
#3 C:\wamp64\www\mofuss2\system\Database\BaseConnection.php(666): CodeIgniter\Database\BaseConnection->simpleQuery('SELECT ST_AsGeo...')
#4 C:\wamp64\www\mofuss2\app\Controllers\Dashboard.php(28): CodeIgniter\Database\BaseConnection->query('SELECT ST_AsGeo...')
#5 C:\wamp64\www\mofuss2\system\CodeIgniter.php(847): App\Controllers\Dashboard->index()
#6 C:\wamp64\www\mofuss2\system\CodeIgniter.php(338): CodeIgniter\CodeIgniter->runController(Object(App\Controllers\Dashboard))
#7 C:\wamp64\www\mofuss2\system\CodeIgniter.php(246): CodeIgniter\CodeIgniter->handleRequest(NULL, Object(Config\Cache), false)
#8 C:\wamp64\www\mofuss2\index.php(45): CodeIgniter\CodeIgniter->run()
#9 {main}
CRITICAL - 2020-02-13 12:31:48 --> pg_query(): Query failed: ERROR:  function st_multi(raster) does not exist
LINE 1: SELECT ST_AsGeoJSON(ST_Multi(rast))::json AS geomwkt FROM ta...
                            ^
HINT:  No function matches the given name and argument types. You might need to add explicit type casts.
#0 [internal function]: CodeIgniter\Debug\Exceptions->errorHandler(2, 'pg_query(): Que...', 'C:\\wamp64\\www\\m...', 194, Array)
#1 C:\wamp64\www\mofuss2\system\Database\Postgre\Connection.php(194): pg_query(Resource id #8, 'SELECT ST_AsGeo...')
#2 C:\wamp64\www\mofuss2\system\Database\BaseConnection.php(738): CodeIgniter\Database\Postgre\Connection->execute('SELECT ST_AsGeo...')
#3 C:\wamp64\www\mofuss2\system\Database\BaseConnection.php(666): CodeIgniter\Database\BaseConnection->simpleQuery('SELECT ST_AsGeo...')
#4 C:\wamp64\www\mofuss2\app\Controllers\Dashboard.php(28): CodeIgniter\Database\BaseConnection->query('SELECT ST_AsGeo...')
#5 C:\wamp64\www\mofuss2\system\CodeIgniter.php(847): App\Controllers\Dashboard->index()
#6 C:\wamp64\www\mofuss2\system\CodeIgniter.php(338): CodeIgniter\CodeIgniter->runController(Object(App\Controllers\Dashboard))
#7 C:\wamp64\www\mofuss2\system\CodeIgniter.php(246): CodeIgniter\CodeIgniter->handleRequest(NULL, Object(Config\Cache), false)
#8 C:\wamp64\www\mofuss2\index.php(45): CodeIgniter\CodeIgniter->run()
#9 {main}
CRITICAL - 2020-02-13 12:53:59 --> Maximum execution time of 120 seconds exceeded
#0 [internal function]: CodeIgniter\Debug\Exceptions->shutdownHandler()
#1 {main}
