CRITICAL - 2020-05-27 13:16:48 --> pg_connect(): Unable to connect to PostgreSQL server: could not connect to server: Connection timed out
	Is the server running on host &quot;192.168.10.11&quot; and accepting
	TCP/IP connections on port 5432?
#0 [internal function]: CodeIgniter\Debug\Exceptions->errorHandler(2, 'pg_connect(): U...', '/var/www/html/m...', 98, Array)
#1 /var/www/html/mofuss/WebBasedMofuss/SistemaWeb/mofuss-laravel/system/Database/Postgre/Connection.php(98): pg_connect('host=192.168.10...')
#2 /var/www/html/mofuss/WebBasedMofuss/SistemaWeb/mofuss-laravel/system/Database/BaseConnection.php(377): CodeIgniter\Database\Postgre\Connection->connect(false)
#3 /var/www/html/mofuss/WebBasedMofuss/SistemaWeb/mofuss-laravel/system/Database/BaseConnection.php(643): CodeIgniter\Database\BaseConnection->initialize()
#4 /var/www/html/mofuss/WebBasedMofuss/SistemaWeb/mofuss-laravel/system/Database/BaseBuilder.php(1819): CodeIgniter\Database\BaseConnection->query('SELECT *\nFROM "...', Array, false)
#5 /var/www/html/mofuss/WebBasedMofuss/SistemaWeb/mofuss-laravel/system/Model.php(1701): CodeIgniter\Database\BaseBuilder->get()
#6 /var/www/html/mofuss/WebBasedMofuss/SistemaWeb/mofuss-laravel/app/Models/CountriesModel.php(27): CodeIgniter\Model->__call('get', Array)
#7 /var/www/html/mofuss/WebBasedMofuss/SistemaWeb/mofuss-laravel/app/Controllers/Webmofuss.php(12): App\Models\CountriesModel->getdatosvisible()
#8 /var/www/html/mofuss/WebBasedMofuss/SistemaWeb/mofuss-laravel/system/CodeIgniter.php(847): App\Controllers\Webmofuss->index()
#9 /var/www/html/mofuss/WebBasedMofuss/SistemaWeb/mofuss-laravel/system/CodeIgniter.php(338): CodeIgniter\CodeIgniter->runController(Object(App\Controllers\Webmofuss))
#10 /var/www/html/mofuss/WebBasedMofuss/SistemaWeb/mofuss-laravel/system/CodeIgniter.php(246): CodeIgniter\CodeIgniter->handleRequest(NULL, Object(Config\Cache), false)
#11 /var/www/html/mofuss/WebBasedMofuss/SistemaWeb/mofuss-laravel/index.php(45): CodeIgniter\CodeIgniter->run()
#12 {main}
CRITICAL - 2020-05-27 13:34:16 --> pg_connect(): Unable to connect to PostgreSQL server: could not connect to server: Connection timed out
	Is the server running on host &quot;192.168.10.11&quot; and accepting
	TCP/IP connections on port 5432?
#0 [internal function]: CodeIgniter\Debug\Exceptions->errorHandler(2, 'pg_connect(): U...', '/var/www/html/m...', 98, Array)
#1 /var/www/html/mofuss/WebBasedMofuss/SistemaWeb/mofuss-laravel/system/Database/Postgre/Connection.php(98): pg_connect('host=192.168.10...')
#2 /var/www/html/mofuss/WebBasedMofuss/SistemaWeb/mofuss-laravel/system/Database/BaseConnection.php(377): CodeIgniter\Database\Postgre\Connection->connect(false)
#3 /var/www/html/mofuss/WebBasedMofuss/SistemaWeb/mofuss-laravel/system/Database/BaseConnection.php(643): CodeIgniter\Database\BaseConnection->initialize()
#4 /var/www/html/mofuss/WebBasedMofuss/SistemaWeb/mofuss-laravel/system/Database/BaseBuilder.php(1819): CodeIgniter\Database\BaseConnection->query('SELECT *\nFROM "...', Array, false)
#5 /var/www/html/mofuss/WebBasedMofuss/SistemaWeb/mofuss-laravel/system/Model.php(1701): CodeIgniter\Database\BaseBuilder->get()
#6 /var/www/html/mofuss/WebBasedMofuss/SistemaWeb/mofuss-laravel/app/Models/CountriesModel.php(27): CodeIgniter\Model->__call('get', Array)
#7 /var/www/html/mofuss/WebBasedMofuss/SistemaWeb/mofuss-laravel/app/Controllers/Webmofuss.php(12): App\Models\CountriesModel->getdatosvisible()
#8 /var/www/html/mofuss/WebBasedMofuss/SistemaWeb/mofuss-laravel/system/CodeIgniter.php(847): App\Controllers\Webmofuss->index()
#9 /var/www/html/mofuss/WebBasedMofuss/SistemaWeb/mofuss-laravel/system/CodeIgniter.php(338): CodeIgniter\CodeIgniter->runController(Object(App\Controllers\Webmofuss))
#10 /var/www/html/mofuss/WebBasedMofuss/SistemaWeb/mofuss-laravel/system/CodeIgniter.php(246): CodeIgniter\CodeIgniter->handleRequest(NULL, Object(Config\Cache), false)
#11 /var/www/html/mofuss/WebBasedMofuss/SistemaWeb/mofuss-laravel/index.php(45): CodeIgniter\CodeIgniter->run()
#12 {main}
CRITICAL - 2020-05-27 14:27:02 --> pg_connect(): Unable to connect to PostgreSQL server: could not connect to server: Connection timed out
	Is the server running on host &quot;192.168.10.11&quot; and accepting
	TCP/IP connections on port 5432?
#0 [internal function]: CodeIgniter\Debug\Exceptions->errorHandler(2, 'pg_connect(): U...', '/var/www/html/m...', 98, Array)
#1 /var/www/html/mofuss/WebBasedMofuss/SistemaWeb/mofuss-laravel/system/Database/Postgre/Connection.php(98): pg_connect('host=192.168.10...')
#2 /var/www/html/mofuss/WebBasedMofuss/SistemaWeb/mofuss-laravel/system/Database/BaseConnection.php(377): CodeIgniter\Database\Postgre\Connection->connect(false)
#3 /var/www/html/mofuss/WebBasedMofuss/SistemaWeb/mofuss-laravel/system/Database/BaseConnection.php(643): CodeIgniter\Database\BaseConnection->initialize()
#4 /var/www/html/mofuss/WebBasedMofuss/SistemaWeb/mofuss-laravel/system/Database/BaseBuilder.php(1819): CodeIgniter\Database\BaseConnection->query('SELECT *\nFROM "...', Array, false)
#5 /var/www/html/mofuss/WebBasedMofuss/SistemaWeb/mofuss-laravel/system/Model.php(1701): CodeIgniter\Database\BaseBuilder->get()
#6 /var/www/html/mofuss/WebBasedMofuss/SistemaWeb/mofuss-laravel/app/Models/CountriesModel.php(27): CodeIgniter\Model->__call('get', Array)
#7 /var/www/html/mofuss/WebBasedMofuss/SistemaWeb/mofuss-laravel/app/Controllers/Webmofuss.php(12): App\Models\CountriesModel->getdatosvisible()
#8 /var/www/html/mofuss/WebBasedMofuss/SistemaWeb/mofuss-laravel/system/CodeIgniter.php(847): App\Controllers\Webmofuss->index()
#9 /var/www/html/mofuss/WebBasedMofuss/SistemaWeb/mofuss-laravel/system/CodeIgniter.php(338): CodeIgniter\CodeIgniter->runController(Object(App\Controllers\Webmofuss))
#10 /var/www/html/mofuss/WebBasedMofuss/SistemaWeb/mofuss-laravel/system/CodeIgniter.php(246): CodeIgniter\CodeIgniter->handleRequest(NULL, Object(Config\Cache), false)
#11 /var/www/html/mofuss/WebBasedMofuss/SistemaWeb/mofuss-laravel/index.php(45): CodeIgniter\CodeIgniter->run()
#12 {main}
CRITICAL - 2020-05-27 14:33:48 --> pg_connect(): Unable to connect to PostgreSQL server: could not connect to server: Connection timed out
	Is the server running on host &quot;192.168.10.11&quot; and accepting
	TCP/IP connections on port 5432?
#0 [internal function]: CodeIgniter\Debug\Exceptions->errorHandler(2, 'pg_connect(): U...', '/var/www/html/m...', 98, Array)
#1 /var/www/html/mofuss/WebBasedMofuss/SistemaWeb/mofuss-laravel/system/Database/Postgre/Connection.php(98): pg_connect('host=192.168.10...')
#2 /var/www/html/mofuss/WebBasedMofuss/SistemaWeb/mofuss-laravel/system/Database/BaseConnection.php(377): CodeIgniter\Database\Postgre\Connection->connect(false)
#3 /var/www/html/mofuss/WebBasedMofuss/SistemaWeb/mofuss-laravel/system/Database/BaseConnection.php(643): CodeIgniter\Database\BaseConnection->initialize()
#4 /var/www/html/mofuss/WebBasedMofuss/SistemaWeb/mofuss-laravel/system/Database/BaseBuilder.php(1819): CodeIgniter\Database\BaseConnection->query('SELECT *\nFROM "...', Array, false)
#5 /var/www/html/mofuss/WebBasedMofuss/SistemaWeb/mofuss-laravel/system/Model.php(1701): CodeIgniter\Database\BaseBuilder->get()
#6 /var/www/html/mofuss/WebBasedMofuss/SistemaWeb/mofuss-laravel/app/Models/CountriesModel.php(27): CodeIgniter\Model->__call('get', Array)
#7 /var/www/html/mofuss/WebBasedMofuss/SistemaWeb/mofuss-laravel/app/Controllers/Webmofuss.php(12): App\Models\CountriesModel->getdatosvisible()
#8 /var/www/html/mofuss/WebBasedMofuss/SistemaWeb/mofuss-laravel/system/CodeIgniter.php(847): App\Controllers\Webmofuss->index()
#9 /var/www/html/mofuss/WebBasedMofuss/SistemaWeb/mofuss-laravel/system/CodeIgniter.php(338): CodeIgniter\CodeIgniter->runController(Object(App\Controllers\Webmofuss))
#10 /var/www/html/mofuss/WebBasedMofuss/SistemaWeb/mofuss-laravel/system/CodeIgniter.php(246): CodeIgniter\CodeIgniter->handleRequest(NULL, Object(Config\Cache), false)
#11 /var/www/html/mofuss/WebBasedMofuss/SistemaWeb/mofuss-laravel/index.php(45): CodeIgniter\CodeIgniter->run()
#12 {main}
CRITICAL - 2020-05-27 15:08:33 --> pg_connect(): Unable to connect to PostgreSQL server: FATAL:  Ident authentication failed for user &quot;homestead&quot;
#0 [internal function]: CodeIgniter\Debug\Exceptions->errorHandler(2, 'pg_connect(): U...', '/var/www/html/m...', 98, Array)
#1 /var/www/html/mofuss/WebBasedMofuss/SistemaWeb/mofuss-laravel/system/Database/Postgre/Connection.php(98): pg_connect('host=localhost ...')
#2 /var/www/html/mofuss/WebBasedMofuss/SistemaWeb/mofuss-laravel/system/Database/BaseConnection.php(377): CodeIgniter\Database\Postgre\Connection->connect(false)
#3 /var/www/html/mofuss/WebBasedMofuss/SistemaWeb/mofuss-laravel/system/Database/BaseConnection.php(643): CodeIgniter\Database\BaseConnection->initialize()
#4 /var/www/html/mofuss/WebBasedMofuss/SistemaWeb/mofuss-laravel/system/Database/BaseBuilder.php(1819): CodeIgniter\Database\BaseConnection->query('SELECT *\nFROM "...', Array, false)
#5 /var/www/html/mofuss/WebBasedMofuss/SistemaWeb/mofuss-laravel/system/Model.php(1701): CodeIgniter\Database\BaseBuilder->get()
#6 /var/www/html/mofuss/WebBasedMofuss/SistemaWeb/mofuss-laravel/app/Models/CountriesModel.php(27): CodeIgniter\Model->__call('get', Array)
#7 /var/www/html/mofuss/WebBasedMofuss/SistemaWeb/mofuss-laravel/app/Controllers/Webmofuss.php(12): App\Models\CountriesModel->getdatosvisible()
#8 /var/www/html/mofuss/WebBasedMofuss/SistemaWeb/mofuss-laravel/system/CodeIgniter.php(847): App\Controllers\Webmofuss->index()
#9 /var/www/html/mofuss/WebBasedMofuss/SistemaWeb/mofuss-laravel/system/CodeIgniter.php(338): CodeIgniter\CodeIgniter->runController(Object(App\Controllers\Webmofuss))
#10 /var/www/html/mofuss/WebBasedMofuss/SistemaWeb/mofuss-laravel/system/CodeIgniter.php(246): CodeIgniter\CodeIgniter->handleRequest(NULL, Object(Config\Cache), false)
#11 /var/www/html/mofuss/WebBasedMofuss/SistemaWeb/mofuss-laravel/index.php(45): CodeIgniter\CodeIgniter->run()
#12 {main}
CRITICAL - 2020-05-27 15:09:26 --> pg_connect(): Unable to connect to PostgreSQL server: could not connect to server: Connection timed out
	Is the server running on host &quot;192.168.10.11&quot; and accepting
	TCP/IP connections on port 5432?
#0 [internal function]: CodeIgniter\Debug\Exceptions->errorHandler(2, 'pg_connect(): U...', '/var/www/html/m...', 98, Array)
#1 /var/www/html/mofuss/WebBasedMofuss/SistemaWeb/mofuss-laravel/system/Database/Postgre/Connection.php(98): pg_connect('host=192.168.10...')
#2 /var/www/html/mofuss/WebBasedMofuss/SistemaWeb/mofuss-laravel/system/Database/BaseConnection.php(377): CodeIgniter\Database\Postgre\Connection->connect(false)
#3 /var/www/html/mofuss/WebBasedMofuss/SistemaWeb/mofuss-laravel/system/Database/BaseConnection.php(643): CodeIgniter\Database\BaseConnection->initialize()
#4 /var/www/html/mofuss/WebBasedMofuss/SistemaWeb/mofuss-laravel/system/Database/BaseBuilder.php(1819): CodeIgniter\Database\BaseConnection->query('SELECT *\nFROM "...', Array, false)
#5 /var/www/html/mofuss/WebBasedMofuss/SistemaWeb/mofuss-laravel/system/Model.php(1701): CodeIgniter\Database\BaseBuilder->get()
#6 /var/www/html/mofuss/WebBasedMofuss/SistemaWeb/mofuss-laravel/app/Models/CountriesModel.php(27): CodeIgniter\Model->__call('get', Array)
#7 /var/www/html/mofuss/WebBasedMofuss/SistemaWeb/mofuss-laravel/app/Controllers/Webmofuss.php(12): App\Models\CountriesModel->getdatosvisible()
#8 /var/www/html/mofuss/WebBasedMofuss/SistemaWeb/mofuss-laravel/system/CodeIgniter.php(847): App\Controllers\Webmofuss->index()
#9 /var/www/html/mofuss/WebBasedMofuss/SistemaWeb/mofuss-laravel/system/CodeIgniter.php(338): CodeIgniter\CodeIgniter->runController(Object(App\Controllers\Webmofuss))
#10 /var/www/html/mofuss/WebBasedMofuss/SistemaWeb/mofuss-laravel/system/CodeIgniter.php(246): CodeIgniter\CodeIgniter->handleRequest(NULL, Object(Config\Cache), false)
#11 /var/www/html/mofuss/WebBasedMofuss/SistemaWeb/mofuss-laravel/index.php(45): CodeIgniter\CodeIgniter->run()
#12 {main}
CRITICAL - 2020-05-27 15:10:07 --> pg_connect(): Unable to connect to PostgreSQL server: could not connect to server: Connection timed out
	Is the server running on host &quot;192.168.10.10&quot; and accepting
	TCP/IP connections on port 5432?
#0 [internal function]: CodeIgniter\Debug\Exceptions->errorHandler(2, 'pg_connect(): U...', '/var/www/html/m...', 98, Array)
#1 /var/www/html/mofuss/WebBasedMofuss/SistemaWeb/mofuss-laravel/system/Database/Postgre/Connection.php(98): pg_connect('host=192.168.10...')
#2 /var/www/html/mofuss/WebBasedMofuss/SistemaWeb/mofuss-laravel/system/Database/BaseConnection.php(377): CodeIgniter\Database\Postgre\Connection->connect(false)
#3 /var/www/html/mofuss/WebBasedMofuss/SistemaWeb/mofuss-laravel/system/Database/BaseConnection.php(643): CodeIgniter\Database\BaseConnection->initialize()
#4 /var/www/html/mofuss/WebBasedMofuss/SistemaWeb/mofuss-laravel/system/Database/BaseBuilder.php(1819): CodeIgniter\Database\BaseConnection->query('SELECT *\nFROM "...', Array, false)
#5 /var/www/html/mofuss/WebBasedMofuss/SistemaWeb/mofuss-laravel/system/Model.php(1701): CodeIgniter\Database\BaseBuilder->get()
#6 /var/www/html/mofuss/WebBasedMofuss/SistemaWeb/mofuss-laravel/app/Models/CountriesModel.php(27): CodeIgniter\Model->__call('get', Array)
#7 /var/www/html/mofuss/WebBasedMofuss/SistemaWeb/mofuss-laravel/app/Controllers/Webmofuss.php(12): App\Models\CountriesModel->getdatosvisible()
#8 /var/www/html/mofuss/WebBasedMofuss/SistemaWeb/mofuss-laravel/system/CodeIgniter.php(847): App\Controllers\Webmofuss->index()
#9 /var/www/html/mofuss/WebBasedMofuss/SistemaWeb/mofuss-laravel/system/CodeIgniter.php(338): CodeIgniter\CodeIgniter->runController(Object(App\Controllers\Webmofuss))
#10 /var/www/html/mofuss/WebBasedMofuss/SistemaWeb/mofuss-laravel/system/CodeIgniter.php(246): CodeIgniter\CodeIgniter->handleRequest(NULL, Object(Config\Cache), false)
#11 /var/www/html/mofuss/WebBasedMofuss/SistemaWeb/mofuss-laravel/index.php(45): CodeIgniter\CodeIgniter->run()
#12 {main}
CRITICAL - 2020-05-27 17:09:35 --> pg_connect(): Unable to connect to PostgreSQL server: could not connect to server: Connection timed out
	Is the server running on host &quot;192.168.10.11&quot; and accepting
	TCP/IP connections on port 5432?
#0 [internal function]: CodeIgniter\Debug\Exceptions->errorHandler(2, 'pg_connect(): U...', '/var/www/html/m...', 98, Array)
#1 /var/www/html/mofuss/WebBasedMofuss/SistemaWeb/mofuss-laravel/system/Database/Postgre/Connection.php(98): pg_connect('host=192.168.10...')
#2 /var/www/html/mofuss/WebBasedMofuss/SistemaWeb/mofuss-laravel/system/Database/BaseConnection.php(377): CodeIgniter\Database\Postgre\Connection->connect(false)
#3 /var/www/html/mofuss/WebBasedMofuss/SistemaWeb/mofuss-laravel/system/Database/BaseConnection.php(643): CodeIgniter\Database\BaseConnection->initialize()
#4 /var/www/html/mofuss/WebBasedMofuss/SistemaWeb/mofuss-laravel/system/Database/BaseBuilder.php(1819): CodeIgniter\Database\BaseConnection->query('SELECT *\nFROM "...', Array, false)
#5 /var/www/html/mofuss/WebBasedMofuss/SistemaWeb/mofuss-laravel/system/Model.php(1701): CodeIgniter\Database\BaseBuilder->get()
#6 /var/www/html/mofuss/WebBasedMofuss/SistemaWeb/mofuss-laravel/app/Models/CountriesModel.php(32): CodeIgniter\Model->__call('get', Array)
#7 /var/www/html/mofuss/WebBasedMofuss/SistemaWeb/mofuss-laravel/app/Controllers/Dashboard.php(116): App\Models\CountriesModel->getdato(Array)
#8 /var/www/html/mofuss/WebBasedMofuss/SistemaWeb/mofuss-laravel/system/CodeIgniter.php(847): App\Controllers\Dashboard->country('ZM')
#9 /var/www/html/mofuss/WebBasedMofuss/SistemaWeb/mofuss-laravel/system/CodeIgniter.php(338): CodeIgniter\CodeIgniter->runController(Object(App\Controllers\Dashboard))
#10 /var/www/html/mofuss/WebBasedMofuss/SistemaWeb/mofuss-laravel/system/CodeIgniter.php(246): CodeIgniter\CodeIgniter->handleRequest(NULL, Object(Config\Cache), false)
#11 /var/www/html/mofuss/WebBasedMofuss/SistemaWeb/mofuss-laravel/index.php(45): CodeIgniter\CodeIgniter->run()
#12 {main}
CRITICAL - 2020-05-27 17:09:55 --> pg_connect(): Unable to connect to PostgreSQL server: could not connect to server: Connection timed out
	Is the server running on host &quot;192.168.10.11&quot; and accepting
	TCP/IP connections on port 5432?
#0 [internal function]: CodeIgniter\Debug\Exceptions->errorHandler(2, 'pg_connect(): U...', '/var/www/html/m...', 98, Array)
#1 /var/www/html/mofuss/WebBasedMofuss/SistemaWeb/mofuss-laravel/system/Database/Postgre/Connection.php(98): pg_connect('host=192.168.10...')
#2 /var/www/html/mofuss/WebBasedMofuss/SistemaWeb/mofuss-laravel/system/Database/BaseConnection.php(377): CodeIgniter\Database\Postgre\Connection->connect(false)
#3 /var/www/html/mofuss/WebBasedMofuss/SistemaWeb/mofuss-laravel/system/Database/BaseConnection.php(643): CodeIgniter\Database\BaseConnection->initialize()
#4 /var/www/html/mofuss/WebBasedMofuss/SistemaWeb/mofuss-laravel/system/Database/BaseBuilder.php(1819): CodeIgniter\Database\BaseConnection->query('SELECT *\nFROM "...', Array, false)
#5 /var/www/html/mofuss/WebBasedMofuss/SistemaWeb/mofuss-laravel/system/Model.php(1701): CodeIgniter\Database\BaseBuilder->get()
#6 /var/www/html/mofuss/WebBasedMofuss/SistemaWeb/mofuss-laravel/app/Models/CountriesModel.php(32): CodeIgniter\Model->__call('get', Array)
#7 /var/www/html/mofuss/WebBasedMofuss/SistemaWeb/mofuss-laravel/app/Controllers/Dashboard.php(116): App\Models\CountriesModel->getdato(Array)
#8 /var/www/html/mofuss/WebBasedMofuss/SistemaWeb/mofuss-laravel/system/CodeIgniter.php(847): App\Controllers\Dashboard->country('ZM')
#9 /var/www/html/mofuss/WebBasedMofuss/SistemaWeb/mofuss-laravel/system/CodeIgniter.php(338): CodeIgniter\CodeIgniter->runController(Object(App\Controllers\Dashboard))
#10 /var/www/html/mofuss/WebBasedMofuss/SistemaWeb/mofuss-laravel/system/CodeIgniter.php(246): CodeIgniter\CodeIgniter->handleRequest(NULL, Object(Config\Cache), false)
#11 /var/www/html/mofuss/WebBasedMofuss/SistemaWeb/mofuss-laravel/index.php(45): CodeIgniter\CodeIgniter->run()
#12 {main}
