CRITICAL - 2020-05-26 20:21:59 --> Call to undefined function CodeIgniter\Database\MySQLi\mysqli_init()
#0 /var/www/html/mofuss/WebBasedMofuss/SistemaWeb/mofuss-laravel/system/Database/BaseConnection.php(377): CodeIgniter\Database\MySQLi\Connection->connect(false)
#1 /var/www/html/mofuss/WebBasedMofuss/SistemaWeb/mofuss-laravel/system/Database/BaseConnection.php(643): CodeIgniter\Database\BaseConnection->initialize()
#2 /var/www/html/mofuss/WebBasedMofuss/SistemaWeb/mofuss-laravel/system/Database/BaseBuilder.php(1819): CodeIgniter\Database\BaseConnection->query('SELECT *\nFROM `...', Array, false)
#3 /var/www/html/mofuss/WebBasedMofuss/SistemaWeb/mofuss-laravel/system/Model.php(1701): CodeIgniter\Database\BaseBuilder->get()
#4 /var/www/html/mofuss/WebBasedMofuss/SistemaWeb/mofuss-laravel/app/Models/CountriesModel.php(27): CodeIgniter\Model->__call('get', Array)
#5 /var/www/html/mofuss/WebBasedMofuss/SistemaWeb/mofuss-laravel/app/Controllers/Webmofuss.php(12): App\Models\CountriesModel->getdatosvisible()
#6 /var/www/html/mofuss/WebBasedMofuss/SistemaWeb/mofuss-laravel/system/CodeIgniter.php(847): App\Controllers\Webmofuss->index()
#7 /var/www/html/mofuss/WebBasedMofuss/SistemaWeb/mofuss-laravel/system/CodeIgniter.php(338): CodeIgniter\CodeIgniter->runController(Object(App\Controllers\Webmofuss))
#8 /var/www/html/mofuss/WebBasedMofuss/SistemaWeb/mofuss-laravel/system/CodeIgniter.php(246): CodeIgniter\CodeIgniter->handleRequest(NULL, Object(Config\Cache), false)
#9 /var/www/html/mofuss/WebBasedMofuss/SistemaWeb/mofuss-laravel/index.php(45): CodeIgniter\CodeIgniter->run()
#10 {main}
CRITICAL - 2020-05-26 20:22:17 --> Call to undefined function CodeIgniter\Database\MySQLi\mysqli_init()
#0 /var/www/html/mofuss/WebBasedMofuss/SistemaWeb/mofuss-laravel/system/Database/BaseConnection.php(377): CodeIgniter\Database\MySQLi\Connection->connect(false)
#1 /var/www/html/mofuss/WebBasedMofuss/SistemaWeb/mofuss-laravel/system/Database/BaseConnection.php(643): CodeIgniter\Database\BaseConnection->initialize()
#2 /var/www/html/mofuss/WebBasedMofuss/SistemaWeb/mofuss-laravel/system/Database/BaseBuilder.php(1819): CodeIgniter\Database\BaseConnection->query('SELECT *\nFROM `...', Array, false)
#3 /var/www/html/mofuss/WebBasedMofuss/SistemaWeb/mofuss-laravel/system/Model.php(1701): CodeIgniter\Database\BaseBuilder->get()
#4 /var/www/html/mofuss/WebBasedMofuss/SistemaWeb/mofuss-laravel/app/Models/CountriesModel.php(27): CodeIgniter\Model->__call('get', Array)
#5 /var/www/html/mofuss/WebBasedMofuss/SistemaWeb/mofuss-laravel/app/Controllers/Webmofuss.php(12): App\Models\CountriesModel->getdatosvisible()
#6 /var/www/html/mofuss/WebBasedMofuss/SistemaWeb/mofuss-laravel/system/CodeIgniter.php(847): App\Controllers\Webmofuss->index()
#7 /var/www/html/mofuss/WebBasedMofuss/SistemaWeb/mofuss-laravel/system/CodeIgniter.php(338): CodeIgniter\CodeIgniter->runController(Object(App\Controllers\Webmofuss))
#8 /var/www/html/mofuss/WebBasedMofuss/SistemaWeb/mofuss-laravel/system/CodeIgniter.php(246): CodeIgniter\CodeIgniter->handleRequest(NULL, Object(Config\Cache), false)
#9 /var/www/html/mofuss/WebBasedMofuss/SistemaWeb/mofuss-laravel/index.php(45): CodeIgniter\CodeIgniter->run()
#10 {main}
CRITICAL - 2020-05-26 20:22:33 --> Call to undefined function CodeIgniter\Database\MySQLi\mysqli_init()
#0 /var/www/html/mofuss/WebBasedMofuss/SistemaWeb/mofuss-laravel/system/Database/BaseConnection.php(377): CodeIgniter\Database\MySQLi\Connection->connect(false)
#1 /var/www/html/mofuss/WebBasedMofuss/SistemaWeb/mofuss-laravel/system/Database/BaseConnection.php(643): CodeIgniter\Database\BaseConnection->initialize()
#2 /var/www/html/mofuss/WebBasedMofuss/SistemaWeb/mofuss-laravel/system/Database/BaseBuilder.php(1819): CodeIgniter\Database\BaseConnection->query('SELECT *\nFROM `...', Array, false)
#3 /var/www/html/mofuss/WebBasedMofuss/SistemaWeb/mofuss-laravel/system/Model.php(1701): CodeIgniter\Database\BaseBuilder->get()
#4 /var/www/html/mofuss/WebBasedMofuss/SistemaWeb/mofuss-laravel/app/Models/CountriesModel.php(27): CodeIgniter\Model->__call('get', Array)
#5 /var/www/html/mofuss/WebBasedMofuss/SistemaWeb/mofuss-laravel/app/Controllers/Webmofuss.php(12): App\Models\CountriesModel->getdatosvisible()
#6 /var/www/html/mofuss/WebBasedMofuss/SistemaWeb/mofuss-laravel/system/CodeIgniter.php(847): App\Controllers\Webmofuss->index()
#7 /var/www/html/mofuss/WebBasedMofuss/SistemaWeb/mofuss-laravel/system/CodeIgniter.php(338): CodeIgniter\CodeIgniter->runController(Object(App\Controllers\Webmofuss))
#8 /var/www/html/mofuss/WebBasedMofuss/SistemaWeb/mofuss-laravel/system/CodeIgniter.php(246): CodeIgniter\CodeIgniter->handleRequest(NULL, Object(Config\Cache), false)
#9 /var/www/html/mofuss/WebBasedMofuss/SistemaWeb/mofuss-laravel/index.php(45): CodeIgniter\CodeIgniter->run()
#10 {main}
CRITICAL - 2020-05-26 20:23:18 --> Call to undefined function CodeIgniter\Database\MySQLi\mysqli_init()
#0 /var/www/html/mofuss/WebBasedMofuss/SistemaWeb/mofuss-laravel/system/Database/BaseConnection.php(377): CodeIgniter\Database\MySQLi\Connection->connect(false)
#1 /var/www/html/mofuss/WebBasedMofuss/SistemaWeb/mofuss-laravel/system/Database/BaseConnection.php(643): CodeIgniter\Database\BaseConnection->initialize()
#2 /var/www/html/mofuss/WebBasedMofuss/SistemaWeb/mofuss-laravel/system/Database/BaseBuilder.php(1819): CodeIgniter\Database\BaseConnection->query('SELECT *\nFROM `...', Array, false)
#3 /var/www/html/mofuss/WebBasedMofuss/SistemaWeb/mofuss-laravel/system/Model.php(1701): CodeIgniter\Database\BaseBuilder->get()
#4 /var/www/html/mofuss/WebBasedMofuss/SistemaWeb/mofuss-laravel/app/Models/CountriesModel.php(27): CodeIgniter\Model->__call('get', Array)
#5 /var/www/html/mofuss/WebBasedMofuss/SistemaWeb/mofuss-laravel/app/Controllers/Webmofuss.php(12): App\Models\CountriesModel->getdatosvisible()
#6 /var/www/html/mofuss/WebBasedMofuss/SistemaWeb/mofuss-laravel/system/CodeIgniter.php(847): App\Controllers\Webmofuss->index()
#7 /var/www/html/mofuss/WebBasedMofuss/SistemaWeb/mofuss-laravel/system/CodeIgniter.php(338): CodeIgniter\CodeIgniter->runController(Object(App\Controllers\Webmofuss))
#8 /var/www/html/mofuss/WebBasedMofuss/SistemaWeb/mofuss-laravel/system/CodeIgniter.php(246): CodeIgniter\CodeIgniter->handleRequest(NULL, Object(Config\Cache), false)
#9 /var/www/html/mofuss/WebBasedMofuss/SistemaWeb/mofuss-laravel/index.php(45): CodeIgniter\CodeIgniter->run()
#10 {main}
CRITICAL - 2020-05-26 20:25:20 --> pg_connect(): Unable to connect to PostgreSQL server: FATAL:  Ident authentication failed for user &quot;homestead&quot;
#0 [internal function]: CodeIgniter\Debug\Exceptions->errorHandler(2, 'pg_connect(): U...', '/var/www/html/m...', 98, Array)
#1 /var/www/html/mofuss/WebBasedMofuss/SistemaWeb/mofuss-laravel/system/Database/Postgre/Connection.php(98): pg_connect('host=localhost ...')
#2 /var/www/html/mofuss/WebBasedMofuss/SistemaWeb/mofuss-laravel/system/Database/BaseConnection.php(377): CodeIgniter\Database\Postgre\Connection->connect(false)
#3 /var/www/html/mofuss/WebBasedMofuss/SistemaWeb/mofuss-laravel/system/Database/BaseConnection.php(643): CodeIgniter\Database\BaseConnection->initialize()
#4 /var/www/html/mofuss/WebBasedMofuss/SistemaWeb/mofuss-laravel/system/Database/BaseBuilder.php(1819): CodeIgniter\Database\BaseConnection->query('SELECT *\nFROM "...', Array, false)
#5 /var/www/html/mofuss/WebBasedMofuss/SistemaWeb/mofuss-laravel/system/Model.php(1701): CodeIgniter\Database\BaseBuilder->get()
#6 /var/www/html/mofuss/WebBasedMofuss/SistemaWeb/mofuss-laravel/app/Models/CountriesModel.php(27): CodeIgniter\Model->__call('get', Array)
#7 /var/www/html/mofuss/WebBasedMofuss/SistemaWeb/mofuss-laravel/app/Controllers/Webmofuss.php(12): App\Models\CountriesModel->getdatosvisible()
#8 /var/www/html/mofuss/WebBasedMofuss/SistemaWeb/mofuss-laravel/system/CodeIgniter.php(847): App\Controllers\Webmofuss->index()
#9 /var/www/html/mofuss/WebBasedMofuss/SistemaWeb/mofuss-laravel/system/CodeIgniter.php(338): CodeIgniter\CodeIgniter->runController(Object(App\Controllers\Webmofuss))
#10 /var/www/html/mofuss/WebBasedMofuss/SistemaWeb/mofuss-laravel/system/CodeIgniter.php(246): CodeIgniter\CodeIgniter->handleRequest(NULL, Object(Config\Cache), false)
#11 /var/www/html/mofuss/WebBasedMofuss/SistemaWeb/mofuss-laravel/index.php(45): CodeIgniter\CodeIgniter->run()
#12 {main}
CRITICAL - 2020-05-26 20:25:51 --> pg_connect(): Unable to connect to PostgreSQL server: FATAL:  Ident authentication failed for user &quot;homestead&quot;
#0 [internal function]: CodeIgniter\Debug\Exceptions->errorHandler(2, 'pg_connect(): U...', '/var/www/html/m...', 98, Array)
#1 /var/www/html/mofuss/WebBasedMofuss/SistemaWeb/mofuss-laravel/system/Database/Postgre/Connection.php(98): pg_connect('host=localhost ...')
#2 /var/www/html/mofuss/WebBasedMofuss/SistemaWeb/mofuss-laravel/system/Database/BaseConnection.php(377): CodeIgniter\Database\Postgre\Connection->connect(false)
#3 /var/www/html/mofuss/WebBasedMofuss/SistemaWeb/mofuss-laravel/system/Database/BaseConnection.php(643): CodeIgniter\Database\BaseConnection->initialize()
#4 /var/www/html/mofuss/WebBasedMofuss/SistemaWeb/mofuss-laravel/system/Database/BaseBuilder.php(1819): CodeIgniter\Database\BaseConnection->query('SELECT *\nFROM "...', Array, false)
#5 /var/www/html/mofuss/WebBasedMofuss/SistemaWeb/mofuss-laravel/system/Model.php(1701): CodeIgniter\Database\BaseBuilder->get()
#6 /var/www/html/mofuss/WebBasedMofuss/SistemaWeb/mofuss-laravel/app/Models/CountriesModel.php(27): CodeIgniter\Model->__call('get', Array)
#7 /var/www/html/mofuss/WebBasedMofuss/SistemaWeb/mofuss-laravel/app/Controllers/Webmofuss.php(12): App\Models\CountriesModel->getdatosvisible()
#8 /var/www/html/mofuss/WebBasedMofuss/SistemaWeb/mofuss-laravel/system/CodeIgniter.php(847): App\Controllers\Webmofuss->index()
#9 /var/www/html/mofuss/WebBasedMofuss/SistemaWeb/mofuss-laravel/system/CodeIgniter.php(338): CodeIgniter\CodeIgniter->runController(Object(App\Controllers\Webmofuss))
#10 /var/www/html/mofuss/WebBasedMofuss/SistemaWeb/mofuss-laravel/system/CodeIgniter.php(246): CodeIgniter\CodeIgniter->handleRequest(NULL, Object(Config\Cache), false)
#11 /var/www/html/mofuss/WebBasedMofuss/SistemaWeb/mofuss-laravel/index.php(45): CodeIgniter\CodeIgniter->run()
#12 {main}
CRITICAL - 2020-05-26 20:27:57 --> pg_connect(): Unable to connect to PostgreSQL server: could not connect to server: Connection refused
	Is the server running on host &quot;132.247.186.48&quot; and accepting
	TCP/IP connections on port 5432?
#0 [internal function]: CodeIgniter\Debug\Exceptions->errorHandler(2, 'pg_connect(): U...', '/var/www/html/m...', 98, Array)
#1 /var/www/html/mofuss/WebBasedMofuss/SistemaWeb/mofuss-laravel/system/Database/Postgre/Connection.php(98): pg_connect('host=132.247.18...')
#2 /var/www/html/mofuss/WebBasedMofuss/SistemaWeb/mofuss-laravel/system/Database/BaseConnection.php(377): CodeIgniter\Database\Postgre\Connection->connect(false)
#3 /var/www/html/mofuss/WebBasedMofuss/SistemaWeb/mofuss-laravel/system/Database/BaseConnection.php(643): CodeIgniter\Database\BaseConnection->initialize()
#4 /var/www/html/mofuss/WebBasedMofuss/SistemaWeb/mofuss-laravel/system/Database/BaseBuilder.php(1819): CodeIgniter\Database\BaseConnection->query('SELECT *\nFROM "...', Array, false)
#5 /var/www/html/mofuss/WebBasedMofuss/SistemaWeb/mofuss-laravel/system/Model.php(1701): CodeIgniter\Database\BaseBuilder->get()
#6 /var/www/html/mofuss/WebBasedMofuss/SistemaWeb/mofuss-laravel/app/Models/CountriesModel.php(27): CodeIgniter\Model->__call('get', Array)
#7 /var/www/html/mofuss/WebBasedMofuss/SistemaWeb/mofuss-laravel/app/Controllers/Webmofuss.php(12): App\Models\CountriesModel->getdatosvisible()
#8 /var/www/html/mofuss/WebBasedMofuss/SistemaWeb/mofuss-laravel/system/CodeIgniter.php(847): App\Controllers\Webmofuss->index()
#9 /var/www/html/mofuss/WebBasedMofuss/SistemaWeb/mofuss-laravel/system/CodeIgniter.php(338): CodeIgniter\CodeIgniter->runController(Object(App\Controllers\Webmofuss))
#10 /var/www/html/mofuss/WebBasedMofuss/SistemaWeb/mofuss-laravel/system/CodeIgniter.php(246): CodeIgniter\CodeIgniter->handleRequest(NULL, Object(Config\Cache), false)
#11 /var/www/html/mofuss/WebBasedMofuss/SistemaWeb/mofuss-laravel/index.php(45): CodeIgniter\CodeIgniter->run()
#12 {main}
CRITICAL - 2020-05-26 20:28:25 --> pg_connect(): Unable to connect to PostgreSQL server: could not connect to server: Connection refused
	Is the server running on host &quot;132.247.186.48&quot; and accepting
	TCP/IP connections on port 5432?
#0 [internal function]: CodeIgniter\Debug\Exceptions->errorHandler(2, 'pg_connect(): U...', '/var/www/html/m...', 98, Array)
#1 /var/www/html/mofuss/WebBasedMofuss/SistemaWeb/mofuss-laravel/system/Database/Postgre/Connection.php(98): pg_connect('host=132.247.18...')
#2 /var/www/html/mofuss/WebBasedMofuss/SistemaWeb/mofuss-laravel/system/Database/BaseConnection.php(377): CodeIgniter\Database\Postgre\Connection->connect(false)
#3 /var/www/html/mofuss/WebBasedMofuss/SistemaWeb/mofuss-laravel/system/Database/BaseConnection.php(643): CodeIgniter\Database\BaseConnection->initialize()
#4 /var/www/html/mofuss/WebBasedMofuss/SistemaWeb/mofuss-laravel/system/Database/BaseBuilder.php(1819): CodeIgniter\Database\BaseConnection->query('SELECT *\nFROM "...', Array, false)
#5 /var/www/html/mofuss/WebBasedMofuss/SistemaWeb/mofuss-laravel/system/Model.php(1701): CodeIgniter\Database\BaseBuilder->get()
#6 /var/www/html/mofuss/WebBasedMofuss/SistemaWeb/mofuss-laravel/app/Models/CountriesModel.php(27): CodeIgniter\Model->__call('get', Array)
#7 /var/www/html/mofuss/WebBasedMofuss/SistemaWeb/mofuss-laravel/app/Controllers/Webmofuss.php(12): App\Models\CountriesModel->getdatosvisible()
#8 /var/www/html/mofuss/WebBasedMofuss/SistemaWeb/mofuss-laravel/system/CodeIgniter.php(847): App\Controllers\Webmofuss->index()
#9 /var/www/html/mofuss/WebBasedMofuss/SistemaWeb/mofuss-laravel/system/CodeIgniter.php(338): CodeIgniter\CodeIgniter->runController(Object(App\Controllers\Webmofuss))
#10 /var/www/html/mofuss/WebBasedMofuss/SistemaWeb/mofuss-laravel/system/CodeIgniter.php(246): CodeIgniter\CodeIgniter->handleRequest(NULL, Object(Config\Cache), false)
#11 /var/www/html/mofuss/WebBasedMofuss/SistemaWeb/mofuss-laravel/index.php(45): CodeIgniter\CodeIgniter->run()
#12 {main}
CRITICAL - 2020-05-26 20:31:59 --> pg_connect(): Unable to connect to PostgreSQL server: could not connect to server: Connection timed out
	Is the server running on host &quot;192.168.10.11&quot; and accepting
	TCP/IP connections on port 5432?
#0 [internal function]: CodeIgniter\Debug\Exceptions->errorHandler(2, 'pg_connect(): U...', '/var/www/html/m...', 98, Array)
#1 /var/www/html/mofuss/WebBasedMofuss/SistemaWeb/mofuss-laravel/system/Database/Postgre/Connection.php(98): pg_connect('host=192.168.10...')
#2 /var/www/html/mofuss/WebBasedMofuss/SistemaWeb/mofuss-laravel/system/Database/BaseConnection.php(377): CodeIgniter\Database\Postgre\Connection->connect(false)
#3 /var/www/html/mofuss/WebBasedMofuss/SistemaWeb/mofuss-laravel/system/Database/BaseConnection.php(643): CodeIgniter\Database\BaseConnection->initialize()
#4 /var/www/html/mofuss/WebBasedMofuss/SistemaWeb/mofuss-laravel/system/Database/BaseBuilder.php(1819): CodeIgniter\Database\BaseConnection->query('SELECT *\nFROM "...', Array, false)
#5 /var/www/html/mofuss/WebBasedMofuss/SistemaWeb/mofuss-laravel/system/Model.php(1701): CodeIgniter\Database\BaseBuilder->get()
#6 /var/www/html/mofuss/WebBasedMofuss/SistemaWeb/mofuss-laravel/app/Models/CountriesModel.php(27): CodeIgniter\Model->__call('get', Array)
#7 /var/www/html/mofuss/WebBasedMofuss/SistemaWeb/mofuss-laravel/app/Controllers/Webmofuss.php(12): App\Models\CountriesModel->getdatosvisible()
#8 /var/www/html/mofuss/WebBasedMofuss/SistemaWeb/mofuss-laravel/system/CodeIgniter.php(847): App\Controllers\Webmofuss->index()
#9 /var/www/html/mofuss/WebBasedMofuss/SistemaWeb/mofuss-laravel/system/CodeIgniter.php(338): CodeIgniter\CodeIgniter->runController(Object(App\Controllers\Webmofuss))
#10 /var/www/html/mofuss/WebBasedMofuss/SistemaWeb/mofuss-laravel/system/CodeIgniter.php(246): CodeIgniter\CodeIgniter->handleRequest(NULL, Object(Config\Cache), false)
#11 /var/www/html/mofuss/WebBasedMofuss/SistemaWeb/mofuss-laravel/index.php(45): CodeIgniter\CodeIgniter->run()
#12 {main}
CRITICAL - 2020-05-26 20:33:00 --> pg_connect(): Unable to connect to PostgreSQL server: FATAL:  Ident authentication failed for user &quot;homestead&quot;
#0 [internal function]: CodeIgniter\Debug\Exceptions->errorHandler(2, 'pg_connect(): U...', '/var/www/html/m...', 98, Array)
#1 /var/www/html/mofuss/WebBasedMofuss/SistemaWeb/mofuss-laravel/system/Database/Postgre/Connection.php(98): pg_connect('host=localhost ...')
#2 /var/www/html/mofuss/WebBasedMofuss/SistemaWeb/mofuss-laravel/system/Database/BaseConnection.php(377): CodeIgniter\Database\Postgre\Connection->connect(false)
#3 /var/www/html/mofuss/WebBasedMofuss/SistemaWeb/mofuss-laravel/system/Database/BaseConnection.php(643): CodeIgniter\Database\BaseConnection->initialize()
#4 /var/www/html/mofuss/WebBasedMofuss/SistemaWeb/mofuss-laravel/system/Database/BaseBuilder.php(1819): CodeIgniter\Database\BaseConnection->query('SELECT *\nFROM "...', Array, false)
#5 /var/www/html/mofuss/WebBasedMofuss/SistemaWeb/mofuss-laravel/system/Model.php(1701): CodeIgniter\Database\BaseBuilder->get()
#6 /var/www/html/mofuss/WebBasedMofuss/SistemaWeb/mofuss-laravel/app/Models/CountriesModel.php(27): CodeIgniter\Model->__call('get', Array)
#7 /var/www/html/mofuss/WebBasedMofuss/SistemaWeb/mofuss-laravel/app/Controllers/Webmofuss.php(12): App\Models\CountriesModel->getdatosvisible()
#8 /var/www/html/mofuss/WebBasedMofuss/SistemaWeb/mofuss-laravel/system/CodeIgniter.php(847): App\Controllers\Webmofuss->index()
#9 /var/www/html/mofuss/WebBasedMofuss/SistemaWeb/mofuss-laravel/system/CodeIgniter.php(338): CodeIgniter\CodeIgniter->runController(Object(App\Controllers\Webmofuss))
#10 /var/www/html/mofuss/WebBasedMofuss/SistemaWeb/mofuss-laravel/system/CodeIgniter.php(246): CodeIgniter\CodeIgniter->handleRequest(NULL, Object(Config\Cache), false)
#11 /var/www/html/mofuss/WebBasedMofuss/SistemaWeb/mofuss-laravel/index.php(45): CodeIgniter\CodeIgniter->run()
#12 {main}
CRITICAL - 2020-05-26 20:33:04 --> pg_connect(): Unable to connect to PostgreSQL server: could not connect to server: Connection timed out
	Is the server running on host &quot;192.168.10.11&quot; and accepting
	TCP/IP connections on port 5432?
#0 [internal function]: CodeIgniter\Debug\Exceptions->errorHandler(2, 'pg_connect(): U...', '/var/www/html/m...', 98, Array)
#1 /var/www/html/mofuss/WebBasedMofuss/SistemaWeb/mofuss-laravel/system/Database/Postgre/Connection.php(98): pg_connect('host=192.168.10...')
#2 /var/www/html/mofuss/WebBasedMofuss/SistemaWeb/mofuss-laravel/system/Database/BaseConnection.php(377): CodeIgniter\Database\Postgre\Connection->connect(false)
#3 /var/www/html/mofuss/WebBasedMofuss/SistemaWeb/mofuss-laravel/system/Database/BaseConnection.php(643): CodeIgniter\Database\BaseConnection->initialize()
#4 /var/www/html/mofuss/WebBasedMofuss/SistemaWeb/mofuss-laravel/system/Database/BaseBuilder.php(1819): CodeIgniter\Database\BaseConnection->query('SELECT *\nFROM "...', Array, false)
#5 /var/www/html/mofuss/WebBasedMofuss/SistemaWeb/mofuss-laravel/system/Model.php(1701): CodeIgniter\Database\BaseBuilder->get()
#6 /var/www/html/mofuss/WebBasedMofuss/SistemaWeb/mofuss-laravel/app/Models/CountriesModel.php(27): CodeIgniter\Model->__call('get', Array)
#7 /var/www/html/mofuss/WebBasedMofuss/SistemaWeb/mofuss-laravel/app/Controllers/Webmofuss.php(12): App\Models\CountriesModel->getdatosvisible()
#8 /var/www/html/mofuss/WebBasedMofuss/SistemaWeb/mofuss-laravel/system/CodeIgniter.php(847): App\Controllers\Webmofuss->index()
#9 /var/www/html/mofuss/WebBasedMofuss/SistemaWeb/mofuss-laravel/system/CodeIgniter.php(338): CodeIgniter\CodeIgniter->runController(Object(App\Controllers\Webmofuss))
#10 /var/www/html/mofuss/WebBasedMofuss/SistemaWeb/mofuss-laravel/system/CodeIgniter.php(246): CodeIgniter\CodeIgniter->handleRequest(NULL, Object(Config\Cache), false)
#11 /var/www/html/mofuss/WebBasedMofuss/SistemaWeb/mofuss-laravel/index.php(45): CodeIgniter\CodeIgniter->run()
#12 {main}
CRITICAL - 2020-05-26 20:53:17 --> pg_connect(): Unable to connect to PostgreSQL server: could not connect to server: Connection timed out
	Is the server running on host &quot;192.168.10.11&quot; and accepting
	TCP/IP connections on port 5432?
#0 [internal function]: CodeIgniter\Debug\Exceptions->errorHandler(2, 'pg_connect(): U...', '/var/www/html/m...', 98, Array)
#1 /var/www/html/mofuss/WebBasedMofuss/SistemaWeb/mofuss-laravel/system/Database/Postgre/Connection.php(98): pg_connect('host=192.168.10...')
#2 /var/www/html/mofuss/WebBasedMofuss/SistemaWeb/mofuss-laravel/system/Database/BaseConnection.php(377): CodeIgniter\Database\Postgre\Connection->connect(false)
#3 /var/www/html/mofuss/WebBasedMofuss/SistemaWeb/mofuss-laravel/system/Database/BaseConnection.php(643): CodeIgniter\Database\BaseConnection->initialize()
#4 /var/www/html/mofuss/WebBasedMofuss/SistemaWeb/mofuss-laravel/system/Database/BaseBuilder.php(1819): CodeIgniter\Database\BaseConnection->query('SELECT *\nFROM "...', Array, false)
#5 /var/www/html/mofuss/WebBasedMofuss/SistemaWeb/mofuss-laravel/system/Model.php(1701): CodeIgniter\Database\BaseBuilder->get()
#6 /var/www/html/mofuss/WebBasedMofuss/SistemaWeb/mofuss-laravel/app/Models/CountriesModel.php(27): CodeIgniter\Model->__call('get', Array)
#7 /var/www/html/mofuss/WebBasedMofuss/SistemaWeb/mofuss-laravel/app/Controllers/Webmofuss.php(12): App\Models\CountriesModel->getdatosvisible()
#8 /var/www/html/mofuss/WebBasedMofuss/SistemaWeb/mofuss-laravel/system/CodeIgniter.php(847): App\Controllers\Webmofuss->index()
#9 /var/www/html/mofuss/WebBasedMofuss/SistemaWeb/mofuss-laravel/system/CodeIgniter.php(338): CodeIgniter\CodeIgniter->runController(Object(App\Controllers\Webmofuss))
#10 /var/www/html/mofuss/WebBasedMofuss/SistemaWeb/mofuss-laravel/system/CodeIgniter.php(246): CodeIgniter\CodeIgniter->handleRequest(NULL, Object(Config\Cache), false)
#11 /var/www/html/mofuss/WebBasedMofuss/SistemaWeb/mofuss-laravel/index.php(45): CodeIgniter\CodeIgniter->run()
#12 {main}
CRITICAL - 2020-05-26 20:57:43 --> pg_connect(): Unable to connect to PostgreSQL server: could not connect to server: Connection timed out
	Is the server running on host &quot;192.168.10.11&quot; and accepting
	TCP/IP connections on port 5432?
#0 [internal function]: CodeIgniter\Debug\Exceptions->errorHandler(2, 'pg_connect(): U...', '/var/www/html/m...', 98, Array)
#1 /var/www/html/mofuss/WebBasedMofuss/SistemaWeb/mofuss-laravel/system/Database/Postgre/Connection.php(98): pg_connect('host=192.168.10...')
#2 /var/www/html/mofuss/WebBasedMofuss/SistemaWeb/mofuss-laravel/system/Database/BaseConnection.php(377): CodeIgniter\Database\Postgre\Connection->connect(false)
#3 /var/www/html/mofuss/WebBasedMofuss/SistemaWeb/mofuss-laravel/system/Database/BaseConnection.php(643): CodeIgniter\Database\BaseConnection->initialize()
#4 /var/www/html/mofuss/WebBasedMofuss/SistemaWeb/mofuss-laravel/system/Database/BaseBuilder.php(1819): CodeIgniter\Database\BaseConnection->query('SELECT *\nFROM "...', Array, false)
#5 /var/www/html/mofuss/WebBasedMofuss/SistemaWeb/mofuss-laravel/system/Model.php(1701): CodeIgniter\Database\BaseBuilder->get()
#6 /var/www/html/mofuss/WebBasedMofuss/SistemaWeb/mofuss-laravel/app/Models/CountriesModel.php(27): CodeIgniter\Model->__call('get', Array)
#7 /var/www/html/mofuss/WebBasedMofuss/SistemaWeb/mofuss-laravel/app/Controllers/Webmofuss.php(12): App\Models\CountriesModel->getdatosvisible()
#8 /var/www/html/mofuss/WebBasedMofuss/SistemaWeb/mofuss-laravel/system/CodeIgniter.php(847): App\Controllers\Webmofuss->index()
#9 /var/www/html/mofuss/WebBasedMofuss/SistemaWeb/mofuss-laravel/system/CodeIgniter.php(338): CodeIgniter\CodeIgniter->runController(Object(App\Controllers\Webmofuss))
#10 /var/www/html/mofuss/WebBasedMofuss/SistemaWeb/mofuss-laravel/system/CodeIgniter.php(246): CodeIgniter\CodeIgniter->handleRequest(NULL, Object(Config\Cache), false)
#11 /var/www/html/mofuss/WebBasedMofuss/SistemaWeb/mofuss-laravel/index.php(45): CodeIgniter\CodeIgniter->run()
#12 {main}
CRITICAL - 2020-05-26 21:04:57 --> pg_connect(): Unable to connect to PostgreSQL server: could not connect to server: Connection timed out
	Is the server running on host &quot;192.168.10.11&quot; and accepting
	TCP/IP connections on port 5432?
#0 [internal function]: CodeIgniter\Debug\Exceptions->errorHandler(2, 'pg_connect(): U...', '/var/www/html/m...', 98, Array)
#1 /var/www/html/mofuss/WebBasedMofuss/SistemaWeb/mofuss-laravel/system/Database/Postgre/Connection.php(98): pg_connect('host=192.168.10...')
#2 /var/www/html/mofuss/WebBasedMofuss/SistemaWeb/mofuss-laravel/system/Database/BaseConnection.php(377): CodeIgniter\Database\Postgre\Connection->connect(false)
#3 /var/www/html/mofuss/WebBasedMofuss/SistemaWeb/mofuss-laravel/system/Database/BaseConnection.php(643): CodeIgniter\Database\BaseConnection->initialize()
#4 /var/www/html/mofuss/WebBasedMofuss/SistemaWeb/mofuss-laravel/system/Database/BaseBuilder.php(1819): CodeIgniter\Database\BaseConnection->query('SELECT *\nFROM "...', Array, false)
#5 /var/www/html/mofuss/WebBasedMofuss/SistemaWeb/mofuss-laravel/system/Model.php(1701): CodeIgniter\Database\BaseBuilder->get()
#6 /var/www/html/mofuss/WebBasedMofuss/SistemaWeb/mofuss-laravel/app/Models/CountriesModel.php(27): CodeIgniter\Model->__call('get', Array)
#7 /var/www/html/mofuss/WebBasedMofuss/SistemaWeb/mofuss-laravel/app/Controllers/Webmofuss.php(12): App\Models\CountriesModel->getdatosvisible()
#8 /var/www/html/mofuss/WebBasedMofuss/SistemaWeb/mofuss-laravel/system/CodeIgniter.php(847): App\Controllers\Webmofuss->index()
#9 /var/www/html/mofuss/WebBasedMofuss/SistemaWeb/mofuss-laravel/system/CodeIgniter.php(338): CodeIgniter\CodeIgniter->runController(Object(App\Controllers\Webmofuss))
#10 /var/www/html/mofuss/WebBasedMofuss/SistemaWeb/mofuss-laravel/system/CodeIgniter.php(246): CodeIgniter\CodeIgniter->handleRequest(NULL, Object(Config\Cache), false)
#11 /var/www/html/mofuss/WebBasedMofuss/SistemaWeb/mofuss-laravel/index.php(45): CodeIgniter\CodeIgniter->run()
#12 {main}
CRITICAL - 2020-05-26 21:05:35 --> Call to undefined function CodeIgniter\Database\MySQLi\mysqli_init()
#0 /var/www/html/mofuss/WebBasedMofuss/SistemaWeb/mofuss-laravel/system/Database/BaseConnection.php(377): CodeIgniter\Database\MySQLi\Connection->connect(false)
#1 /var/www/html/mofuss/WebBasedMofuss/SistemaWeb/mofuss-laravel/system/Database/BaseConnection.php(643): CodeIgniter\Database\BaseConnection->initialize()
#2 /var/www/html/mofuss/WebBasedMofuss/SistemaWeb/mofuss-laravel/system/Database/BaseBuilder.php(1819): CodeIgniter\Database\BaseConnection->query('SELECT *\nFROM `...', Array, false)
#3 /var/www/html/mofuss/WebBasedMofuss/SistemaWeb/mofuss-laravel/system/Model.php(1701): CodeIgniter\Database\BaseBuilder->get()
#4 /var/www/html/mofuss/WebBasedMofuss/SistemaWeb/mofuss-laravel/app/Models/CountriesModel.php(27): CodeIgniter\Model->__call('get', Array)
#5 /var/www/html/mofuss/WebBasedMofuss/SistemaWeb/mofuss-laravel/app/Controllers/Webmofuss.php(12): App\Models\CountriesModel->getdatosvisible()
#6 /var/www/html/mofuss/WebBasedMofuss/SistemaWeb/mofuss-laravel/system/CodeIgniter.php(847): App\Controllers\Webmofuss->index()
#7 /var/www/html/mofuss/WebBasedMofuss/SistemaWeb/mofuss-laravel/system/CodeIgniter.php(338): CodeIgniter\CodeIgniter->runController(Object(App\Controllers\Webmofuss))
#8 /var/www/html/mofuss/WebBasedMofuss/SistemaWeb/mofuss-laravel/system/CodeIgniter.php(246): CodeIgniter\CodeIgniter->handleRequest(NULL, Object(Config\Cache), false)
#9 /var/www/html/mofuss/WebBasedMofuss/SistemaWeb/mofuss-laravel/index.php(45): CodeIgniter\CodeIgniter->run()
#10 {main}
CRITICAL - 2020-05-26 21:06:44 --> Call to undefined function CodeIgniter\Database\MySQLi\mysqli_init()
#0 /var/www/html/mofuss/WebBasedMofuss/SistemaWeb/mofuss-laravel/system/Database/BaseConnection.php(377): CodeIgniter\Database\MySQLi\Connection->connect(false)
#1 /var/www/html/mofuss/WebBasedMofuss/SistemaWeb/mofuss-laravel/system/Database/BaseConnection.php(643): CodeIgniter\Database\BaseConnection->initialize()
#2 /var/www/html/mofuss/WebBasedMofuss/SistemaWeb/mofuss-laravel/system/Database/BaseBuilder.php(1819): CodeIgniter\Database\BaseConnection->query('SELECT *\nFROM `...', Array, false)
#3 /var/www/html/mofuss/WebBasedMofuss/SistemaWeb/mofuss-laravel/system/Model.php(1701): CodeIgniter\Database\BaseBuilder->get()
#4 /var/www/html/mofuss/WebBasedMofuss/SistemaWeb/mofuss-laravel/app/Models/CountriesModel.php(27): CodeIgniter\Model->__call('get', Array)
#5 /var/www/html/mofuss/WebBasedMofuss/SistemaWeb/mofuss-laravel/app/Controllers/Webmofuss.php(12): App\Models\CountriesModel->getdatosvisible()
#6 /var/www/html/mofuss/WebBasedMofuss/SistemaWeb/mofuss-laravel/system/CodeIgniter.php(847): App\Controllers\Webmofuss->index()
#7 /var/www/html/mofuss/WebBasedMofuss/SistemaWeb/mofuss-laravel/system/CodeIgniter.php(338): CodeIgniter\CodeIgniter->runController(Object(App\Controllers\Webmofuss))
#8 /var/www/html/mofuss/WebBasedMofuss/SistemaWeb/mofuss-laravel/system/CodeIgniter.php(246): CodeIgniter\CodeIgniter->handleRequest(NULL, Object(Config\Cache), false)
#9 /var/www/html/mofuss/WebBasedMofuss/SistemaWeb/mofuss-laravel/index.php(45): CodeIgniter\CodeIgniter->run()
#10 {main}
CRITICAL - 2020-05-26 21:10:21 --> pg_connect(): Unable to connect to PostgreSQL server: could not connect to server: Connection timed out
	Is the server running on host &quot;192.168.10.10&quot; and accepting
	TCP/IP connections on port 5432?
#0 [internal function]: CodeIgniter\Debug\Exceptions->errorHandler(2, 'pg_connect(): U...', '/var/www/html/m...', 98, Array)
#1 /var/www/html/mofuss/WebBasedMofuss/SistemaWeb/mofuss-laravel/system/Database/Postgre/Connection.php(98): pg_connect('host=192.168.10...')
#2 /var/www/html/mofuss/WebBasedMofuss/SistemaWeb/mofuss-laravel/system/Database/BaseConnection.php(377): CodeIgniter\Database\Postgre\Connection->connect(false)
#3 /var/www/html/mofuss/WebBasedMofuss/SistemaWeb/mofuss-laravel/system/Database/BaseConnection.php(643): CodeIgniter\Database\BaseConnection->initialize()
#4 /var/www/html/mofuss/WebBasedMofuss/SistemaWeb/mofuss-laravel/system/Database/BaseBuilder.php(1819): CodeIgniter\Database\BaseConnection->query('SELECT *\nFROM "...', Array, false)
#5 /var/www/html/mofuss/WebBasedMofuss/SistemaWeb/mofuss-laravel/system/Model.php(1701): CodeIgniter\Database\BaseBuilder->get()
#6 /var/www/html/mofuss/WebBasedMofuss/SistemaWeb/mofuss-laravel/app/Models/CountriesModel.php(27): CodeIgniter\Model->__call('get', Array)
#7 /var/www/html/mofuss/WebBasedMofuss/SistemaWeb/mofuss-laravel/app/Controllers/Webmofuss.php(12): App\Models\CountriesModel->getdatosvisible()
#8 /var/www/html/mofuss/WebBasedMofuss/SistemaWeb/mofuss-laravel/system/CodeIgniter.php(847): App\Controllers\Webmofuss->index()
#9 /var/www/html/mofuss/WebBasedMofuss/SistemaWeb/mofuss-laravel/system/CodeIgniter.php(338): CodeIgniter\CodeIgniter->runController(Object(App\Controllers\Webmofuss))
#10 /var/www/html/mofuss/WebBasedMofuss/SistemaWeb/mofuss-laravel/system/CodeIgniter.php(246): CodeIgniter\CodeIgniter->handleRequest(NULL, Object(Config\Cache), false)
#11 /var/www/html/mofuss/WebBasedMofuss/SistemaWeb/mofuss-laravel/index.php(45): CodeIgniter\CodeIgniter->run()
#12 {main}
CRITICAL - 2020-05-26 22:04:12 --> pg_connect(): Unable to connect to PostgreSQL server: could not connect to server: Connection timed out
	Is the server running on host &quot;192.168.10.11&quot; and accepting
	TCP/IP connections on port 5432?
#0 [internal function]: CodeIgniter\Debug\Exceptions->errorHandler(2, 'pg_connect(): U...', '/var/www/html/m...', 98, Array)
#1 /var/www/html/mofuss/WebBasedMofuss/SistemaWeb/mofuss-laravel/system/Database/Postgre/Connection.php(98): pg_connect('host=192.168.10...')
#2 /var/www/html/mofuss/WebBasedMofuss/SistemaWeb/mofuss-laravel/system/Database/BaseConnection.php(377): CodeIgniter\Database\Postgre\Connection->connect(false)
#3 /var/www/html/mofuss/WebBasedMofuss/SistemaWeb/mofuss-laravel/system/Database/BaseConnection.php(643): CodeIgniter\Database\BaseConnection->initialize()
#4 /var/www/html/mofuss/WebBasedMofuss/SistemaWeb/mofuss-laravel/system/Database/BaseBuilder.php(1819): CodeIgniter\Database\BaseConnection->query('SELECT *\nFROM "...', Array, false)
#5 /var/www/html/mofuss/WebBasedMofuss/SistemaWeb/mofuss-laravel/system/Model.php(1701): CodeIgniter\Database\BaseBuilder->get()
#6 /var/www/html/mofuss/WebBasedMofuss/SistemaWeb/mofuss-laravel/app/Models/CountriesModel.php(27): CodeIgniter\Model->__call('get', Array)
#7 /var/www/html/mofuss/WebBasedMofuss/SistemaWeb/mofuss-laravel/app/Controllers/Webmofuss.php(12): App\Models\CountriesModel->getdatosvisible()
#8 /var/www/html/mofuss/WebBasedMofuss/SistemaWeb/mofuss-laravel/system/CodeIgniter.php(847): App\Controllers\Webmofuss->index()
#9 /var/www/html/mofuss/WebBasedMofuss/SistemaWeb/mofuss-laravel/system/CodeIgniter.php(338): CodeIgniter\CodeIgniter->runController(Object(App\Controllers\Webmofuss))
#10 /var/www/html/mofuss/WebBasedMofuss/SistemaWeb/mofuss-laravel/system/CodeIgniter.php(246): CodeIgniter\CodeIgniter->handleRequest(NULL, Object(Config\Cache), false)
#11 /var/www/html/mofuss/WebBasedMofuss/SistemaWeb/mofuss-laravel/index.php(45): CodeIgniter\CodeIgniter->run()
#12 {main}
