CRITICAL - 2020-02-12 15:39:21 --> Call to a member function find() on null
#0 C:\wamp64\www\mofuss2\system\CodeIgniter.php(847): App\Controllers\Dashboard->index()
#1 C:\wamp64\www\mofuss2\system\CodeIgniter.php(338): CodeIgniter\CodeIgniter->runController(Object(App\Controllers\Dashboard))
#2 C:\wamp64\www\mofuss2\system\CodeIgniter.php(246): CodeIgniter\CodeIgniter->handleRequest(NULL, Object(Config\Cache), false)
#3 C:\wamp64\www\mofuss2\index.php(45): CodeIgniter\CodeIgniter->run()
#4 {main}
CRITICAL - 2020-02-12 15:39:32 --> Call to a member function find() on null
#0 C:\wamp64\www\mofuss2\system\CodeIgniter.php(847): App\Controllers\Dashboard->index()
#1 C:\wamp64\www\mofuss2\system\CodeIgniter.php(338): CodeIgniter\CodeIgniter->runController(Object(App\Controllers\Dashboard))
#2 C:\wamp64\www\mofuss2\system\CodeIgniter.php(246): CodeIgniter\CodeIgniter->handleRequest(NULL, Object(Config\Cache), false)
#3 C:\wamp64\www\mofuss2\index.php(45): CodeIgniter\CodeIgniter->run()
#4 {main}
CRITICAL - 2020-02-12 15:41:07 --> Call to a member function find() on null
#0 C:\wamp64\www\mofuss2\system\CodeIgniter.php(847): App\Controllers\Dashboard->index()
#1 C:\wamp64\www\mofuss2\system\CodeIgniter.php(338): CodeIgniter\CodeIgniter->runController(Object(App\Controllers\Dashboard))
#2 C:\wamp64\www\mofuss2\system\CodeIgniter.php(246): CodeIgniter\CodeIgniter->handleRequest(NULL, Object(Config\Cache), false)
#3 C:\wamp64\www\mofuss2\index.php(45): CodeIgniter\CodeIgniter->run()
#4 {main}
CRITICAL - 2020-02-12 15:48:15 --> Call to a member function find() on null
#0 C:\wamp64\www\mofuss2\system\CodeIgniter.php(847): App\Controllers\Dashboard->index()
#1 C:\wamp64\www\mofuss2\system\CodeIgniter.php(338): CodeIgniter\CodeIgniter->runController(Object(App\Controllers\Dashboard))
#2 C:\wamp64\www\mofuss2\system\CodeIgniter.php(246): CodeIgniter\CodeIgniter->handleRequest(NULL, Object(Config\Cache), false)
#3 C:\wamp64\www\mofuss2\index.php(45): CodeIgniter\CodeIgniter->run()
#4 {main}
CRITICAL - 2020-02-12 15:48:28 --> Call to a member function find() on null
#0 C:\wamp64\www\mofuss2\system\CodeIgniter.php(847): App\Controllers\Dashboard->index()
#1 C:\wamp64\www\mofuss2\system\CodeIgniter.php(338): CodeIgniter\CodeIgniter->runController(Object(App\Controllers\Dashboard))
#2 C:\wamp64\www\mofuss2\system\CodeIgniter.php(246): CodeIgniter\CodeIgniter->handleRequest(NULL, Object(Config\Cache), false)
#3 C:\wamp64\www\mofuss2\index.php(45): CodeIgniter\CodeIgniter->run()
#4 {main}
CRITICAL - 2020-02-12 15:48:37 --> Call to a member function find() on null
#0 C:\wamp64\www\mofuss2\system\CodeIgniter.php(847): App\Controllers\Dashboard->index()
#1 C:\wamp64\www\mofuss2\system\CodeIgniter.php(338): CodeIgniter\CodeIgniter->runController(Object(App\Controllers\Dashboard))
#2 C:\wamp64\www\mofuss2\system\CodeIgniter.php(246): CodeIgniter\CodeIgniter->handleRequest(NULL, Object(Config\Cache), false)
#3 C:\wamp64\www\mofuss2\index.php(45): CodeIgniter\CodeIgniter->run()
#4 {main}
CRITICAL - 2020-02-12 15:50:10 --> Call to a member function find() on null
#0 C:\wamp64\www\mofuss2\system\CodeIgniter.php(847): App\Controllers\Dashboard->index()
#1 C:\wamp64\www\mofuss2\system\CodeIgniter.php(338): CodeIgniter\CodeIgniter->runController(Object(App\Controllers\Dashboard))
#2 C:\wamp64\www\mofuss2\system\CodeIgniter.php(246): CodeIgniter\CodeIgniter->handleRequest(NULL, Object(Config\Cache), false)
#3 C:\wamp64\www\mofuss2\index.php(45): CodeIgniter\CodeIgniter->run()
#4 {main}
CRITICAL - 2020-02-12 15:54:36 --> Call to a member function find() on null
#0 C:\wamp64\www\mofuss2\system\CodeIgniter.php(847): App\Controllers\Dashboard->index()
#1 C:\wamp64\www\mofuss2\system\CodeIgniter.php(338): CodeIgniter\CodeIgniter->runController(Object(App\Controllers\Dashboard))
#2 C:\wamp64\www\mofuss2\system\CodeIgniter.php(246): CodeIgniter\CodeIgniter->handleRequest(NULL, Object(Config\Cache), false)
#3 C:\wamp64\www\mofuss2\index.php(45): CodeIgniter\CodeIgniter->run()
#4 {main}
CRITICAL - 2020-02-12 15:57:16 --> syntax error, unexpected '$dato' (T_VARIABLE)
#0 C:\wamp64\www\mofuss2\system\Router\Router.php(192): CodeIgniter\Router\Router->autoRoute('dashboard')
#1 C:\wamp64\www\mofuss2\system\CodeIgniter.php(725): CodeIgniter\Router\Router->handle('dashboard')
#2 C:\wamp64\www\mofuss2\system\CodeIgniter.php(298): CodeIgniter\CodeIgniter->tryToRouteIt(Object(CodeIgniter\Router\RouteCollection))
#3 C:\wamp64\www\mofuss2\system\CodeIgniter.php(246): CodeIgniter\CodeIgniter->handleRequest(NULL, Object(Config\Cache), false)
#4 C:\wamp64\www\mofuss2\index.php(45): CodeIgniter\CodeIgniter->run()
#5 {main}
CRITICAL - 2020-02-12 15:57:20 --> syntax error, unexpected '$dato' (T_VARIABLE)
#0 C:\wamp64\www\mofuss2\system\Router\Router.php(192): CodeIgniter\Router\Router->autoRoute('dashboard')
#1 C:\wamp64\www\mofuss2\system\CodeIgniter.php(725): CodeIgniter\Router\Router->handle('dashboard')
#2 C:\wamp64\www\mofuss2\system\CodeIgniter.php(298): CodeIgniter\CodeIgniter->tryToRouteIt(Object(CodeIgniter\Router\RouteCollection))
#3 C:\wamp64\www\mofuss2\system\CodeIgniter.php(246): CodeIgniter\CodeIgniter->handleRequest(NULL, Object(Config\Cache), false)
#4 C:\wamp64\www\mofuss2\index.php(45): CodeIgniter\CodeIgniter->run()
#5 {main}
CRITICAL - 2020-02-12 15:57:28 --> Unknown column 'usuarios.deleted_at' in 'where clause'
#0 C:\wamp64\www\mofuss2\system\Database\MySQLi\Connection.php(330): mysqli->query('SELECT *\nFROM `...')
#1 C:\wamp64\www\mofuss2\system\Database\BaseConnection.php(738): CodeIgniter\Database\MySQLi\Connection->execute('SELECT *\nFROM `...')
#2 C:\wamp64\www\mofuss2\system\Database\BaseConnection.php(666): CodeIgniter\Database\BaseConnection->simpleQuery('SELECT *\nFROM `...')
#3 C:\wamp64\www\mofuss2\system\Database\BaseBuilder.php(1819): CodeIgniter\Database\BaseConnection->query('SELECT *\nFROM `...', Array, false)
#4 C:\wamp64\www\mofuss2\system\Model.php(381): CodeIgniter\Database\BaseBuilder->get()
#5 C:\wamp64\www\mofuss2\app\Controllers\Dashboard.php(11): CodeIgniter\Model->find('1')
#6 C:\wamp64\www\mofuss2\system\CodeIgniter.php(847): App\Controllers\Dashboard->index()
#7 C:\wamp64\www\mofuss2\system\CodeIgniter.php(338): CodeIgniter\CodeIgniter->runController(Object(App\Controllers\Dashboard))
#8 C:\wamp64\www\mofuss2\system\CodeIgniter.php(246): CodeIgniter\CodeIgniter->handleRequest(NULL, Object(Config\Cache), false)
#9 C:\wamp64\www\mofuss2\index.php(45): CodeIgniter\CodeIgniter->run()
#10 {main}
CRITICAL - 2020-02-12 15:59:06 --> Unknown column 'usuarios.deleted_at' in 'where clause'
#0 C:\wamp64\www\mofuss2\system\Database\MySQLi\Connection.php(330): mysqli->query('SELECT *\nFROM `...')
#1 C:\wamp64\www\mofuss2\system\Database\BaseConnection.php(738): CodeIgniter\Database\MySQLi\Connection->execute('SELECT *\nFROM `...')
#2 C:\wamp64\www\mofuss2\system\Database\BaseConnection.php(666): CodeIgniter\Database\BaseConnection->simpleQuery('SELECT *\nFROM `...')
#3 C:\wamp64\www\mofuss2\system\Database\BaseBuilder.php(1819): CodeIgniter\Database\BaseConnection->query('SELECT *\nFROM `...', Array, false)
#4 C:\wamp64\www\mofuss2\system\Model.php(381): CodeIgniter\Database\BaseBuilder->get()
#5 C:\wamp64\www\mofuss2\app\Controllers\Dashboard.php(11): CodeIgniter\Model->find('1')
#6 C:\wamp64\www\mofuss2\system\CodeIgniter.php(847): App\Controllers\Dashboard->index()
#7 C:\wamp64\www\mofuss2\system\CodeIgniter.php(338): CodeIgniter\CodeIgniter->runController(Object(App\Controllers\Dashboard))
#8 C:\wamp64\www\mofuss2\system\CodeIgniter.php(246): CodeIgniter\CodeIgniter->handleRequest(NULL, Object(Config\Cache), false)
#9 C:\wamp64\www\mofuss2\index.php(45): CodeIgniter\CodeIgniter->run()
#10 {main}
CRITICAL - 2020-02-12 15:59:17 --> Unknown column 'usuarios.deleted_at' in 'where clause'
#0 C:\wamp64\www\mofuss2\system\Database\MySQLi\Connection.php(330): mysqli->query('SELECT *\nFROM `...')
#1 C:\wamp64\www\mofuss2\system\Database\BaseConnection.php(738): CodeIgniter\Database\MySQLi\Connection->execute('SELECT *\nFROM `...')
#2 C:\wamp64\www\mofuss2\system\Database\BaseConnection.php(666): CodeIgniter\Database\BaseConnection->simpleQuery('SELECT *\nFROM `...')
#3 C:\wamp64\www\mofuss2\system\Database\BaseBuilder.php(1819): CodeIgniter\Database\BaseConnection->query('SELECT *\nFROM `...', Array, false)
#4 C:\wamp64\www\mofuss2\system\Model.php(381): CodeIgniter\Database\BaseBuilder->get()
#5 C:\wamp64\www\mofuss2\app\Controllers\Dashboard.php(11): CodeIgniter\Model->find('1')
#6 C:\wamp64\www\mofuss2\system\CodeIgniter.php(847): App\Controllers\Dashboard->index()
#7 C:\wamp64\www\mofuss2\system\CodeIgniter.php(338): CodeIgniter\CodeIgniter->runController(Object(App\Controllers\Dashboard))
#8 C:\wamp64\www\mofuss2\system\CodeIgniter.php(246): CodeIgniter\CodeIgniter->handleRequest(NULL, Object(Config\Cache), false)
#9 C:\wamp64\www\mofuss2\index.php(45): CodeIgniter\CodeIgniter->run()
#10 {main}
CRITICAL - 2020-02-12 16:00:16 --> Unknown column 'usuarios.deleted_at' in 'where clause'
#0 C:\wamp64\www\mofuss2\system\Database\MySQLi\Connection.php(330): mysqli->query('SELECT *\nFROM `...')
#1 C:\wamp64\www\mofuss2\system\Database\BaseConnection.php(738): CodeIgniter\Database\MySQLi\Connection->execute('SELECT *\nFROM `...')
#2 C:\wamp64\www\mofuss2\system\Database\BaseConnection.php(666): CodeIgniter\Database\BaseConnection->simpleQuery('SELECT *\nFROM `...')
#3 C:\wamp64\www\mofuss2\system\Database\BaseBuilder.php(1819): CodeIgniter\Database\BaseConnection->query('SELECT *\nFROM `...', Array, false)
#4 C:\wamp64\www\mofuss2\system\Model.php(381): CodeIgniter\Database\BaseBuilder->get()
#5 C:\wamp64\www\mofuss2\app\Controllers\Dashboard.php(11): CodeIgniter\Model->find('1')
#6 C:\wamp64\www\mofuss2\system\CodeIgniter.php(847): App\Controllers\Dashboard->index()
#7 C:\wamp64\www\mofuss2\system\CodeIgniter.php(338): CodeIgniter\CodeIgniter->runController(Object(App\Controllers\Dashboard))
#8 C:\wamp64\www\mofuss2\system\CodeIgniter.php(246): CodeIgniter\CodeIgniter->handleRequest(NULL, Object(Config\Cache), false)
#9 C:\wamp64\www\mofuss2\index.php(45): CodeIgniter\CodeIgniter->run()
#10 {main}
CRITICAL - 2020-02-12 16:15:40 --> Unknown column 'usuarios.deleted_at' in 'where clause'
#0 C:\wamp64\www\mofuss2\system\Database\MySQLi\Connection.php(330): mysqli->query('SELECT *\nFROM `...')
#1 C:\wamp64\www\mofuss2\system\Database\BaseConnection.php(738): CodeIgniter\Database\MySQLi\Connection->execute('SELECT *\nFROM `...')
#2 C:\wamp64\www\mofuss2\system\Database\BaseConnection.php(666): CodeIgniter\Database\BaseConnection->simpleQuery('SELECT *\nFROM `...')
#3 C:\wamp64\www\mofuss2\system\Database\BaseBuilder.php(1819): CodeIgniter\Database\BaseConnection->query('SELECT *\nFROM `...', Array, false)
#4 C:\wamp64\www\mofuss2\system\Model.php(381): CodeIgniter\Database\BaseBuilder->get()
#5 C:\wamp64\www\mofuss2\app\Controllers\Dashboard.php(12): CodeIgniter\Model->find('1')
#6 C:\wamp64\www\mofuss2\system\CodeIgniter.php(847): App\Controllers\Dashboard->index()
#7 C:\wamp64\www\mofuss2\system\CodeIgniter.php(338): CodeIgniter\CodeIgniter->runController(Object(App\Controllers\Dashboard))
#8 C:\wamp64\www\mofuss2\system\CodeIgniter.php(246): CodeIgniter\CodeIgniter->handleRequest(NULL, Object(Config\Cache), false)
#9 C:\wamp64\www\mofuss2\index.php(45): CodeIgniter\CodeIgniter->run()
#10 {main}
CRITICAL - 2020-02-12 16:16:30 --> Unknown column 'usuarios.deleted_at' in 'where clause'
#0 C:\wamp64\www\mofuss2\system\Database\MySQLi\Connection.php(330): mysqli->query('SELECT *\nFROM `...')
#1 C:\wamp64\www\mofuss2\system\Database\BaseConnection.php(738): CodeIgniter\Database\MySQLi\Connection->execute('SELECT *\nFROM `...')
#2 C:\wamp64\www\mofuss2\system\Database\BaseConnection.php(666): CodeIgniter\Database\BaseConnection->simpleQuery('SELECT *\nFROM `...')
#3 C:\wamp64\www\mofuss2\system\Database\BaseBuilder.php(1819): CodeIgniter\Database\BaseConnection->query('SELECT *\nFROM `...', Array, false)
#4 C:\wamp64\www\mofuss2\system\Model.php(381): CodeIgniter\Database\BaseBuilder->get()
#5 C:\wamp64\www\mofuss2\app\Controllers\Dashboard.php(12): CodeIgniter\Model->find(1)
#6 C:\wamp64\www\mofuss2\system\CodeIgniter.php(847): App\Controllers\Dashboard->index()
#7 C:\wamp64\www\mofuss2\system\CodeIgniter.php(338): CodeIgniter\CodeIgniter->runController(Object(App\Controllers\Dashboard))
#8 C:\wamp64\www\mofuss2\system\CodeIgniter.php(246): CodeIgniter\CodeIgniter->handleRequest(NULL, Object(Config\Cache), false)
#9 C:\wamp64\www\mofuss2\index.php(45): CodeIgniter\CodeIgniter->run()
#10 {main}
CRITICAL - 2020-02-12 16:16:34 --> Unknown column 'usuarios.deleted_at' in 'where clause'
#0 C:\wamp64\www\mofuss2\system\Database\MySQLi\Connection.php(330): mysqli->query('SELECT *\nFROM `...')
#1 C:\wamp64\www\mofuss2\system\Database\BaseConnection.php(738): CodeIgniter\Database\MySQLi\Connection->execute('SELECT *\nFROM `...')
#2 C:\wamp64\www\mofuss2\system\Database\BaseConnection.php(666): CodeIgniter\Database\BaseConnection->simpleQuery('SELECT *\nFROM `...')
#3 C:\wamp64\www\mofuss2\system\Database\BaseBuilder.php(1819): CodeIgniter\Database\BaseConnection->query('SELECT *\nFROM `...', Array, false)
#4 C:\wamp64\www\mofuss2\system\Model.php(381): CodeIgniter\Database\BaseBuilder->get()
#5 C:\wamp64\www\mofuss2\app\Controllers\Dashboard.php(12): CodeIgniter\Model->find(1)
#6 C:\wamp64\www\mofuss2\system\CodeIgniter.php(847): App\Controllers\Dashboard->index()
#7 C:\wamp64\www\mofuss2\system\CodeIgniter.php(338): CodeIgniter\CodeIgniter->runController(Object(App\Controllers\Dashboard))
#8 C:\wamp64\www\mofuss2\system\CodeIgniter.php(246): CodeIgniter\CodeIgniter->handleRequest(NULL, Object(Config\Cache), false)
#9 C:\wamp64\www\mofuss2\index.php(45): CodeIgniter\CodeIgniter->run()
#10 {main}
CRITICAL - 2020-02-12 16:16:44 --> Unknown column 'usuarios.deleted_at' in 'where clause'
#0 C:\wamp64\www\mofuss2\system\Database\MySQLi\Connection.php(330): mysqli->query('SELECT *\nFROM `...')
#1 C:\wamp64\www\mofuss2\system\Database\BaseConnection.php(738): CodeIgniter\Database\MySQLi\Connection->execute('SELECT *\nFROM `...')
#2 C:\wamp64\www\mofuss2\system\Database\BaseConnection.php(666): CodeIgniter\Database\BaseConnection->simpleQuery('SELECT *\nFROM `...')
#3 C:\wamp64\www\mofuss2\system\Database\BaseBuilder.php(1819): CodeIgniter\Database\BaseConnection->query('SELECT *\nFROM `...', Array, false)
#4 C:\wamp64\www\mofuss2\system\Model.php(381): CodeIgniter\Database\BaseBuilder->get()
#5 C:\wamp64\www\mofuss2\app\Controllers\Dashboard.php(12): CodeIgniter\Model->find('1')
#6 C:\wamp64\www\mofuss2\system\CodeIgniter.php(847): App\Controllers\Dashboard->index()
#7 C:\wamp64\www\mofuss2\system\CodeIgniter.php(338): CodeIgniter\CodeIgniter->runController(Object(App\Controllers\Dashboard))
#8 C:\wamp64\www\mofuss2\system\CodeIgniter.php(246): CodeIgniter\CodeIgniter->handleRequest(NULL, Object(Config\Cache), false)
#9 C:\wamp64\www\mofuss2\index.php(45): CodeIgniter\CodeIgniter->run()
#10 {main}
CRITICAL - 2020-02-12 16:16:54 --> Unknown column 'usuarios.deleted_at' in 'where clause'
#0 C:\wamp64\www\mofuss2\system\Database\MySQLi\Connection.php(330): mysqli->query('SELECT *\nFROM `...')
#1 C:\wamp64\www\mofuss2\system\Database\BaseConnection.php(738): CodeIgniter\Database\MySQLi\Connection->execute('SELECT *\nFROM `...')
#2 C:\wamp64\www\mofuss2\system\Database\BaseConnection.php(666): CodeIgniter\Database\BaseConnection->simpleQuery('SELECT *\nFROM `...')
#3 C:\wamp64\www\mofuss2\system\Database\BaseBuilder.php(1819): CodeIgniter\Database\BaseConnection->query('SELECT *\nFROM `...', Array, false)
#4 C:\wamp64\www\mofuss2\system\Model.php(381): CodeIgniter\Database\BaseBuilder->get()
#5 C:\wamp64\www\mofuss2\app\Controllers\Dashboard.php(12): CodeIgniter\Model->find('1')
#6 C:\wamp64\www\mofuss2\system\CodeIgniter.php(847): App\Controllers\Dashboard->index()
#7 C:\wamp64\www\mofuss2\system\CodeIgniter.php(338): CodeIgniter\CodeIgniter->runController(Object(App\Controllers\Dashboard))
#8 C:\wamp64\www\mofuss2\system\CodeIgniter.php(246): CodeIgniter\CodeIgniter->handleRequest(NULL, Object(Config\Cache), false)
#9 C:\wamp64\www\mofuss2\index.php(45): CodeIgniter\CodeIgniter->run()
#10 {main}
CRITICAL - 2020-02-12 16:18:29 --> Unknown column 'usuarios.deleted_at' in 'where clause'
#0 C:\wamp64\www\mofuss2\system\Database\MySQLi\Connection.php(330): mysqli->query('SELECT *\nFROM `...')
#1 C:\wamp64\www\mofuss2\system\Database\BaseConnection.php(738): CodeIgniter\Database\MySQLi\Connection->execute('SELECT *\nFROM `...')
#2 C:\wamp64\www\mofuss2\system\Database\BaseConnection.php(666): CodeIgniter\Database\BaseConnection->simpleQuery('SELECT *\nFROM `...')
#3 C:\wamp64\www\mofuss2\system\Database\BaseBuilder.php(1819): CodeIgniter\Database\BaseConnection->query('SELECT *\nFROM `...', Array, false)
#4 C:\wamp64\www\mofuss2\system\Model.php(381): CodeIgniter\Database\BaseBuilder->get()
#5 C:\wamp64\www\mofuss2\app\Controllers\Dashboard.php(12): CodeIgniter\Model->find('1')
#6 C:\wamp64\www\mofuss2\system\CodeIgniter.php(847): App\Controllers\Dashboard->index()
#7 C:\wamp64\www\mofuss2\system\CodeIgniter.php(338): CodeIgniter\CodeIgniter->runController(Object(App\Controllers\Dashboard))
#8 C:\wamp64\www\mofuss2\system\CodeIgniter.php(246): CodeIgniter\CodeIgniter->handleRequest(NULL, Object(Config\Cache), false)
#9 C:\wamp64\www\mofuss2\index.php(45): CodeIgniter\CodeIgniter->run()
#10 {main}
CRITICAL - 2020-02-12 16:22:09 --> Class '\CodeIgniter\Database\postgres\Connection' not found
#0 C:\wamp64\www\mofuss2\system\Database\Config.php(115): CodeIgniter\Database\Database->load(Array, 'default')
#1 C:\wamp64\www\mofuss2\system\Model.php(336): CodeIgniter\Database\Config::connect('default')
#2 C:\wamp64\www\mofuss2\app\Controllers\Dashboard.php(10): CodeIgniter\Model->__construct(NULL)
#3 C:\wamp64\www\mofuss2\system\CodeIgniter.php(847): App\Controllers\Dashboard->index()
#4 C:\wamp64\www\mofuss2\system\CodeIgniter.php(338): CodeIgniter\CodeIgniter->runController(Object(App\Controllers\Dashboard))
#5 C:\wamp64\www\mofuss2\system\CodeIgniter.php(246): CodeIgniter\CodeIgniter->handleRequest(NULL, Object(Config\Cache), false)
#6 C:\wamp64\www\mofuss2\index.php(45): CodeIgniter\CodeIgniter->run()
#7 {main}
CRITICAL - 2020-02-12 16:22:56 --> Class '\CodeIgniter\Database\postgres\Connection' not found
#0 C:\wamp64\www\mofuss2\system\Database\Config.php(115): CodeIgniter\Database\Database->load(Array, 'default')
#1 C:\wamp64\www\mofuss2\system\Model.php(336): CodeIgniter\Database\Config::connect('default')
#2 C:\wamp64\www\mofuss2\app\Controllers\Dashboard.php(10): CodeIgniter\Model->__construct(NULL)
#3 C:\wamp64\www\mofuss2\system\CodeIgniter.php(847): App\Controllers\Dashboard->index()
#4 C:\wamp64\www\mofuss2\system\CodeIgniter.php(338): CodeIgniter\CodeIgniter->runController(Object(App\Controllers\Dashboard))
#5 C:\wamp64\www\mofuss2\system\CodeIgniter.php(246): CodeIgniter\CodeIgniter->handleRequest(NULL, Object(Config\Cache), false)
#6 C:\wamp64\www\mofuss2\index.php(45): CodeIgniter\CodeIgniter->run()
#7 {main}
CRITICAL - 2020-02-12 16:23:14 --> Class '\CodeIgniter\Database\postgres\Connection' not found
#0 C:\wamp64\www\mofuss2\system\Database\Config.php(115): CodeIgniter\Database\Database->load(Array, 'default')
#1 C:\wamp64\www\mofuss2\system\Model.php(336): CodeIgniter\Database\Config::connect('default')
#2 C:\wamp64\www\mofuss2\app\Controllers\Dashboard.php(10): CodeIgniter\Model->__construct(NULL)
#3 C:\wamp64\www\mofuss2\system\CodeIgniter.php(847): App\Controllers\Dashboard->index()
#4 C:\wamp64\www\mofuss2\system\CodeIgniter.php(338): CodeIgniter\CodeIgniter->runController(Object(App\Controllers\Dashboard))
#5 C:\wamp64\www\mofuss2\system\CodeIgniter.php(246): CodeIgniter\CodeIgniter->handleRequest(NULL, Object(Config\Cache), false)
#6 C:\wamp64\www\mofuss2\index.php(45): CodeIgniter\CodeIgniter->run()
#7 {main}
CRITICAL - 2020-02-12 16:23:37 --> Class '\CodeIgniter\Database\postgres\Connection' not found
#0 C:\wamp64\www\mofuss2\system\Database\Config.php(115): CodeIgniter\Database\Database->load(Array, 'default')
#1 C:\wamp64\www\mofuss2\system\Model.php(336): CodeIgniter\Database\Config::connect('default')
#2 C:\wamp64\www\mofuss2\app\Controllers\Dashboard.php(10): CodeIgniter\Model->__construct(NULL)
#3 C:\wamp64\www\mofuss2\system\CodeIgniter.php(847): App\Controllers\Dashboard->index()
#4 C:\wamp64\www\mofuss2\system\CodeIgniter.php(338): CodeIgniter\CodeIgniter->runController(Object(App\Controllers\Dashboard))
#5 C:\wamp64\www\mofuss2\system\CodeIgniter.php(246): CodeIgniter\CodeIgniter->handleRequest(NULL, Object(Config\Cache), false)
#6 C:\wamp64\www\mofuss2\index.php(45): CodeIgniter\CodeIgniter->run()
#7 {main}
CRITICAL - 2020-02-12 16:24:20 --> Class '\CodeIgniter\Database\postgres\Connection' not found
#0 C:\wamp64\www\mofuss2\system\Database\Config.php(115): CodeIgniter\Database\Database->load(Array, 'default')
#1 C:\wamp64\www\mofuss2\system\Model.php(336): CodeIgniter\Database\Config::connect('default')
#2 C:\wamp64\www\mofuss2\app\Controllers\Dashboard.php(10): CodeIgniter\Model->__construct(NULL)
#3 C:\wamp64\www\mofuss2\system\CodeIgniter.php(847): App\Controllers\Dashboard->index()
#4 C:\wamp64\www\mofuss2\system\CodeIgniter.php(338): CodeIgniter\CodeIgniter->runController(Object(App\Controllers\Dashboard))
#5 C:\wamp64\www\mofuss2\system\CodeIgniter.php(246): CodeIgniter\CodeIgniter->handleRequest(NULL, Object(Config\Cache), false)
#6 C:\wamp64\www\mofuss2\index.php(45): CodeIgniter\CodeIgniter->run()
#7 {main}
CRITICAL - 2020-02-12 16:25:11 --> Class '\CodeIgniter\Database\pdo\Connection' not found
#0 C:\wamp64\www\mofuss2\system\Database\Config.php(115): CodeIgniter\Database\Database->load(Array, 'default')
#1 C:\wamp64\www\mofuss2\system\Model.php(336): CodeIgniter\Database\Config::connect('default')
#2 C:\wamp64\www\mofuss2\app\Controllers\Dashboard.php(10): CodeIgniter\Model->__construct(NULL)
#3 C:\wamp64\www\mofuss2\system\CodeIgniter.php(847): App\Controllers\Dashboard->index()
#4 C:\wamp64\www\mofuss2\system\CodeIgniter.php(338): CodeIgniter\CodeIgniter->runController(Object(App\Controllers\Dashboard))
#5 C:\wamp64\www\mofuss2\system\CodeIgniter.php(246): CodeIgniter\CodeIgniter->handleRequest(NULL, Object(Config\Cache), false)
#6 C:\wamp64\www\mofuss2\index.php(45): CodeIgniter\CodeIgniter->run()
#7 {main}
CRITICAL - 2020-02-12 16:25:49 --> Class '\CodeIgniter\Database\postgres\Connection' not found
#0 C:\wamp64\www\mofuss2\system\Database\Config.php(115): CodeIgniter\Database\Database->load(Array, 'default')
#1 C:\wamp64\www\mofuss2\system\Model.php(336): CodeIgniter\Database\Config::connect('default')
#2 C:\wamp64\www\mofuss2\app\Controllers\Dashboard.php(10): CodeIgniter\Model->__construct(NULL)
#3 C:\wamp64\www\mofuss2\system\CodeIgniter.php(847): App\Controllers\Dashboard->index()
#4 C:\wamp64\www\mofuss2\system\CodeIgniter.php(338): CodeIgniter\CodeIgniter->runController(Object(App\Controllers\Dashboard))
#5 C:\wamp64\www\mofuss2\system\CodeIgniter.php(246): CodeIgniter\CodeIgniter->handleRequest(NULL, Object(Config\Cache), false)
#6 C:\wamp64\www\mofuss2\index.php(45): CodeIgniter\CodeIgniter->run()
#7 {main}
CRITICAL - 2020-02-12 16:30:37 --> Class '\CodeIgniter\Database\postgres\Connection' not found
#0 C:\wamp64\www\mofuss2\system\Database\Config.php(115): CodeIgniter\Database\Database->load(Array, 'default')
#1 C:\wamp64\www\mofuss2\system\Model.php(336): CodeIgniter\Database\Config::connect('default')
#2 C:\wamp64\www\mofuss2\app\Controllers\Dashboard.php(10): CodeIgniter\Model->__construct(NULL)
#3 C:\wamp64\www\mofuss2\system\CodeIgniter.php(847): App\Controllers\Dashboard->index()
#4 C:\wamp64\www\mofuss2\system\CodeIgniter.php(338): CodeIgniter\CodeIgniter->runController(Object(App\Controllers\Dashboard))
#5 C:\wamp64\www\mofuss2\system\CodeIgniter.php(246): CodeIgniter\CodeIgniter->handleRequest(NULL, Object(Config\Cache), false)
#6 C:\wamp64\www\mofuss2\index.php(45): CodeIgniter\CodeIgniter->run()
#7 {main}
CRITICAL - 2020-02-12 16:32:44 --> Class '\CodeIgniter\Database\postgres\Connection' not found
#0 C:\wamp64\www\mofuss2\system\Database\Config.php(115): CodeIgniter\Database\Database->load(Array, 'default')
#1 C:\wamp64\www\mofuss2\system\Model.php(336): CodeIgniter\Database\Config::connect('default')
#2 C:\wamp64\www\mofuss2\app\Controllers\Dashboard.php(10): CodeIgniter\Model->__construct(NULL)
#3 C:\wamp64\www\mofuss2\system\CodeIgniter.php(847): App\Controllers\Dashboard->index()
#4 C:\wamp64\www\mofuss2\system\CodeIgniter.php(338): CodeIgniter\CodeIgniter->runController(Object(App\Controllers\Dashboard))
#5 C:\wamp64\www\mofuss2\system\CodeIgniter.php(246): CodeIgniter\CodeIgniter->handleRequest(NULL, Object(Config\Cache), false)
#6 C:\wamp64\www\mofuss2\index.php(45): CodeIgniter\CodeIgniter->run()
#7 {main}
CRITICAL - 2020-02-12 16:32:57 --> Class '\CodeIgniter\Database\postgres\Connection' not found
#0 C:\wamp64\www\mofuss2\system\Database\Config.php(115): CodeIgniter\Database\Database->load(Array, 'default')
#1 C:\wamp64\www\mofuss2\system\Model.php(336): CodeIgniter\Database\Config::connect('default')
#2 C:\wamp64\www\mofuss2\app\Controllers\Dashboard.php(10): CodeIgniter\Model->__construct(NULL)
#3 C:\wamp64\www\mofuss2\system\CodeIgniter.php(847): App\Controllers\Dashboard->index()
#4 C:\wamp64\www\mofuss2\system\CodeIgniter.php(338): CodeIgniter\CodeIgniter->runController(Object(App\Controllers\Dashboard))
#5 C:\wamp64\www\mofuss2\system\CodeIgniter.php(246): CodeIgniter\CodeIgniter->handleRequest(NULL, Object(Config\Cache), false)
#6 C:\wamp64\www\mofuss2\index.php(45): CodeIgniter\CodeIgniter->run()
#7 {main}
CRITICAL - 2020-02-12 16:35:44 --> Class '\CodeIgniter\Database\postgres\Connection' not found
#0 C:\wamp64\www\mofuss2\system\Database\Config.php(115): CodeIgniter\Database\Database->load(Array, 'default')
#1 C:\wamp64\www\mofuss2\system\Model.php(336): CodeIgniter\Database\Config::connect('default')
#2 C:\wamp64\www\mofuss2\app\Controllers\Dashboard.php(10): CodeIgniter\Model->__construct(NULL)
#3 C:\wamp64\www\mofuss2\system\CodeIgniter.php(847): App\Controllers\Dashboard->index()
#4 C:\wamp64\www\mofuss2\system\CodeIgniter.php(338): CodeIgniter\CodeIgniter->runController(Object(App\Controllers\Dashboard))
#5 C:\wamp64\www\mofuss2\system\CodeIgniter.php(246): CodeIgniter\CodeIgniter->handleRequest(NULL, Object(Config\Cache), false)
#6 C:\wamp64\www\mofuss2\index.php(45): CodeIgniter\CodeIgniter->run()
#7 {main}
CRITICAL - 2020-02-12 16:39:01 --> pg_query(): Query failed: ERROR:  column tabla2.id does not exist
LINE 3: WHERE &quot;tabla2&quot;.&quot;id&quot; = '1'
              ^
HINT:  Perhaps you meant to reference the column &quot;tabla2.rid&quot;.
#0 [internal function]: CodeIgniter\Debug\Exceptions->errorHandler(2, 'pg_query(): Que...', 'C:\\wamp64\\www\\m...', 194, Array)
#1 C:\wamp64\www\mofuss2\system\Database\Postgre\Connection.php(194): pg_query(Resource id #11, 'SELECT *\nFROM "...')
#2 C:\wamp64\www\mofuss2\system\Database\BaseConnection.php(738): CodeIgniter\Database\Postgre\Connection->execute('SELECT *\nFROM "...')
#3 C:\wamp64\www\mofuss2\system\Database\BaseConnection.php(666): CodeIgniter\Database\BaseConnection->simpleQuery('SELECT *\nFROM "...')
#4 C:\wamp64\www\mofuss2\system\Database\BaseBuilder.php(1819): CodeIgniter\Database\BaseConnection->query('SELECT *\nFROM "...', Array, false)
#5 C:\wamp64\www\mofuss2\system\Model.php(381): CodeIgniter\Database\BaseBuilder->get()
#6 C:\wamp64\www\mofuss2\app\Controllers\Dashboard.php(12): CodeIgniter\Model->find('1')
#7 C:\wamp64\www\mofuss2\system\CodeIgniter.php(847): App\Controllers\Dashboard->index()
#8 C:\wamp64\www\mofuss2\system\CodeIgniter.php(338): CodeIgniter\CodeIgniter->runController(Object(App\Controllers\Dashboard))
#9 C:\wamp64\www\mofuss2\system\CodeIgniter.php(246): CodeIgniter\CodeIgniter->handleRequest(NULL, Object(Config\Cache), false)
#10 C:\wamp64\www\mofuss2\index.php(45): CodeIgniter\CodeIgniter->run()
#11 {main}
CRITICAL - 2020-02-12 16:57:29 --> pg_query(): Query failed: ERROR:  syntax error at or near &quot;SELEC&quot;
LINE 1: SELEC * FROM tabla2
        ^
#0 [internal function]: CodeIgniter\Debug\Exceptions->errorHandler(2, 'pg_query(): Que...', 'C:\\wamp64\\www\\m...', 194, Array)
#1 C:\wamp64\www\mofuss2\system\Database\Postgre\Connection.php(194): pg_query(Resource id #10, 'SELEC * FROM ta...')
#2 C:\wamp64\www\mofuss2\system\Database\BaseConnection.php(738): CodeIgniter\Database\Postgre\Connection->execute('SELEC * FROM ta...')
#3 C:\wamp64\www\mofuss2\system\Database\BaseConnection.php(666): CodeIgniter\Database\BaseConnection->simpleQuery('SELEC * FROM ta...')
#4 C:\wamp64\www\mofuss2\system\Model.php(1697): CodeIgniter\Database\BaseConnection->query('SELEC * FROM ta...')
#5 C:\wamp64\www\mofuss2\app\Controllers\Dashboard.php(16): CodeIgniter\Model->__call('query', Array)
#6 C:\wamp64\www\mofuss2\system\CodeIgniter.php(847): App\Controllers\Dashboard->index()
#7 C:\wamp64\www\mofuss2\system\CodeIgniter.php(338): CodeIgniter\CodeIgniter->runController(Object(App\Controllers\Dashboard))
#8 C:\wamp64\www\mofuss2\system\CodeIgniter.php(246): CodeIgniter\CodeIgniter->handleRequest(NULL, Object(Config\Cache), false)
#9 C:\wamp64\www\mofuss2\index.php(45): CodeIgniter\CodeIgniter->run()
#10 {main}
CRITICAL - 2020-02-12 16:57:48 --> Allowed memory size of 134217728 bytes exhausted (tried to allocate 503808 bytes)
#0 [internal function]: CodeIgniter\Debug\Exceptions->shutdownHandler()
#1 {main}
CRITICAL - 2020-02-12 16:57:55 --> Allowed memory size of 134217728 bytes exhausted (tried to allocate 503808 bytes)
#0 [internal function]: CodeIgniter\Debug\Exceptions->shutdownHandler()
#1 {main}
CRITICAL - 2020-02-12 17:01:39 --> Call to a member function getDato() on null
#0 C:\wamp64\www\mofuss2\system\CodeIgniter.php(847): App\Controllers\Dashboard->index()
#1 C:\wamp64\www\mofuss2\system\CodeIgniter.php(338): CodeIgniter\CodeIgniter->runController(Object(App\Controllers\Dashboard))
#2 C:\wamp64\www\mofuss2\system\CodeIgniter.php(246): CodeIgniter\CodeIgniter->handleRequest(NULL, Object(Config\Cache), false)
#3 C:\wamp64\www\mofuss2\index.php(45): CodeIgniter\CodeIgniter->run()
#4 {main}
CRITICAL - 2020-02-12 17:01:58 --> Call to a member function getDato() on null
#0 C:\wamp64\www\mofuss2\system\CodeIgniter.php(847): App\Controllers\Dashboard->index()
#1 C:\wamp64\www\mofuss2\system\CodeIgniter.php(338): CodeIgniter\CodeIgniter->runController(Object(App\Controllers\Dashboard))
#2 C:\wamp64\www\mofuss2\system\CodeIgniter.php(246): CodeIgniter\CodeIgniter->handleRequest(NULL, Object(Config\Cache), false)
#3 C:\wamp64\www\mofuss2\index.php(45): CodeIgniter\CodeIgniter->run()
#4 {main}
CRITICAL - 2020-02-12 17:02:02 --> Call to a member function getDato() on null
#0 C:\wamp64\www\mofuss2\system\CodeIgniter.php(847): App\Controllers\Dashboard->index()
#1 C:\wamp64\www\mofuss2\system\CodeIgniter.php(338): CodeIgniter\CodeIgniter->runController(Object(App\Controllers\Dashboard))
#2 C:\wamp64\www\mofuss2\system\CodeIgniter.php(246): CodeIgniter\CodeIgniter->handleRequest(NULL, Object(Config\Cache), false)
#3 C:\wamp64\www\mofuss2\index.php(45): CodeIgniter\CodeIgniter->run()
#4 {main}
CRITICAL - 2020-02-12 17:02:15 --> Call to undefined method CodeIgniter\Database\Postgre\Connection::where()
#0 C:\wamp64\www\mofuss2\app\Controllers\Dashboard.php(17): App\Models\MapaModel->getDato('1')
#1 C:\wamp64\www\mofuss2\system\CodeIgniter.php(847): App\Controllers\Dashboard->index()
#2 C:\wamp64\www\mofuss2\system\CodeIgniter.php(338): CodeIgniter\CodeIgniter->runController(Object(App\Controllers\Dashboard))
#3 C:\wamp64\www\mofuss2\system\CodeIgniter.php(246): CodeIgniter\CodeIgniter->handleRequest(NULL, Object(Config\Cache), false)
#4 C:\wamp64\www\mofuss2\index.php(45): CodeIgniter\CodeIgniter->run()
#5 {main}
CRITICAL - 2020-02-12 17:19:14 --> Call to a member function query() on null
#0 C:\wamp64\www\mofuss2\system\CodeIgniter.php(847): App\Controllers\Dashboard->index()
#1 C:\wamp64\www\mofuss2\system\CodeIgniter.php(338): CodeIgniter\CodeIgniter->runController(Object(App\Controllers\Dashboard))
#2 C:\wamp64\www\mofuss2\system\CodeIgniter.php(246): CodeIgniter\CodeIgniter->handleRequest(NULL, Object(Config\Cache), false)
#3 C:\wamp64\www\mofuss2\index.php(45): CodeIgniter\CodeIgniter->run()
#4 {main}
CRITICAL - 2020-02-12 17:20:00 --> pruebas is not a valid database connection group.
#0 C:\wamp64\www\mofuss2\app\Controllers\Dashboard.php(19): CodeIgniter\Database\Config::connect('pruebas')
#1 C:\wamp64\www\mofuss2\system\CodeIgniter.php(847): App\Controllers\Dashboard->index()
#2 C:\wamp64\www\mofuss2\system\CodeIgniter.php(338): CodeIgniter\CodeIgniter->runController(Object(App\Controllers\Dashboard))
#3 C:\wamp64\www\mofuss2\system\CodeIgniter.php(246): CodeIgniter\CodeIgniter->handleRequest(NULL, Object(Config\Cache), false)
#4 C:\wamp64\www\mofuss2\index.php(45): CodeIgniter\CodeIgniter->run()
#5 {main}
CRITICAL - 2020-02-12 17:20:07 --> pruebas is not a valid database connection group.
#0 C:\wamp64\www\mofuss2\app\Controllers\Dashboard.php(19): CodeIgniter\Database\Config::connect('pruebas')
#1 C:\wamp64\www\mofuss2\system\CodeIgniter.php(847): App\Controllers\Dashboard->index()
#2 C:\wamp64\www\mofuss2\system\CodeIgniter.php(338): CodeIgniter\CodeIgniter->runController(Object(App\Controllers\Dashboard))
#3 C:\wamp64\www\mofuss2\system\CodeIgniter.php(246): CodeIgniter\CodeIgniter->handleRequest(NULL, Object(Config\Cache), false)
#4 C:\wamp64\www\mofuss2\index.php(45): CodeIgniter\CodeIgniter->run()
#5 {main}
CRITICAL - 2020-02-12 17:33:51 --> pg_query(): Query failed: ERROR:  syntax error at or near &quot;ST_DumpAsPolygons&quot;
LINE 1: SELECT * ST_DumpAsPolygons(rast) FROM tabla2 WHERE rid = 1
                 ^
#0 [internal function]: CodeIgniter\Debug\Exceptions->errorHandler(2, 'pg_query(): Que...', 'C:\\wamp64\\www\\m...', 194, Array)
#1 C:\wamp64\www\mofuss2\system\Database\Postgre\Connection.php(194): pg_query(Resource id #8, 'SELECT * ST_Dum...')
#2 C:\wamp64\www\mofuss2\system\Database\BaseConnection.php(738): CodeIgniter\Database\Postgre\Connection->execute('SELECT * ST_Dum...')
#3 C:\wamp64\www\mofuss2\system\Database\BaseConnection.php(666): CodeIgniter\Database\BaseConnection->simpleQuery('SELECT * ST_Dum...')
#4 C:\wamp64\www\mofuss2\app\Controllers\Dashboard.php(25): CodeIgniter\Database\BaseConnection->query('SELECT * ST_Dum...')
#5 C:\wamp64\www\mofuss2\system\CodeIgniter.php(847): App\Controllers\Dashboard->index()
#6 C:\wamp64\www\mofuss2\system\CodeIgniter.php(338): CodeIgniter\CodeIgniter->runController(Object(App\Controllers\Dashboard))
#7 C:\wamp64\www\mofuss2\system\CodeIgniter.php(246): CodeIgniter\CodeIgniter->handleRequest(NULL, Object(Config\Cache), false)
#8 C:\wamp64\www\mofuss2\index.php(45): CodeIgniter\CodeIgniter->run()
#9 {main}
CRITICAL - 2020-02-12 17:35:27 --> Cannot use object of type stdClass as array
#0 C:\wamp64\www\mofuss2\system\CodeIgniter.php(847): App\Controllers\Dashboard->index()
#1 C:\wamp64\www\mofuss2\system\CodeIgniter.php(338): CodeIgniter\CodeIgniter->runController(Object(App\Controllers\Dashboard))
#2 C:\wamp64\www\mofuss2\system\CodeIgniter.php(246): CodeIgniter\CodeIgniter->handleRequest(NULL, Object(Config\Cache), false)
#3 C:\wamp64\www\mofuss2\index.php(45): CodeIgniter\CodeIgniter->run()
#4 {main}
CRITICAL - 2020-02-12 17:35:35 --> Cannot use object of type stdClass as array
#0 C:\wamp64\www\mofuss2\system\CodeIgniter.php(847): App\Controllers\Dashboard->index()
#1 C:\wamp64\www\mofuss2\system\CodeIgniter.php(338): CodeIgniter\CodeIgniter->runController(Object(App\Controllers\Dashboard))
#2 C:\wamp64\www\mofuss2\system\CodeIgniter.php(246): CodeIgniter\CodeIgniter->handleRequest(NULL, Object(Config\Cache), false)
#3 C:\wamp64\www\mofuss2\index.php(45): CodeIgniter\CodeIgniter->run()
#4 {main}
