CRITICAL - 2020-09-20 01:25:38 --> Too few arguments to function App\Controllers\Dashboard::country(), 0 passed in /var/www/html/mofuss/WebBasedMofuss/SistemaWeb/mofuss-laravel/system/CodeIgniter.php on line 847 and exactly 1 expected
#0 /var/www/html/mofuss/WebBasedMofuss/SistemaWeb/mofuss-laravel/system/CodeIgniter.php(847): App\Controllers\Dashboard->country()
#1 /var/www/html/mofuss/WebBasedMofuss/SistemaWeb/mofuss-laravel/system/CodeIgniter.php(338): CodeIgniter\CodeIgniter->runController(Object(App\Controllers\Dashboard))
#2 /var/www/html/mofuss/WebBasedMofuss/SistemaWeb/mofuss-laravel/system/CodeIgniter.php(246): CodeIgniter\CodeIgniter->handleRequest(NULL, Object(Config\Cache), false)
#3 /var/www/html/mofuss/WebBasedMofuss/SistemaWeb/mofuss-laravel/index.php(45): CodeIgniter\CodeIgniter->run()
#4 {main}
CRITICAL - 2020-09-20 01:47:23 --> Too few arguments to function App\Controllers\Dashboard::country(), 0 passed in /var/www/html/mofuss/WebBasedMofuss/SistemaWeb/mofuss-laravel/system/CodeIgniter.php on line 847 and exactly 1 expected
#0 /var/www/html/mofuss/WebBasedMofuss/SistemaWeb/mofuss-laravel/system/CodeIgniter.php(847): App\Controllers\Dashboard->country()
#1 /var/www/html/mofuss/WebBasedMofuss/SistemaWeb/mofuss-laravel/system/CodeIgniter.php(338): CodeIgniter\CodeIgniter->runController(Object(App\Controllers\Dashboard))
#2 /var/www/html/mofuss/WebBasedMofuss/SistemaWeb/mofuss-laravel/system/CodeIgniter.php(246): CodeIgniter\CodeIgniter->handleRequest(NULL, Object(Config\Cache), false)
#3 /var/www/html/mofuss/WebBasedMofuss/SistemaWeb/mofuss-laravel/index.php(45): CodeIgniter\CodeIgniter->run()
#4 {main}
CRITICAL - 2020-09-20 08:40:19 --> Too few arguments to function App\Controllers\Dashboard::country(), 0 passed in /var/www/html/mofuss/WebBasedMofuss/SistemaWeb/mofuss-laravel/system/CodeIgniter.php on line 847 and exactly 1 expected
#0 /var/www/html/mofuss/WebBasedMofuss/SistemaWeb/mofuss-laravel/system/CodeIgniter.php(847): App\Controllers\Dashboard->country()
#1 /var/www/html/mofuss/WebBasedMofuss/SistemaWeb/mofuss-laravel/system/CodeIgniter.php(338): CodeIgniter\CodeIgniter->runController(Object(App\Controllers\Dashboard))
#2 /var/www/html/mofuss/WebBasedMofuss/SistemaWeb/mofuss-laravel/system/CodeIgniter.php(246): CodeIgniter\CodeIgniter->handleRequest(NULL, Object(Config\Cache), false)
#3 /var/www/html/mofuss/WebBasedMofuss/SistemaWeb/mofuss-laravel/index.php(45): CodeIgniter\CodeIgniter->run()
#4 {main}
CRITICAL - 2020-09-20 11:12:29 --> Too few arguments to function App\Controllers\Dashboard::country(), 0 passed in /var/www/html/mofuss/WebBasedMofuss/SistemaWeb/mofuss-laravel/system/CodeIgniter.php on line 847 and exactly 1 expected
#0 /var/www/html/mofuss/WebBasedMofuss/SistemaWeb/mofuss-laravel/system/CodeIgniter.php(847): App\Controllers\Dashboard->country()
#1 /var/www/html/mofuss/WebBasedMofuss/SistemaWeb/mofuss-laravel/system/CodeIgniter.php(338): CodeIgniter\CodeIgniter->runController(Object(App\Controllers\Dashboard))
#2 /var/www/html/mofuss/WebBasedMofuss/SistemaWeb/mofuss-laravel/system/CodeIgniter.php(246): CodeIgniter\CodeIgniter->handleRequest(NULL, Object(Config\Cache), false)
#3 /var/www/html/mofuss/WebBasedMofuss/SistemaWeb/mofuss-laravel/index.php(45): CodeIgniter\CodeIgniter->run()
#4 {main}
CRITICAL - 2020-09-20 18:06:31 --> Too few arguments to function App\Controllers\Dashboard::country(), 0 passed in /var/www/html/mofuss/WebBasedMofuss/SistemaWeb/mofuss-laravel/system/CodeIgniter.php on line 847 and exactly 1 expected
#0 /var/www/html/mofuss/WebBasedMofuss/SistemaWeb/mofuss-laravel/system/CodeIgniter.php(847): App\Controllers\Dashboard->country()
#1 /var/www/html/mofuss/WebBasedMofuss/SistemaWeb/mofuss-laravel/system/CodeIgniter.php(338): CodeIgniter\CodeIgniter->runController(Object(App\Controllers\Dashboard))
#2 /var/www/html/mofuss/WebBasedMofuss/SistemaWeb/mofuss-laravel/system/CodeIgniter.php(246): CodeIgniter\CodeIgniter->handleRequest(NULL, Object(Config\Cache), false)
#3 /var/www/html/mofuss/WebBasedMofuss/SistemaWeb/mofuss-laravel/index.php(45): CodeIgniter\CodeIgniter->run()
#4 {main}
CRITICAL - 2020-09-20 21:14:49 --> Too few arguments to function App\Controllers\Dashboard::country(), 0 passed in /var/www/html/mofuss/WebBasedMofuss/SistemaWeb/mofuss-laravel/system/CodeIgniter.php on line 847 and exactly 1 expected
#0 /var/www/html/mofuss/WebBasedMofuss/SistemaWeb/mofuss-laravel/system/CodeIgniter.php(847): App\Controllers\Dashboard->country()
#1 /var/www/html/mofuss/WebBasedMofuss/SistemaWeb/mofuss-laravel/system/CodeIgniter.php(338): CodeIgniter\CodeIgniter->runController(Object(App\Controllers\Dashboard))
#2 /var/www/html/mofuss/WebBasedMofuss/SistemaWeb/mofuss-laravel/system/CodeIgniter.php(246): CodeIgniter\CodeIgniter->handleRequest(NULL, Object(Config\Cache), false)
#3 /var/www/html/mofuss/WebBasedMofuss/SistemaWeb/mofuss-laravel/index.php(45): CodeIgniter\CodeIgniter->run()
#4 {main}
CRITICAL - 2020-09-20 23:53:08 --> Too few arguments to function App\Controllers\Dashboard::country(), 0 passed in /var/www/html/mofuss/WebBasedMofuss/SistemaWeb/mofuss-laravel/system/CodeIgniter.php on line 847 and exactly 1 expected
#0 /var/www/html/mofuss/WebBasedMofuss/SistemaWeb/mofuss-laravel/system/CodeIgniter.php(847): App\Controllers\Dashboard->country()
#1 /var/www/html/mofuss/WebBasedMofuss/SistemaWeb/mofuss-laravel/system/CodeIgniter.php(338): CodeIgniter\CodeIgniter->runController(Object(App\Controllers\Dashboard))
#2 /var/www/html/mofuss/WebBasedMofuss/SistemaWeb/mofuss-laravel/system/CodeIgniter.php(246): CodeIgniter\CodeIgniter->handleRequest(NULL, Object(Config\Cache), false)
#3 /var/www/html/mofuss/WebBasedMofuss/SistemaWeb/mofuss-laravel/index.php(45): CodeIgniter\CodeIgniter->run()
#4 {main}
