CRITICAL - 2020-03-02 16:15:23 --> Call to undefined function CodeIgniter\Database\Postgre\pg_connect()
#0 C:\wamp64\www\mofuss2\system\Database\BaseConnection.php(377): CodeIgniter\Database\Postgre\Connection->connect(false)
#1 C:\wamp64\www\mofuss2\system\Database\BaseConnection.php(643): CodeIgniter\Database\BaseConnection->initialize()
#2 C:\wamp64\www\mofuss2\app\Controllers\Dashboard.php(27): CodeIgniter\Database\BaseConnection->query('SELECT ST_AsGeo...')
#3 C:\wamp64\www\mofuss2\system\CodeIgniter.php(847): App\Controllers\Dashboard->index()
#4 C:\wamp64\www\mofuss2\system\CodeIgniter.php(338): CodeIgniter\CodeIgniter->runController(Object(App\Controllers\Dashboard))
#5 C:\wamp64\www\mofuss2\system\CodeIgniter.php(246): CodeIgniter\CodeIgniter->handleRequest(NULL, Object(Config\Cache), false)
#6 C:\wamp64\www\mofuss2\index.php(45): CodeIgniter\CodeIgniter->run()
#7 {main}
CRITICAL - 2020-03-02 16:17:15 --> Invalid file: layouts/body_dashboard.php
#0 C:\wamp64\www\mofuss2\system\View\View.php(224): CodeIgniter\Exceptions\FrameworkException::forInvalidFile('layouts/body_da...')
#1 C:\wamp64\www\mofuss2\system\Common.php(176): CodeIgniter\View\View->render('layouts/body_da...', Array, NULL)
#2 C:\wamp64\www\mofuss2\app\Controllers\Dashboard.php(37): view('layouts/body_da...')
#3 C:\wamp64\www\mofuss2\system\CodeIgniter.php(847): App\Controllers\Dashboard->index()
#4 C:\wamp64\www\mofuss2\system\CodeIgniter.php(338): CodeIgniter\CodeIgniter->runController(Object(App\Controllers\Dashboard))
#5 C:\wamp64\www\mofuss2\system\CodeIgniter.php(246): CodeIgniter\CodeIgniter->handleRequest(NULL, Object(Config\Cache), false)
#6 C:\wamp64\www\mofuss2\index.php(45): CodeIgniter\CodeIgniter->run()
#7 {main}
CRITICAL - 2020-03-02 16:17:19 --> Invalid file: layouts/body_dashboard.php
#0 C:\wamp64\www\mofuss2\system\View\View.php(224): CodeIgniter\Exceptions\FrameworkException::forInvalidFile('layouts/body_da...')
#1 C:\wamp64\www\mofuss2\system\Common.php(176): CodeIgniter\View\View->render('layouts/body_da...', Array, NULL)
#2 C:\wamp64\www\mofuss2\app\Controllers\Dashboard.php(37): view('layouts/body_da...')
#3 C:\wamp64\www\mofuss2\system\CodeIgniter.php(847): App\Controllers\Dashboard->index()
#4 C:\wamp64\www\mofuss2\system\CodeIgniter.php(338): CodeIgniter\CodeIgniter->runController(Object(App\Controllers\Dashboard))
#5 C:\wamp64\www\mofuss2\system\CodeIgniter.php(246): CodeIgniter\CodeIgniter->handleRequest(NULL, Object(Config\Cache), false)
#6 C:\wamp64\www\mofuss2\index.php(45): CodeIgniter\CodeIgniter->run()
#7 {main}
CRITICAL - 2020-03-02 16:17:49 --> Invalid file: layouts/body_dashboard.php
#0 C:\wamp64\www\mofuss2\system\View\View.php(224): CodeIgniter\Exceptions\FrameworkException::forInvalidFile('layouts/body_da...')
#1 C:\wamp64\www\mofuss2\system\Common.php(176): CodeIgniter\View\View->render('layouts/body_da...', Array, NULL)
#2 C:\wamp64\www\mofuss2\app\Controllers\Dashboard.php(37): view('layouts/body_da...')
#3 C:\wamp64\www\mofuss2\system\CodeIgniter.php(847): App\Controllers\Dashboard->index()
#4 C:\wamp64\www\mofuss2\system\CodeIgniter.php(338): CodeIgniter\CodeIgniter->runController(Object(App\Controllers\Dashboard))
#5 C:\wamp64\www\mofuss2\system\CodeIgniter.php(246): CodeIgniter\CodeIgniter->handleRequest(NULL, Object(Config\Cache), false)
#6 C:\wamp64\www\mofuss2\index.php(45): CodeIgniter\CodeIgniter->run()
#7 {main}
CRITICAL - 2020-03-02 16:18:30 --> Invalid file: main/body_dashboard.php
#0 C:\wamp64\www\mofuss2\system\View\View.php(224): CodeIgniter\Exceptions\FrameworkException::forInvalidFile('main/body_dashb...')
#1 C:\wamp64\www\mofuss2\system\Common.php(176): CodeIgniter\View\View->render('main/body_dashb...', Array, NULL)
#2 C:\wamp64\www\mofuss2\app\Controllers\Dashboard.php(37): view('main/body_dashb...')
#3 C:\wamp64\www\mofuss2\system\CodeIgniter.php(847): App\Controllers\Dashboard->index()
#4 C:\wamp64\www\mofuss2\system\CodeIgniter.php(338): CodeIgniter\CodeIgniter->runController(Object(App\Controllers\Dashboard))
#5 C:\wamp64\www\mofuss2\system\CodeIgniter.php(246): CodeIgniter\CodeIgniter->handleRequest(NULL, Object(Config\Cache), false)
#6 C:\wamp64\www\mofuss2\index.php(45): CodeIgniter\CodeIgniter->run()
#7 {main}
