CRITICAL - 2020-04-24 16:43:40 --> Invalid file: layouts/selected.php
#0 /home/vagrant/code/SistemaWeb/mofuss-laravel/system/View/View.php(224): CodeIgniter\Exceptions\FrameworkException::forInvalidFile('layouts/selecte...')
#1 /home/vagrant/code/SistemaWeb/mofuss-laravel/system/Common.php(176): CodeIgniter\View\View->render('layouts/selecte...', Array, NULL)
#2 /home/vagrant/code/SistemaWeb/mofuss-laravel/app/Controllers/Dashboard.php(98): view('layouts/selecte...')
#3 /home/vagrant/code/SistemaWeb/mofuss-laravel/system/CodeIgniter.php(847): App\Controllers\Dashboard->country('ZM')
#4 /home/vagrant/code/SistemaWeb/mofuss-laravel/system/CodeIgniter.php(338): CodeIgniter\CodeIgniter->runController(Object(App\Controllers\Dashboard))
#5 /home/vagrant/code/SistemaWeb/mofuss-laravel/system/CodeIgniter.php(246): CodeIgniter\CodeIgniter->handleRequest(NULL, Object(Config\Cache), false)
#6 /home/vagrant/code/SistemaWeb/mofuss-laravel/index.php(45): CodeIgniter\CodeIgniter->run()
#7 {main}
CRITICAL - 2020-04-24 16:43:44 --> Invalid file: layouts/selected.php
#0 /home/vagrant/code/SistemaWeb/mofuss-laravel/system/View/View.php(224): CodeIgniter\Exceptions\FrameworkException::forInvalidFile('layouts/selecte...')
#1 /home/vagrant/code/SistemaWeb/mofuss-laravel/system/Common.php(176): CodeIgniter\View\View->render('layouts/selecte...', Array, NULL)
#2 /home/vagrant/code/SistemaWeb/mofuss-laravel/app/Controllers/Dashboard.php(98): view('layouts/selecte...')
#3 /home/vagrant/code/SistemaWeb/mofuss-laravel/system/CodeIgniter.php(847): App\Controllers\Dashboard->country('ZM')
#4 /home/vagrant/code/SistemaWeb/mofuss-laravel/system/CodeIgniter.php(338): CodeIgniter\CodeIgniter->runController(Object(App\Controllers\Dashboard))
#5 /home/vagrant/code/SistemaWeb/mofuss-laravel/system/CodeIgniter.php(246): CodeIgniter\CodeIgniter->handleRequest(NULL, Object(Config\Cache), false)
#6 /home/vagrant/code/SistemaWeb/mofuss-laravel/index.php(45): CodeIgniter\CodeIgniter->run()
#7 {main}
CRITICAL - 2020-04-24 16:43:56 --> Invalid file: layouts/selected.php
#0 /home/vagrant/code/SistemaWeb/mofuss-laravel/system/View/View.php(224): CodeIgniter\Exceptions\FrameworkException::forInvalidFile('layouts/selecte...')
#1 /home/vagrant/code/SistemaWeb/mofuss-laravel/system/Common.php(176): CodeIgniter\View\View->render('layouts/selecte...', Array, NULL)
#2 /home/vagrant/code/SistemaWeb/mofuss-laravel/app/Controllers/Dashboard.php(98): view('layouts/selecte...')
#3 /home/vagrant/code/SistemaWeb/mofuss-laravel/system/CodeIgniter.php(847): App\Controllers\Dashboard->country('ZM')
#4 /home/vagrant/code/SistemaWeb/mofuss-laravel/system/CodeIgniter.php(338): CodeIgniter\CodeIgniter->runController(Object(App\Controllers\Dashboard))
#5 /home/vagrant/code/SistemaWeb/mofuss-laravel/system/CodeIgniter.php(246): CodeIgniter\CodeIgniter->handleRequest(NULL, Object(Config\Cache), false)
#6 /home/vagrant/code/SistemaWeb/mofuss-laravel/index.php(45): CodeIgniter\CodeIgniter->run()
#7 {main}
CRITICAL - 2020-04-24 16:43:59 --> Invalid file: layouts/selected.php
#0 /home/vagrant/code/SistemaWeb/mofuss-laravel/system/View/View.php(224): CodeIgniter\Exceptions\FrameworkException::forInvalidFile('layouts/selecte...')
#1 /home/vagrant/code/SistemaWeb/mofuss-laravel/system/Common.php(176): CodeIgniter\View\View->render('layouts/selecte...', Array, NULL)
#2 /home/vagrant/code/SistemaWeb/mofuss-laravel/app/Controllers/Dashboard.php(98): view('layouts/selecte...')
#3 /home/vagrant/code/SistemaWeb/mofuss-laravel/system/CodeIgniter.php(847): App\Controllers\Dashboard->country('ZM')
#4 /home/vagrant/code/SistemaWeb/mofuss-laravel/system/CodeIgniter.php(338): CodeIgniter\CodeIgniter->runController(Object(App\Controllers\Dashboard))
#5 /home/vagrant/code/SistemaWeb/mofuss-laravel/system/CodeIgniter.php(246): CodeIgniter\CodeIgniter->handleRequest(NULL, Object(Config\Cache), false)
#6 /home/vagrant/code/SistemaWeb/mofuss-laravel/index.php(45): CodeIgniter\CodeIgniter->run()
#7 {main}
CRITICAL - 2020-04-24 16:44:16 --> Invalid file: layouts/selected.php
#0 /home/vagrant/code/SistemaWeb/mofuss-laravel/system/View/View.php(224): CodeIgniter\Exceptions\FrameworkException::forInvalidFile('layouts/selecte...')
#1 /home/vagrant/code/SistemaWeb/mofuss-laravel/system/Common.php(176): CodeIgniter\View\View->render('layouts/selecte...', Array, NULL)
#2 /home/vagrant/code/SistemaWeb/mofuss-laravel/app/Controllers/Dashboard.php(98): view('layouts/selecte...')
#3 /home/vagrant/code/SistemaWeb/mofuss-laravel/system/CodeIgniter.php(847): App\Controllers\Dashboard->country('ZM')
#4 /home/vagrant/code/SistemaWeb/mofuss-laravel/system/CodeIgniter.php(338): CodeIgniter\CodeIgniter->runController(Object(App\Controllers\Dashboard))
#5 /home/vagrant/code/SistemaWeb/mofuss-laravel/system/CodeIgniter.php(246): CodeIgniter\CodeIgniter->handleRequest(NULL, Object(Config\Cache), false)
#6 /home/vagrant/code/SistemaWeb/mofuss-laravel/index.php(45): CodeIgniter\CodeIgniter->run()
#7 {main}
CRITICAL - 2020-04-24 16:45:09 --> Invalid file: layouts/selected.php
#0 /home/vagrant/code/SistemaWeb/mofuss-laravel/system/View/View.php(224): CodeIgniter\Exceptions\FrameworkException::forInvalidFile('layouts/selecte...')
#1 /home/vagrant/code/SistemaWeb/mofuss-laravel/system/Common.php(176): CodeIgniter\View\View->render('layouts/selecte...', Array, NULL)
#2 /home/vagrant/code/SistemaWeb/mofuss-laravel/app/Controllers/Dashboard.php(98): view('layouts/selecte...')
#3 /home/vagrant/code/SistemaWeb/mofuss-laravel/system/CodeIgniter.php(847): App\Controllers\Dashboard->country('ZM')
#4 /home/vagrant/code/SistemaWeb/mofuss-laravel/system/CodeIgniter.php(338): CodeIgniter\CodeIgniter->runController(Object(App\Controllers\Dashboard))
#5 /home/vagrant/code/SistemaWeb/mofuss-laravel/system/CodeIgniter.php(246): CodeIgniter\CodeIgniter->handleRequest(NULL, Object(Config\Cache), false)
#6 /home/vagrant/code/SistemaWeb/mofuss-laravel/index.php(45): CodeIgniter\CodeIgniter->run()
#7 {main}
CRITICAL - 2020-04-24 16:45:43 --> Invalid file: layouts/selected.php
#0 /home/vagrant/code/SistemaWeb/mofuss-laravel/system/View/View.php(224): CodeIgniter\Exceptions\FrameworkException::forInvalidFile('layouts/selecte...')
#1 /home/vagrant/code/SistemaWeb/mofuss-laravel/system/Common.php(176): CodeIgniter\View\View->render('layouts/selecte...', Array, NULL)
#2 /home/vagrant/code/SistemaWeb/mofuss-laravel/app/Controllers/Dashboard.php(98): view('layouts/selecte...')
#3 /home/vagrant/code/SistemaWeb/mofuss-laravel/system/CodeIgniter.php(847): App\Controllers\Dashboard->country('ZM')
#4 /home/vagrant/code/SistemaWeb/mofuss-laravel/system/CodeIgniter.php(338): CodeIgniter\CodeIgniter->runController(Object(App\Controllers\Dashboard))
#5 /home/vagrant/code/SistemaWeb/mofuss-laravel/system/CodeIgniter.php(246): CodeIgniter\CodeIgniter->handleRequest(NULL, Object(Config\Cache), false)
#6 /home/vagrant/code/SistemaWeb/mofuss-laravel/index.php(45): CodeIgniter\CodeIgniter->run()
#7 {main}
CRITICAL - 2020-04-24 16:45:48 --> Invalid file: layouts/selected.php
#0 /home/vagrant/code/SistemaWeb/mofuss-laravel/system/View/View.php(224): CodeIgniter\Exceptions\FrameworkException::forInvalidFile('layouts/selecte...')
#1 /home/vagrant/code/SistemaWeb/mofuss-laravel/system/Common.php(176): CodeIgniter\View\View->render('layouts/selecte...', Array, NULL)
#2 /home/vagrant/code/SistemaWeb/mofuss-laravel/app/Controllers/Dashboard.php(98): view('layouts/selecte...')
#3 /home/vagrant/code/SistemaWeb/mofuss-laravel/system/CodeIgniter.php(847): App\Controllers\Dashboard->country('ZM')
#4 /home/vagrant/code/SistemaWeb/mofuss-laravel/system/CodeIgniter.php(338): CodeIgniter\CodeIgniter->runController(Object(App\Controllers\Dashboard))
#5 /home/vagrant/code/SistemaWeb/mofuss-laravel/system/CodeIgniter.php(246): CodeIgniter\CodeIgniter->handleRequest(NULL, Object(Config\Cache), false)
#6 /home/vagrant/code/SistemaWeb/mofuss-laravel/index.php(45): CodeIgniter\CodeIgniter->run()
#7 {main}
CRITICAL - 2020-04-24 18:20:43 --> syntax error, unexpected 'echo' (T_ECHO)
#0 /home/vagrant/code/SistemaWeb/mofuss-laravel/system/Router/Router.php(192): CodeIgniter\Router\Router->autoRoute('select')
#1 /home/vagrant/code/SistemaWeb/mofuss-laravel/system/CodeIgniter.php(725): CodeIgniter\Router\Router->handle('select')
#2 /home/vagrant/code/SistemaWeb/mofuss-laravel/system/CodeIgniter.php(298): CodeIgniter\CodeIgniter->tryToRouteIt(Object(CodeIgniter\Router\RouteCollection))
#3 /home/vagrant/code/SistemaWeb/mofuss-laravel/system/CodeIgniter.php(246): CodeIgniter\CodeIgniter->handleRequest(NULL, Object(Config\Cache), false)
#4 /home/vagrant/code/SistemaWeb/mofuss-laravel/index.php(45): CodeIgniter\CodeIgniter->run()
#5 {main}
CRITICAL - 2020-04-24 18:21:43 --> syntax error, unexpected 'echo' (T_ECHO)
#0 /home/vagrant/code/SistemaWeb/mofuss-laravel/system/Router/Router.php(192): CodeIgniter\Router\Router->autoRoute('select')
#1 /home/vagrant/code/SistemaWeb/mofuss-laravel/system/CodeIgniter.php(725): CodeIgniter\Router\Router->handle('select')
#2 /home/vagrant/code/SistemaWeb/mofuss-laravel/system/CodeIgniter.php(298): CodeIgniter\CodeIgniter->tryToRouteIt(Object(CodeIgniter\Router\RouteCollection))
#3 /home/vagrant/code/SistemaWeb/mofuss-laravel/system/CodeIgniter.php(246): CodeIgniter\CodeIgniter->handleRequest(NULL, Object(Config\Cache), false)
#4 /home/vagrant/code/SistemaWeb/mofuss-laravel/index.php(45): CodeIgniter\CodeIgniter->run()
#5 {main}
CRITICAL - 2020-04-24 18:36:01 --> Undefined variable: data
#0 /home/vagrant/code/SistemaWeb/mofuss-laravel/app/Controllers/Select.php(40): CodeIgniter\Debug\Exceptions->errorHandler(8, 'Undefined varia...', '/home/vagrant/c...', 40, Array)
#1 /home/vagrant/code/SistemaWeb/mofuss-laravel/system/CodeIgniter.php(847): App\Controllers\Select->index()
#2 /home/vagrant/code/SistemaWeb/mofuss-laravel/system/CodeIgniter.php(338): CodeIgniter\CodeIgniter->runController(Object(App\Controllers\Select))
#3 /home/vagrant/code/SistemaWeb/mofuss-laravel/system/CodeIgniter.php(246): CodeIgniter\CodeIgniter->handleRequest(NULL, Object(Config\Cache), false)
#4 /home/vagrant/code/SistemaWeb/mofuss-laravel/index.php(45): CodeIgniter\CodeIgniter->run()
#5 {main}
CRITICAL - 2020-04-24 18:46:14 --> Undefined index: country_code
#0 /home/vagrant/code/SistemaWeb/mofuss-laravel/app/Controllers/Select.php(41): CodeIgniter\Debug\Exceptions->errorHandler(8, 'Undefined index...', '/home/vagrant/c...', 41, Array)
#1 /home/vagrant/code/SistemaWeb/mofuss-laravel/system/CodeIgniter.php(847): App\Controllers\Select->index()
#2 /home/vagrant/code/SistemaWeb/mofuss-laravel/system/CodeIgniter.php(338): CodeIgniter\CodeIgniter->runController(Object(App\Controllers\Select))
#3 /home/vagrant/code/SistemaWeb/mofuss-laravel/system/CodeIgniter.php(246): CodeIgniter\CodeIgniter->handleRequest(NULL, Object(Config\Cache), false)
#4 /home/vagrant/code/SistemaWeb/mofuss-laravel/index.php(45): CodeIgniter\CodeIgniter->run()
#5 {main}
CRITICAL - 2020-04-24 18:51:33 --> Undefined variable: nivel
#0 /home/vagrant/code/SistemaWeb/mofuss-laravel/app/Views/layouts/footer_dashboard.php(37): CodeIgniter\Debug\Exceptions->errorHandler(8, 'Undefined varia...', '/home/vagrant/c...', 37, Array)
#1 /home/vagrant/code/SistemaWeb/mofuss-laravel/system/View/View.php(236): include('/home/vagrant/c...')
#2 /home/vagrant/code/SistemaWeb/mofuss-laravel/system/Common.php(176): CodeIgniter\View\View->render('layouts/footer_...', Array, NULL)
#3 /home/vagrant/code/SistemaWeb/mofuss-laravel/app/Controllers/Select.php(52): view('layouts/footer_...', Array)
#4 /home/vagrant/code/SistemaWeb/mofuss-laravel/system/CodeIgniter.php(847): App\Controllers\Select->index()
#5 /home/vagrant/code/SistemaWeb/mofuss-laravel/system/CodeIgniter.php(338): CodeIgniter\CodeIgniter->runController(Object(App\Controllers\Select))
#6 /home/vagrant/code/SistemaWeb/mofuss-laravel/system/CodeIgniter.php(246): CodeIgniter\CodeIgniter->handleRequest(NULL, Object(Config\Cache), false)
#7 /home/vagrant/code/SistemaWeb/mofuss-laravel/index.php(45): CodeIgniter\CodeIgniter->run()
#8 {main}
CRITICAL - 2020-04-24 18:51:35 --> Undefined variable: nivel
#0 /home/vagrant/code/SistemaWeb/mofuss-laravel/app/Views/layouts/footer_dashboard.php(37): CodeIgniter\Debug\Exceptions->errorHandler(8, 'Undefined varia...', '/home/vagrant/c...', 37, Array)
#1 /home/vagrant/code/SistemaWeb/mofuss-laravel/system/View/View.php(236): include('/home/vagrant/c...')
#2 /home/vagrant/code/SistemaWeb/mofuss-laravel/system/Common.php(176): CodeIgniter\View\View->render('layouts/footer_...', Array, NULL)
#3 /home/vagrant/code/SistemaWeb/mofuss-laravel/app/Controllers/Dashboard.php(109): view('layouts/footer_...', Array)
#4 /home/vagrant/code/SistemaWeb/mofuss-laravel/system/CodeIgniter.php(847): App\Controllers\Dashboard->country('ZM')
#5 /home/vagrant/code/SistemaWeb/mofuss-laravel/system/CodeIgniter.php(338): CodeIgniter\CodeIgniter->runController(Object(App\Controllers\Dashboard))
#6 /home/vagrant/code/SistemaWeb/mofuss-laravel/system/CodeIgniter.php(246): CodeIgniter\CodeIgniter->handleRequest(NULL, Object(Config\Cache), false)
#7 /home/vagrant/code/SistemaWeb/mofuss-laravel/index.php(45): CodeIgniter\CodeIgniter->run()
#8 {main}
CRITICAL - 2020-04-24 18:51:41 --> Undefined variable: nivel
#0 /home/vagrant/code/SistemaWeb/mofuss-laravel/app/Views/layouts/footer_dashboard.php(37): CodeIgniter\Debug\Exceptions->errorHandler(8, 'Undefined varia...', '/home/vagrant/c...', 37, Array)
#1 /home/vagrant/code/SistemaWeb/mofuss-laravel/system/View/View.php(236): include('/home/vagrant/c...')
#2 /home/vagrant/code/SistemaWeb/mofuss-laravel/system/Common.php(176): CodeIgniter\View\View->render('layouts/footer_...', Array, NULL)
#3 /home/vagrant/code/SistemaWeb/mofuss-laravel/app/Controllers/Dashboard.php(109): view('layouts/footer_...', Array)
#4 /home/vagrant/code/SistemaWeb/mofuss-laravel/system/CodeIgniter.php(847): App\Controllers\Dashboard->country('ZM')
#5 /home/vagrant/code/SistemaWeb/mofuss-laravel/system/CodeIgniter.php(338): CodeIgniter\CodeIgniter->runController(Object(App\Controllers\Dashboard))
#6 /home/vagrant/code/SistemaWeb/mofuss-laravel/system/CodeIgniter.php(246): CodeIgniter\CodeIgniter->handleRequest(NULL, Object(Config\Cache), false)
#7 /home/vagrant/code/SistemaWeb/mofuss-laravel/index.php(45): CodeIgniter\CodeIgniter->run()
#8 {main}
CRITICAL - 2020-04-24 18:52:04 --> Undefined variable: nivel
#0 /home/vagrant/code/SistemaWeb/mofuss-laravel/app/Views/layouts/footer_dashboard.php(37): CodeIgniter\Debug\Exceptions->errorHandler(8, 'Undefined varia...', '/home/vagrant/c...', 37, Array)
#1 /home/vagrant/code/SistemaWeb/mofuss-laravel/system/View/View.php(236): include('/home/vagrant/c...')
#2 /home/vagrant/code/SistemaWeb/mofuss-laravel/system/Common.php(176): CodeIgniter\View\View->render('layouts/footer_...', Array, NULL)
#3 /home/vagrant/code/SistemaWeb/mofuss-laravel/app/Controllers/Dashboard.php(109): view('layouts/footer_...', Array)
#4 /home/vagrant/code/SistemaWeb/mofuss-laravel/system/CodeIgniter.php(847): App\Controllers\Dashboard->country('ZM')
#5 /home/vagrant/code/SistemaWeb/mofuss-laravel/system/CodeIgniter.php(338): CodeIgniter\CodeIgniter->runController(Object(App\Controllers\Dashboard))
#6 /home/vagrant/code/SistemaWeb/mofuss-laravel/system/CodeIgniter.php(246): CodeIgniter\CodeIgniter->handleRequest(NULL, Object(Config\Cache), false)
#7 /home/vagrant/code/SistemaWeb/mofuss-laravel/index.php(45): CodeIgniter\CodeIgniter->run()
#8 {main}
CRITICAL - 2020-04-24 18:52:06 --> Undefined variable: nivel
#0 /home/vagrant/code/SistemaWeb/mofuss-laravel/app/Views/layouts/footer_dashboard.php(37): CodeIgniter\Debug\Exceptions->errorHandler(8, 'Undefined varia...', '/home/vagrant/c...', 37, Array)
#1 /home/vagrant/code/SistemaWeb/mofuss-laravel/system/View/View.php(236): include('/home/vagrant/c...')
#2 /home/vagrant/code/SistemaWeb/mofuss-laravel/system/Common.php(176): CodeIgniter\View\View->render('layouts/footer_...', Array, NULL)
#3 /home/vagrant/code/SistemaWeb/mofuss-laravel/app/Controllers/Dashboard.php(109): view('layouts/footer_...', Array)
#4 /home/vagrant/code/SistemaWeb/mofuss-laravel/system/CodeIgniter.php(847): App\Controllers\Dashboard->country('ZM')
#5 /home/vagrant/code/SistemaWeb/mofuss-laravel/system/CodeIgniter.php(338): CodeIgniter\CodeIgniter->runController(Object(App\Controllers\Dashboard))
#6 /home/vagrant/code/SistemaWeb/mofuss-laravel/system/CodeIgniter.php(246): CodeIgniter\CodeIgniter->handleRequest(NULL, Object(Config\Cache), false)
#7 /home/vagrant/code/SistemaWeb/mofuss-laravel/index.php(45): CodeIgniter\CodeIgniter->run()
#8 {main}
CRITICAL - 2020-04-24 18:53:30 --> Undefined variable: nivel
#0 /home/vagrant/code/SistemaWeb/mofuss-laravel/app/Views/layouts/footer_dashboard.php(37): CodeIgniter\Debug\Exceptions->errorHandler(8, 'Undefined varia...', '/home/vagrant/c...', 37, Array)
#1 /home/vagrant/code/SistemaWeb/mofuss-laravel/system/View/View.php(236): include('/home/vagrant/c...')
#2 /home/vagrant/code/SistemaWeb/mofuss-laravel/system/Common.php(176): CodeIgniter\View\View->render('layouts/footer_...', Array, NULL)
#3 /home/vagrant/code/SistemaWeb/mofuss-laravel/app/Controllers/Dashboard.php(109): view('layouts/footer_...', Array)
#4 /home/vagrant/code/SistemaWeb/mofuss-laravel/system/CodeIgniter.php(847): App\Controllers\Dashboard->country('ZM')
#5 /home/vagrant/code/SistemaWeb/mofuss-laravel/system/CodeIgniter.php(338): CodeIgniter\CodeIgniter->runController(Object(App\Controllers\Dashboard))
#6 /home/vagrant/code/SistemaWeb/mofuss-laravel/system/CodeIgniter.php(246): CodeIgniter\CodeIgniter->handleRequest(NULL, Object(Config\Cache), false)
#7 /home/vagrant/code/SistemaWeb/mofuss-laravel/index.php(45): CodeIgniter\CodeIgniter->run()
#8 {main}
CRITICAL - 2020-04-24 18:54:18 --> Undefined variable: level
#0 /home/vagrant/code/SistemaWeb/mofuss-laravel/app/Views/layouts/footer_dashboard.php(37): CodeIgniter\Debug\Exceptions->errorHandler(8, 'Undefined varia...', '/home/vagrant/c...', 37, Array)
#1 /home/vagrant/code/SistemaWeb/mofuss-laravel/system/View/View.php(236): include('/home/vagrant/c...')
#2 /home/vagrant/code/SistemaWeb/mofuss-laravel/system/Common.php(176): CodeIgniter\View\View->render('layouts/footer_...', Array, NULL)
#3 /home/vagrant/code/SistemaWeb/mofuss-laravel/app/Controllers/Select.php(52): view('layouts/footer_...', Array)
#4 /home/vagrant/code/SistemaWeb/mofuss-laravel/system/CodeIgniter.php(847): App\Controllers\Select->index()
#5 /home/vagrant/code/SistemaWeb/mofuss-laravel/system/CodeIgniter.php(338): CodeIgniter\CodeIgniter->runController(Object(App\Controllers\Select))
#6 /home/vagrant/code/SistemaWeb/mofuss-laravel/system/CodeIgniter.php(246): CodeIgniter\CodeIgniter->handleRequest(NULL, Object(Config\Cache), false)
#7 /home/vagrant/code/SistemaWeb/mofuss-laravel/index.php(45): CodeIgniter\CodeIgniter->run()
#8 {main}
CRITICAL - 2020-04-24 20:03:43 --> Class 'Symfony\Component\Process\Process' not found
#0 /home/vagrant/code/SistemaWeb/mofuss-laravel/system/CodeIgniter.php(847): App\Controllers\Select->index()
#1 /home/vagrant/code/SistemaWeb/mofuss-laravel/system/CodeIgniter.php(338): CodeIgniter\CodeIgniter->runController(Object(App\Controllers\Select))
#2 /home/vagrant/code/SistemaWeb/mofuss-laravel/system/CodeIgniter.php(246): CodeIgniter\CodeIgniter->handleRequest(NULL, Object(Config\Cache), false)
#3 /home/vagrant/code/SistemaWeb/mofuss-laravel/index.php(45): CodeIgniter\CodeIgniter->run()
#4 {main}
CRITICAL - 2020-04-24 20:35:16 --> fopen(/home/vagrant/code/SistemaWeb/mofuss-laravel/scripts-gis2/LULCC/SourceData/InVector_GCS/coords.kml): failed to open stream: No such file or directory
#0 [internal function]: CodeIgniter\Debug\Exceptions->errorHandler(2, 'fopen(/home/vag...', '/home/vagrant/c...', 19, Array)
#1 /home/vagrant/code/SistemaWeb/mofuss-laravel/app/Controllers/Select.php(19): fopen('/home/vagrant/c...', 'w')
#2 /home/vagrant/code/SistemaWeb/mofuss-laravel/system/CodeIgniter.php(847): App\Controllers\Select->index()
#3 /home/vagrant/code/SistemaWeb/mofuss-laravel/system/CodeIgniter.php(338): CodeIgniter\CodeIgniter->runController(Object(App\Controllers\Select))
#4 /home/vagrant/code/SistemaWeb/mofuss-laravel/system/CodeIgniter.php(246): CodeIgniter\CodeIgniter->handleRequest(NULL, Object(Config\Cache), false)
#5 /home/vagrant/code/SistemaWeb/mofuss-laravel/index.php(45): CodeIgniter\CodeIgniter->run()
#6 {main}
CRITICAL - 2020-04-24 20:36:10 --> fopen(/home/vagrant/code/SistemaWeb/mofuss-laravel/scripts-gis2/LULCC/SourceData/InVector_GCS/coords.kml): failed to open stream: No such file or directory
#0 [internal function]: CodeIgniter\Debug\Exceptions->errorHandler(2, 'fopen(/home/vag...', '/home/vagrant/c...', 19, Array)
#1 /home/vagrant/code/SistemaWeb/mofuss-laravel/app/Controllers/Select.php(19): fopen('/home/vagrant/c...', 'w')
#2 /home/vagrant/code/SistemaWeb/mofuss-laravel/system/CodeIgniter.php(847): App\Controllers\Select->index()
#3 /home/vagrant/code/SistemaWeb/mofuss-laravel/system/CodeIgniter.php(338): CodeIgniter\CodeIgniter->runController(Object(App\Controllers\Select))
#4 /home/vagrant/code/SistemaWeb/mofuss-laravel/system/CodeIgniter.php(246): CodeIgniter\CodeIgniter->handleRequest(NULL, Object(Config\Cache), false)
#5 /home/vagrant/code/SistemaWeb/mofuss-laravel/index.php(45): CodeIgniter\CodeIgniter->run()
#6 {main}
CRITICAL - 2020-04-24 20:36:24 --> fopen(/home/vagrant/code/SistemaWeb/mofuss-laravelpublic/scripts-gis2/LULCC/SourceData/InVector_GCS/coords.kml): failed to open stream: No such file or directory
#0 [internal function]: CodeIgniter\Debug\Exceptions->errorHandler(2, 'fopen(/home/vag...', '/home/vagrant/c...', 19, Array)
#1 /home/vagrant/code/SistemaWeb/mofuss-laravel/app/Controllers/Select.php(19): fopen('/home/vagrant/c...', 'w')
#2 /home/vagrant/code/SistemaWeb/mofuss-laravel/system/CodeIgniter.php(847): App\Controllers\Select->index()
#3 /home/vagrant/code/SistemaWeb/mofuss-laravel/system/CodeIgniter.php(338): CodeIgniter\CodeIgniter->runController(Object(App\Controllers\Select))
#4 /home/vagrant/code/SistemaWeb/mofuss-laravel/system/CodeIgniter.php(246): CodeIgniter\CodeIgniter->handleRequest(NULL, Object(Config\Cache), false)
#5 /home/vagrant/code/SistemaWeb/mofuss-laravel/index.php(45): CodeIgniter\CodeIgniter->run()
#6 {main}
CRITICAL - 2020-04-24 22:04:04 --> Class 'Symfony\Component\Process\Process' not found
#0 /home/vagrant/code/SistemaWeb/mofuss-laravel/system/CodeIgniter.php(847): App\Controllers\Select->index()
#1 /home/vagrant/code/SistemaWeb/mofuss-laravel/system/CodeIgniter.php(338): CodeIgniter\CodeIgniter->runController(Object(App\Controllers\Select))
#2 /home/vagrant/code/SistemaWeb/mofuss-laravel/system/CodeIgniter.php(246): CodeIgniter\CodeIgniter->handleRequest(NULL, Object(Config\Cache), false)
#3 /home/vagrant/code/SistemaWeb/mofuss-laravel/index.php(45): CodeIgniter\CodeIgniter->run()
#4 {main}
CRITICAL - 2020-04-24 22:05:01 --> Cannot declare class App\Controllers\Process because the name is already in use
#0 [internal function]: CodeIgniter\Debug\Exceptions->shutdownHandler()
#1 {main}
CRITICAL - 2020-04-24 22:06:03 --> Call to undefined function App\Controllers\start()
#0 /home/vagrant/code/SistemaWeb/mofuss-laravel/system/CodeIgniter.php(847): App\Controllers\Select->index()
#1 /home/vagrant/code/SistemaWeb/mofuss-laravel/system/CodeIgniter.php(338): CodeIgniter\CodeIgniter->runController(Object(App\Controllers\Select))
#2 /home/vagrant/code/SistemaWeb/mofuss-laravel/system/CodeIgniter.php(246): CodeIgniter\CodeIgniter->handleRequest(NULL, Object(Config\Cache), false)
#3 /home/vagrant/code/SistemaWeb/mofuss-laravel/index.php(45): CodeIgniter\CodeIgniter->run()
#4 {main}
CRITICAL - 2020-04-24 22:06:19 --> Call to undefined function App\Controllers\stop()
#0 /home/vagrant/code/SistemaWeb/mofuss-laravel/system/CodeIgniter.php(847): App\Controllers\Select->index()
#1 /home/vagrant/code/SistemaWeb/mofuss-laravel/system/CodeIgniter.php(338): CodeIgniter\CodeIgniter->runController(Object(App\Controllers\Select))
#2 /home/vagrant/code/SistemaWeb/mofuss-laravel/system/CodeIgniter.php(246): CodeIgniter\CodeIgniter->handleRequest(NULL, Object(Config\Cache), false)
#3 /home/vagrant/code/SistemaWeb/mofuss-laravel/index.php(45): CodeIgniter\CodeIgniter->run()
#4 {main}
CRITICAL - 2020-04-24 22:08:25 --> syntax error, unexpected '='
#0 /home/vagrant/code/SistemaWeb/mofuss-laravel/system/Router/Router.php(192): CodeIgniter\Router\Router->autoRoute('select')
#1 /home/vagrant/code/SistemaWeb/mofuss-laravel/system/CodeIgniter.php(725): CodeIgniter\Router\Router->handle('select')
#2 /home/vagrant/code/SistemaWeb/mofuss-laravel/system/CodeIgniter.php(298): CodeIgniter\CodeIgniter->tryToRouteIt(Object(CodeIgniter\Router\RouteCollection))
#3 /home/vagrant/code/SistemaWeb/mofuss-laravel/system/CodeIgniter.php(246): CodeIgniter\CodeIgniter->handleRequest(NULL, Object(Config\Cache), false)
#4 /home/vagrant/code/SistemaWeb/mofuss-laravel/index.php(45): CodeIgniter\CodeIgniter->run()
#5 {main}
CRITICAL - 2020-04-24 22:08:32 --> syntax error, unexpected '='
#0 /home/vagrant/code/SistemaWeb/mofuss-laravel/system/Router/Router.php(192): CodeIgniter\Router\Router->autoRoute('select')
#1 /home/vagrant/code/SistemaWeb/mofuss-laravel/system/CodeIgniter.php(725): CodeIgniter\Router\Router->handle('select')
#2 /home/vagrant/code/SistemaWeb/mofuss-laravel/system/CodeIgniter.php(298): CodeIgniter\CodeIgniter->tryToRouteIt(Object(CodeIgniter\Router\RouteCollection))
#3 /home/vagrant/code/SistemaWeb/mofuss-laravel/system/CodeIgniter.php(246): CodeIgniter\CodeIgniter->handleRequest(NULL, Object(Config\Cache), false)
#4 /home/vagrant/code/SistemaWeb/mofuss-laravel/index.php(45): CodeIgniter\CodeIgniter->run()
#5 {main}
CRITICAL - 2020-04-24 22:09:21 --> syntax error, unexpected 'layouts' (T_STRING), expecting ')'
#0 /home/vagrant/code/SistemaWeb/mofuss-laravel/system/Router/Router.php(192): CodeIgniter\Router\Router->autoRoute('select')
#1 /home/vagrant/code/SistemaWeb/mofuss-laravel/system/CodeIgniter.php(725): CodeIgniter\Router\Router->handle('select')
#2 /home/vagrant/code/SistemaWeb/mofuss-laravel/system/CodeIgniter.php(298): CodeIgniter\CodeIgniter->tryToRouteIt(Object(CodeIgniter\Router\RouteCollection))
#3 /home/vagrant/code/SistemaWeb/mofuss-laravel/system/CodeIgniter.php(246): CodeIgniter\CodeIgniter->handleRequest(NULL, Object(Config\Cache), false)
#4 /home/vagrant/code/SistemaWeb/mofuss-laravel/index.php(45): CodeIgniter\CodeIgniter->run()
#5 {main}
