CRITICAL - 2020-05-10 14:32:08 --> Invalid file: {0}
#0 /var/www/html/mofuss/WebBasedMofuss/SistemaWeb/mofuss-laravel/system/View/View.php(224): CodeIgniter\Exceptions\FrameworkException::forInvalidFile('layouts/footer_...')
#1 /var/www/html/mofuss/WebBasedMofuss/SistemaWeb/mofuss-laravel/system/Common.php(176): CodeIgniter\View\View->render('layouts/footer_...', Array, NULL)
#2 /var/www/html/mofuss/WebBasedMofuss/SistemaWeb/mofuss-laravel/app/Controllers/Dashboard.php(140): view('layouts/footer_...', Array)
#3 /var/www/html/mofuss/WebBasedMofuss/SistemaWeb/mofuss-laravel/system/CodeIgniter.php(847): App\Controllers\Dashboard->country('ZM')
#4 /var/www/html/mofuss/WebBasedMofuss/SistemaWeb/mofuss-laravel/system/CodeIgniter.php(338): CodeIgniter\CodeIgniter->runController(Object(App\Controllers\Dashboard))
#5 /var/www/html/mofuss/WebBasedMofuss/SistemaWeb/mofuss-laravel/system/CodeIgniter.php(246): CodeIgniter\CodeIgniter->handleRequest(NULL, Object(Config\Cache), false)
#6 /var/www/html/mofuss/WebBasedMofuss/SistemaWeb/mofuss-laravel/index.php(45): CodeIgniter\CodeIgniter->run()
#7 {main}
CRITICAL - 2020-05-10 14:32:20 --> Invalid file: {0}
#0 /var/www/html/mofuss/WebBasedMofuss/SistemaWeb/mofuss-laravel/system/View/View.php(224): CodeIgniter\Exceptions\FrameworkException::forInvalidFile('layouts/footer_...')
#1 /var/www/html/mofuss/WebBasedMofuss/SistemaWeb/mofuss-laravel/system/Common.php(176): CodeIgniter\View\View->render('layouts/footer_...', Array, NULL)
#2 /var/www/html/mofuss/WebBasedMofuss/SistemaWeb/mofuss-laravel/app/Controllers/Dashboard.php(140): view('layouts/footer_...', Array)
#3 /var/www/html/mofuss/WebBasedMofuss/SistemaWeb/mofuss-laravel/system/CodeIgniter.php(847): App\Controllers\Dashboard->country('ZM')
#4 /var/www/html/mofuss/WebBasedMofuss/SistemaWeb/mofuss-laravel/system/CodeIgniter.php(338): CodeIgniter\CodeIgniter->runController(Object(App\Controllers\Dashboard))
#5 /var/www/html/mofuss/WebBasedMofuss/SistemaWeb/mofuss-laravel/system/CodeIgniter.php(246): CodeIgniter\CodeIgniter->handleRequest(NULL, Object(Config\Cache), false)
#6 /var/www/html/mofuss/WebBasedMofuss/SistemaWeb/mofuss-laravel/index.php(45): CodeIgniter\CodeIgniter->run()
#7 {main}
CRITICAL - 2020-05-10 14:34:39 --> Invalid file: {0}
#0 /var/www/html/mofuss/WebBasedMofuss/SistemaWeb/mofuss-laravel/system/View/View.php(224): CodeIgniter\Exceptions\FrameworkException::forInvalidFile('layouts/footer_...')
#1 /var/www/html/mofuss/WebBasedMofuss/SistemaWeb/mofuss-laravel/system/Common.php(176): CodeIgniter\View\View->render('layouts/footer_...', Array, NULL)
#2 /var/www/html/mofuss/WebBasedMofuss/SistemaWeb/mofuss-laravel/app/Controllers/Dashboard.php(140): view('layouts/footer_...', Array)
#3 /var/www/html/mofuss/WebBasedMofuss/SistemaWeb/mofuss-laravel/system/CodeIgniter.php(847): App\Controllers\Dashboard->country('ZM')
#4 /var/www/html/mofuss/WebBasedMofuss/SistemaWeb/mofuss-laravel/system/CodeIgniter.php(338): CodeIgniter\CodeIgniter->runController(Object(App\Controllers\Dashboard))
#5 /var/www/html/mofuss/WebBasedMofuss/SistemaWeb/mofuss-laravel/system/CodeIgniter.php(246): CodeIgniter\CodeIgniter->handleRequest(NULL, Object(Config\Cache), false)
#6 /var/www/html/mofuss/WebBasedMofuss/SistemaWeb/mofuss-laravel/index.php(45): CodeIgniter\CodeIgniter->run()
#7 {main}
