CRITICAL - 2020-02-10 17:43:01 --> Invalid file: header_dashboard.php
#0 C:\wamp64\www\mofuss2\system\View\View.php(224): CodeIgniter\Exceptions\FrameworkException::forInvalidFile('header_dashboar...')
#1 C:\wamp64\www\mofuss2\system\Common.php(176): CodeIgniter\View\View->render('header_dashboar...', Array, NULL)
#2 C:\wamp64\www\mofuss2\app\Controllers\Dashboard.php(9): view('header_dashboar...')
#3 C:\wamp64\www\mofuss2\system\CodeIgniter.php(847): App\Controllers\Dashboard->index()
#4 C:\wamp64\www\mofuss2\system\CodeIgniter.php(338): CodeIgniter\CodeIgniter->runController(Object(App\Controllers\Dashboard))
#5 C:\wamp64\www\mofuss2\system\CodeIgniter.php(246): CodeIgniter\CodeIgniter->handleRequest(NULL, Object(Config\Cache), false)
#6 C:\wamp64\www\mofuss2\index.php(45): CodeIgniter\CodeIgniter->run()
#7 {main}
CRITICAL - 2020-02-10 17:43:06 --> Invalid file: header_dashboard.php
#0 C:\wamp64\www\mofuss2\system\View\View.php(224): CodeIgniter\Exceptions\FrameworkException::forInvalidFile('header_dashboar...')
#1 C:\wamp64\www\mofuss2\system\Common.php(176): CodeIgniter\View\View->render('header_dashboar...', Array, NULL)
#2 C:\wamp64\www\mofuss2\app\Controllers\Dashboard.php(9): view('header_dashboar...')
#3 C:\wamp64\www\mofuss2\system\CodeIgniter.php(847): App\Controllers\Dashboard->index()
#4 C:\wamp64\www\mofuss2\system\CodeIgniter.php(338): CodeIgniter\CodeIgniter->runController(Object(App\Controllers\Dashboard))
#5 C:\wamp64\www\mofuss2\system\CodeIgniter.php(246): CodeIgniter\CodeIgniter->handleRequest(NULL, Object(Config\Cache), false)
#6 C:\wamp64\www\mofuss2\index.php(45): CodeIgniter\CodeIgniter->run()
#7 {main}
CRITICAL - 2020-02-10 17:44:12 --> Invalid file: header_dashboard.php
#0 C:\wamp64\www\mofuss2\system\View\View.php(224): CodeIgniter\Exceptions\FrameworkException::forInvalidFile('header_dashboar...')
#1 C:\wamp64\www\mofuss2\system\Common.php(176): CodeIgniter\View\View->render('header_dashboar...', Array, NULL)
#2 C:\wamp64\www\mofuss2\app\Controllers\Dashboard.php(9): view('header_dashboar...')
#3 C:\wamp64\www\mofuss2\system\CodeIgniter.php(847): App\Controllers\Dashboard->index()
#4 C:\wamp64\www\mofuss2\system\CodeIgniter.php(338): CodeIgniter\CodeIgniter->runController(Object(App\Controllers\Dashboard))
#5 C:\wamp64\www\mofuss2\system\CodeIgniter.php(246): CodeIgniter\CodeIgniter->handleRequest(NULL, Object(Config\Cache), false)
#6 C:\wamp64\www\mofuss2\index.php(45): CodeIgniter\CodeIgniter->run()
#7 {main}
CRITICAL - 2020-02-10 17:44:18 --> Invalid file: header_dashboard.php
#0 C:\wamp64\www\mofuss2\system\View\View.php(224): CodeIgniter\Exceptions\FrameworkException::forInvalidFile('header_dashboar...')
#1 C:\wamp64\www\mofuss2\system\Common.php(176): CodeIgniter\View\View->render('header_dashboar...', Array, NULL)
#2 C:\wamp64\www\mofuss2\app\Controllers\Dashboard.php(9): view('header_dashboar...')
#3 C:\wamp64\www\mofuss2\system\CodeIgniter.php(847): App\Controllers\Dashboard->index()
#4 C:\wamp64\www\mofuss2\system\CodeIgniter.php(338): CodeIgniter\CodeIgniter->runController(Object(App\Controllers\Dashboard))
#5 C:\wamp64\www\mofuss2\system\CodeIgniter.php(246): CodeIgniter\CodeIgniter->handleRequest(NULL, Object(Config\Cache), false)
#6 C:\wamp64\www\mofuss2\index.php(45): CodeIgniter\CodeIgniter->run()
#7 {main}
CRITICAL - 2020-02-10 17:44:55 --> Invalid file: header_dashboard.php
#0 C:\wamp64\www\mofuss2\system\View\View.php(224): CodeIgniter\Exceptions\FrameworkException::forInvalidFile('header_dashboar...')
#1 C:\wamp64\www\mofuss2\system\Common.php(176): CodeIgniter\View\View->render('header_dashboar...', Array, NULL)
#2 C:\wamp64\www\mofuss2\app\Controllers\Dashboard.php(9): view('header_dashboar...')
#3 C:\wamp64\www\mofuss2\system\CodeIgniter.php(847): App\Controllers\Dashboard->index()
#4 C:\wamp64\www\mofuss2\system\CodeIgniter.php(338): CodeIgniter\CodeIgniter->runController(Object(App\Controllers\Dashboard))
#5 C:\wamp64\www\mofuss2\system\CodeIgniter.php(246): CodeIgniter\CodeIgniter->handleRequest(NULL, Object(Config\Cache), false)
#6 C:\wamp64\www\mofuss2\index.php(45): CodeIgniter\CodeIgniter->run()
#7 {main}
CRITICAL - 2020-02-10 17:45:41 --> Invalid file: header_dashboard.php
#0 C:\wamp64\www\mofuss2\system\View\View.php(224): CodeIgniter\Exceptions\FrameworkException::forInvalidFile('header_dashboar...')
#1 C:\wamp64\www\mofuss2\system\Common.php(176): CodeIgniter\View\View->render('header_dashboar...', Array, NULL)
#2 C:\wamp64\www\mofuss2\app\Controllers\Dashboard.php(9): view('header_dashboar...')
#3 C:\wamp64\www\mofuss2\system\CodeIgniter.php(847): App\Controllers\Dashboard->index()
#4 C:\wamp64\www\mofuss2\system\CodeIgniter.php(338): CodeIgniter\CodeIgniter->runController(Object(App\Controllers\Dashboard))
#5 C:\wamp64\www\mofuss2\system\CodeIgniter.php(246): CodeIgniter\CodeIgniter->handleRequest(NULL, Object(Config\Cache), false)
#6 C:\wamp64\www\mofuss2\index.php(45): CodeIgniter\CodeIgniter->run()
#7 {main}
CRITICAL - 2020-02-10 17:45:46 --> Invalid file: header_dashboard.php
#0 C:\wamp64\www\mofuss2\system\View\View.php(224): CodeIgniter\Exceptions\FrameworkException::forInvalidFile('header_dashboar...')
#1 C:\wamp64\www\mofuss2\system\Common.php(176): CodeIgniter\View\View->render('header_dashboar...', Array, NULL)
#2 C:\wamp64\www\mofuss2\app\Controllers\Dashboard.php(9): view('header_dashboar...')
#3 C:\wamp64\www\mofuss2\system\CodeIgniter.php(847): App\Controllers\Dashboard->index()
#4 C:\wamp64\www\mofuss2\system\CodeIgniter.php(338): CodeIgniter\CodeIgniter->runController(Object(App\Controllers\Dashboard))
#5 C:\wamp64\www\mofuss2\system\CodeIgniter.php(246): CodeIgniter\CodeIgniter->handleRequest(NULL, Object(Config\Cache), false)
#6 C:\wamp64\www\mofuss2\index.php(45): CodeIgniter\CodeIgniter->run()
#7 {main}
CRITICAL - 2020-02-10 17:47:17 --> Invalid file: header_dashboard.php
#0 C:\wamp64\www\mofuss2\system\View\View.php(224): CodeIgniter\Exceptions\FrameworkException::forInvalidFile('header_dashboar...')
#1 C:\wamp64\www\mofuss2\system\Common.php(176): CodeIgniter\View\View->render('header_dashboar...', Array, NULL)
#2 C:\wamp64\www\mofuss2\app\Controllers\Dashboard.php(9): view('header_dashboar...')
#3 C:\wamp64\www\mofuss2\system\CodeIgniter.php(847): App\Controllers\Dashboard->index()
#4 C:\wamp64\www\mofuss2\system\CodeIgniter.php(338): CodeIgniter\CodeIgniter->runController(Object(App\Controllers\Dashboard))
#5 C:\wamp64\www\mofuss2\system\CodeIgniter.php(246): CodeIgniter\CodeIgniter->handleRequest(NULL, Object(Config\Cache), false)
#6 C:\wamp64\www\mofuss2\index.php(45): CodeIgniter\CodeIgniter->run()
#7 {main}
CRITICAL - 2020-02-10 17:47:22 --> Invalid file: header_dashboard.php
#0 C:\wamp64\www\mofuss2\system\View\View.php(224): CodeIgniter\Exceptions\FrameworkException::forInvalidFile('header_dashboar...')
#1 C:\wamp64\www\mofuss2\system\Common.php(176): CodeIgniter\View\View->render('header_dashboar...', Array, NULL)
#2 C:\wamp64\www\mofuss2\app\Controllers\Dashboard.php(9): view('header_dashboar...')
#3 C:\wamp64\www\mofuss2\system\CodeIgniter.php(847): App\Controllers\Dashboard->index()
#4 C:\wamp64\www\mofuss2\system\CodeIgniter.php(338): CodeIgniter\CodeIgniter->runController(Object(App\Controllers\Dashboard))
#5 C:\wamp64\www\mofuss2\system\CodeIgniter.php(246): CodeIgniter\CodeIgniter->handleRequest(NULL, Object(Config\Cache), false)
#6 C:\wamp64\www\mofuss2\index.php(45): CodeIgniter\CodeIgniter->run()
#7 {main}
CRITICAL - 2020-02-10 17:49:28 --> Invalid file: header_dashboard.php
#0 C:\wamp64\www\mofuss2\system\View\View.php(224): CodeIgniter\Exceptions\FrameworkException::forInvalidFile('header_dashboar...')
#1 C:\wamp64\www\mofuss2\system\Common.php(176): CodeIgniter\View\View->render('header_dashboar...', Array, NULL)
#2 C:\wamp64\www\mofuss2\app\Controllers\Dashboard.php(10): view('header_dashboar...')
#3 C:\wamp64\www\mofuss2\system\CodeIgniter.php(847): App\Controllers\Dashboard->index()
#4 C:\wamp64\www\mofuss2\system\CodeIgniter.php(338): CodeIgniter\CodeIgniter->runController(Object(App\Controllers\Dashboard))
#5 C:\wamp64\www\mofuss2\system\CodeIgniter.php(246): CodeIgniter\CodeIgniter->handleRequest(NULL, Object(Config\Cache), false)
#6 C:\wamp64\www\mofuss2\index.php(45): CodeIgniter\CodeIgniter->run()
#7 {main}
