CRITICAL - 2020-09-28 15:20:09 --> syntax error, unexpected ';', expecting ']'
#0 /var/www/html/mofuss/WebBasedMofuss/SistemaWeb/mofuss-laravel/system/Router/Router.php(192): CodeIgniter\Router\Router->autoRoute('webmofuss/confi...')
#1 /var/www/html/mofuss/WebBasedMofuss/SistemaWeb/mofuss-laravel/system/CodeIgniter.php(725): CodeIgniter\Router\Router->handle('webmofuss/confi...')
#2 /var/www/html/mofuss/WebBasedMofuss/SistemaWeb/mofuss-laravel/system/CodeIgniter.php(298): CodeIgniter\CodeIgniter->tryToRouteIt(Object(CodeIgniter\Router\RouteCollection))
#3 /var/www/html/mofuss/WebBasedMofuss/SistemaWeb/mofuss-laravel/system/CodeIgniter.php(246): CodeIgniter\CodeIgniter->handleRequest(NULL, Object(Config\Cache), false)
#4 /var/www/html/mofuss/WebBasedMofuss/SistemaWeb/mofuss-laravel/index.php(45): CodeIgniter\CodeIgniter->run()
#5 {main}
CRITICAL - 2020-09-28 15:56:20 --> syntax error, unexpected ';', expecting ']'
#0 /var/www/html/mofuss/WebBasedMofuss/SistemaWeb/mofuss-laravel/system/Router/Router.php(192): CodeIgniter\Router\Router->autoRoute('webmofuss/confi...')
#1 /var/www/html/mofuss/WebBasedMofuss/SistemaWeb/mofuss-laravel/system/CodeIgniter.php(725): CodeIgniter\Router\Router->handle('webmofuss/confi...')
#2 /var/www/html/mofuss/WebBasedMofuss/SistemaWeb/mofuss-laravel/system/CodeIgniter.php(298): CodeIgniter\CodeIgniter->tryToRouteIt(Object(CodeIgniter\Router\RouteCollection))
#3 /var/www/html/mofuss/WebBasedMofuss/SistemaWeb/mofuss-laravel/system/CodeIgniter.php(246): CodeIgniter\CodeIgniter->handleRequest(NULL, Object(Config\Cache), false)
#4 /var/www/html/mofuss/WebBasedMofuss/SistemaWeb/mofuss-laravel/index.php(45): CodeIgniter\CodeIgniter->run()
#5 {main}
CRITICAL - 2020-09-28 15:58:13 --> pg_connect(): Unable to connect to PostgreSQL server: FATAL:  Ident authentication failed for user &quot;homestead&quot;
#0 [internal function]: CodeIgniter\Debug\Exceptions->errorHandler(2, 'pg_connect(): U...', '/var/www/html/m...', 98, Array)
#1 /var/www/html/mofuss/WebBasedMofuss/SistemaWeb/mofuss-laravel/system/Database/Postgre/Connection.php(98): pg_connect('host=localhost ...')
#2 /var/www/html/mofuss/WebBasedMofuss/SistemaWeb/mofuss-laravel/system/Database/BaseConnection.php(377): CodeIgniter\Database\Postgre\Connection->connect(false)
#3 /var/www/html/mofuss/WebBasedMofuss/SistemaWeb/mofuss-laravel/system/Database/BaseConnection.php(643): CodeIgniter\Database\BaseConnection->initialize()
#4 /var/www/html/mofuss/WebBasedMofuss/SistemaWeb/mofuss-laravel/system/Database/BaseBuilder.php(1819): CodeIgniter\Database\BaseConnection->query('SELECT *\nFROM "...', Array, false)
#5 /var/www/html/mofuss/WebBasedMofuss/SistemaWeb/mofuss-laravel/system/Model.php(1701): CodeIgniter\Database\BaseBuilder->get()
#6 /var/www/html/mofuss/WebBasedMofuss/SistemaWeb/mofuss-laravel/app/Models/CountriesModel.php(18): CodeIgniter\Model->__call('get', Array)
#7 /var/www/html/mofuss/WebBasedMofuss/SistemaWeb/mofuss-laravel/app/Controllers/Webmofuss.php(17): App\Models\CountriesModel->getdatos()
#8 /var/www/html/mofuss/WebBasedMofuss/SistemaWeb/mofuss-laravel/system/CodeIgniter.php(847): App\Controllers\Webmofuss->configure()
#9 /var/www/html/mofuss/WebBasedMofuss/SistemaWeb/mofuss-laravel/system/CodeIgniter.php(338): CodeIgniter\CodeIgniter->runController(Object(App\Controllers\Webmofuss))
#10 /var/www/html/mofuss/WebBasedMofuss/SistemaWeb/mofuss-laravel/system/CodeIgniter.php(246): CodeIgniter\CodeIgniter->handleRequest(NULL, Object(Config\Cache), false)
#11 /var/www/html/mofuss/WebBasedMofuss/SistemaWeb/mofuss-laravel/index.php(45): CodeIgniter\CodeIgniter->run()
#12 {main}
CRITICAL - 2020-09-28 15:58:54 --> pg_connect(): Unable to connect to PostgreSQL server: FATAL:  Ident authentication failed for user &quot;postgres&quot;
#0 [internal function]: CodeIgniter\Debug\Exceptions->errorHandler(2, 'pg_connect(): U...', '/var/www/html/m...', 98, Array)
#1 /var/www/html/mofuss/WebBasedMofuss/SistemaWeb/mofuss-laravel/system/Database/Postgre/Connection.php(98): pg_connect('host=localhost ...')
#2 /var/www/html/mofuss/WebBasedMofuss/SistemaWeb/mofuss-laravel/system/Database/BaseConnection.php(377): CodeIgniter\Database\Postgre\Connection->connect(false)
#3 /var/www/html/mofuss/WebBasedMofuss/SistemaWeb/mofuss-laravel/system/Database/BaseConnection.php(643): CodeIgniter\Database\BaseConnection->initialize()
#4 /var/www/html/mofuss/WebBasedMofuss/SistemaWeb/mofuss-laravel/system/Database/BaseBuilder.php(1819): CodeIgniter\Database\BaseConnection->query('SELECT *\nFROM "...', Array, false)
#5 /var/www/html/mofuss/WebBasedMofuss/SistemaWeb/mofuss-laravel/system/Model.php(1701): CodeIgniter\Database\BaseBuilder->get()
#6 /var/www/html/mofuss/WebBasedMofuss/SistemaWeb/mofuss-laravel/app/Models/CountriesModel.php(18): CodeIgniter\Model->__call('get', Array)
#7 /var/www/html/mofuss/WebBasedMofuss/SistemaWeb/mofuss-laravel/app/Controllers/Webmofuss.php(17): App\Models\CountriesModel->getdatos()
#8 /var/www/html/mofuss/WebBasedMofuss/SistemaWeb/mofuss-laravel/system/CodeIgniter.php(847): App\Controllers\Webmofuss->configure()
#9 /var/www/html/mofuss/WebBasedMofuss/SistemaWeb/mofuss-laravel/system/CodeIgniter.php(338): CodeIgniter\CodeIgniter->runController(Object(App\Controllers\Webmofuss))
#10 /var/www/html/mofuss/WebBasedMofuss/SistemaWeb/mofuss-laravel/system/CodeIgniter.php(246): CodeIgniter\CodeIgniter->handleRequest(NULL, Object(Config\Cache), false)
#11 /var/www/html/mofuss/WebBasedMofuss/SistemaWeb/mofuss-laravel/index.php(45): CodeIgniter\CodeIgniter->run()
#12 {main}
CRITICAL - 2020-09-28 15:59:08 --> pg_connect(): Unable to connect to PostgreSQL server: could not connect to server: Connection timed out
	Is the server running on host &quot;192.168.10.11&quot; and accepting
	TCP/IP connections on port 5432?
#0 [internal function]: CodeIgniter\Debug\Exceptions->errorHandler(2, 'pg_connect(): U...', '/var/www/html/m...', 98, Array)
#1 /var/www/html/mofuss/WebBasedMofuss/SistemaWeb/mofuss-laravel/system/Database/Postgre/Connection.php(98): pg_connect('host=192.168.10...')
#2 /var/www/html/mofuss/WebBasedMofuss/SistemaWeb/mofuss-laravel/system/Database/BaseConnection.php(377): CodeIgniter\Database\Postgre\Connection->connect(false)
#3 /var/www/html/mofuss/WebBasedMofuss/SistemaWeb/mofuss-laravel/system/Database/BaseConnection.php(643): CodeIgniter\Database\BaseConnection->initialize()
#4 /var/www/html/mofuss/WebBasedMofuss/SistemaWeb/mofuss-laravel/system/Database/BaseBuilder.php(1819): CodeIgniter\Database\BaseConnection->query('SELECT *\nFROM "...', Array, false)
#5 /var/www/html/mofuss/WebBasedMofuss/SistemaWeb/mofuss-laravel/system/Model.php(1701): CodeIgniter\Database\BaseBuilder->get()
#6 /var/www/html/mofuss/WebBasedMofuss/SistemaWeb/mofuss-laravel/app/Models/CountriesModel.php(18): CodeIgniter\Model->__call('get', Array)
#7 /var/www/html/mofuss/WebBasedMofuss/SistemaWeb/mofuss-laravel/app/Controllers/Webmofuss.php(17): App\Models\CountriesModel->getdatos()
#8 /var/www/html/mofuss/WebBasedMofuss/SistemaWeb/mofuss-laravel/system/CodeIgniter.php(847): App\Controllers\Webmofuss->configure()
#9 /var/www/html/mofuss/WebBasedMofuss/SistemaWeb/mofuss-laravel/system/CodeIgniter.php(338): CodeIgniter\CodeIgniter->runController(Object(App\Controllers\Webmofuss))
#10 /var/www/html/mofuss/WebBasedMofuss/SistemaWeb/mofuss-laravel/system/CodeIgniter.php(246): CodeIgniter\CodeIgniter->handleRequest(NULL, Object(Config\Cache), false)
#11 /var/www/html/mofuss/WebBasedMofuss/SistemaWeb/mofuss-laravel/index.php(45): CodeIgniter\CodeIgniter->run()
#12 {main}
CRITICAL - 2020-09-28 15:59:11 --> pg_connect(): Unable to connect to PostgreSQL server: FATAL:  Ident authentication failed for user &quot;postgres&quot;
#0 [internal function]: CodeIgniter\Debug\Exceptions->errorHandler(2, 'pg_connect(): U...', '/var/www/html/m...', 98, Array)
#1 /var/www/html/mofuss/WebBasedMofuss/SistemaWeb/mofuss-laravel/system/Database/Postgre/Connection.php(98): pg_connect('host=localhost ...')
#2 /var/www/html/mofuss/WebBasedMofuss/SistemaWeb/mofuss-laravel/system/Database/BaseConnection.php(377): CodeIgniter\Database\Postgre\Connection->connect(false)
#3 /var/www/html/mofuss/WebBasedMofuss/SistemaWeb/mofuss-laravel/system/Database/BaseConnection.php(643): CodeIgniter\Database\BaseConnection->initialize()
#4 /var/www/html/mofuss/WebBasedMofuss/SistemaWeb/mofuss-laravel/system/Database/BaseBuilder.php(1819): CodeIgniter\Database\BaseConnection->query('SELECT *\nFROM "...', Array, false)
#5 /var/www/html/mofuss/WebBasedMofuss/SistemaWeb/mofuss-laravel/system/Model.php(1701): CodeIgniter\Database\BaseBuilder->get()
#6 /var/www/html/mofuss/WebBasedMofuss/SistemaWeb/mofuss-laravel/app/Models/CountriesModel.php(18): CodeIgniter\Model->__call('get', Array)
#7 /var/www/html/mofuss/WebBasedMofuss/SistemaWeb/mofuss-laravel/app/Controllers/Webmofuss.php(17): App\Models\CountriesModel->getdatos()
#8 /var/www/html/mofuss/WebBasedMofuss/SistemaWeb/mofuss-laravel/system/CodeIgniter.php(847): App\Controllers\Webmofuss->configure()
#9 /var/www/html/mofuss/WebBasedMofuss/SistemaWeb/mofuss-laravel/system/CodeIgniter.php(338): CodeIgniter\CodeIgniter->runController(Object(App\Controllers\Webmofuss))
#10 /var/www/html/mofuss/WebBasedMofuss/SistemaWeb/mofuss-laravel/system/CodeIgniter.php(246): CodeIgniter\CodeIgniter->handleRequest(NULL, Object(Config\Cache), false)
#11 /var/www/html/mofuss/WebBasedMofuss/SistemaWeb/mofuss-laravel/index.php(45): CodeIgniter\CodeIgniter->run()
#12 {main}
CRITICAL - 2020-09-28 15:59:16 --> pg_connect(): Unable to connect to PostgreSQL server: could not connect to server: Connection timed out
	Is the server running on host &quot;192.168.10.11&quot; and accepting
	TCP/IP connections on port 5432?
#0 [internal function]: CodeIgniter\Debug\Exceptions->errorHandler(2, 'pg_connect(): U...', '/var/www/html/m...', 98, Array)
#1 /var/www/html/mofuss/WebBasedMofuss/SistemaWeb/mofuss-laravel/system/Database/Postgre/Connection.php(98): pg_connect('host=192.168.10...')
#2 /var/www/html/mofuss/WebBasedMofuss/SistemaWeb/mofuss-laravel/system/Database/BaseConnection.php(377): CodeIgniter\Database\Postgre\Connection->connect(false)
#3 /var/www/html/mofuss/WebBasedMofuss/SistemaWeb/mofuss-laravel/system/Database/BaseConnection.php(643): CodeIgniter\Database\BaseConnection->initialize()
#4 /var/www/html/mofuss/WebBasedMofuss/SistemaWeb/mofuss-laravel/system/Database/BaseBuilder.php(1819): CodeIgniter\Database\BaseConnection->query('SELECT *\nFROM "...', Array, false)
#5 /var/www/html/mofuss/WebBasedMofuss/SistemaWeb/mofuss-laravel/system/Model.php(1701): CodeIgniter\Database\BaseBuilder->get()
#6 /var/www/html/mofuss/WebBasedMofuss/SistemaWeb/mofuss-laravel/app/Models/CountriesModel.php(18): CodeIgniter\Model->__call('get', Array)
#7 /var/www/html/mofuss/WebBasedMofuss/SistemaWeb/mofuss-laravel/app/Controllers/Webmofuss.php(17): App\Models\CountriesModel->getdatos()
#8 /var/www/html/mofuss/WebBasedMofuss/SistemaWeb/mofuss-laravel/system/CodeIgniter.php(847): App\Controllers\Webmofuss->configure()
#9 /var/www/html/mofuss/WebBasedMofuss/SistemaWeb/mofuss-laravel/system/CodeIgniter.php(338): CodeIgniter\CodeIgniter->runController(Object(App\Controllers\Webmofuss))
#10 /var/www/html/mofuss/WebBasedMofuss/SistemaWeb/mofuss-laravel/system/CodeIgniter.php(246): CodeIgniter\CodeIgniter->handleRequest(NULL, Object(Config\Cache), false)
#11 /var/www/html/mofuss/WebBasedMofuss/SistemaWeb/mofuss-laravel/index.php(45): CodeIgniter\CodeIgniter->run()
#12 {main}
CRITICAL - 2020-09-28 15:59:24 --> pg_connect(): Unable to connect to PostgreSQL server: could not connect to server: Connection timed out
	Is the server running on host &quot;192.168.10.11&quot; and accepting
	TCP/IP connections on port 5432?
#0 [internal function]: CodeIgniter\Debug\Exceptions->errorHandler(2, 'pg_connect(): U...', '/var/www/html/m...', 98, Array)
#1 /var/www/html/mofuss/WebBasedMofuss/SistemaWeb/mofuss-laravel/system/Database/Postgre/Connection.php(98): pg_connect('host=192.168.10...')
#2 /var/www/html/mofuss/WebBasedMofuss/SistemaWeb/mofuss-laravel/system/Database/BaseConnection.php(377): CodeIgniter\Database\Postgre\Connection->connect(false)
#3 /var/www/html/mofuss/WebBasedMofuss/SistemaWeb/mofuss-laravel/system/Database/BaseConnection.php(643): CodeIgniter\Database\BaseConnection->initialize()
#4 /var/www/html/mofuss/WebBasedMofuss/SistemaWeb/mofuss-laravel/system/Database/BaseBuilder.php(1819): CodeIgniter\Database\BaseConnection->query('SELECT *\nFROM "...', Array, false)
#5 /var/www/html/mofuss/WebBasedMofuss/SistemaWeb/mofuss-laravel/system/Model.php(1701): CodeIgniter\Database\BaseBuilder->get()
#6 /var/www/html/mofuss/WebBasedMofuss/SistemaWeb/mofuss-laravel/app/Models/CountriesModel.php(18): CodeIgniter\Model->__call('get', Array)
#7 /var/www/html/mofuss/WebBasedMofuss/SistemaWeb/mofuss-laravel/app/Controllers/Webmofuss.php(17): App\Models\CountriesModel->getdatos()
#8 /var/www/html/mofuss/WebBasedMofuss/SistemaWeb/mofuss-laravel/system/CodeIgniter.php(847): App\Controllers\Webmofuss->configure()
#9 /var/www/html/mofuss/WebBasedMofuss/SistemaWeb/mofuss-laravel/system/CodeIgniter.php(338): CodeIgniter\CodeIgniter->runController(Object(App\Controllers\Webmofuss))
#10 /var/www/html/mofuss/WebBasedMofuss/SistemaWeb/mofuss-laravel/system/CodeIgniter.php(246): CodeIgniter\CodeIgniter->handleRequest(NULL, Object(Config\Cache), false)
#11 /var/www/html/mofuss/WebBasedMofuss/SistemaWeb/mofuss-laravel/index.php(45): CodeIgniter\CodeIgniter->run()
#12 {main}
CRITICAL - 2020-09-28 15:59:27 --> pg_connect(): Unable to connect to PostgreSQL server: FATAL:  Ident authentication failed for user &quot;homestead&quot;
#0 [internal function]: CodeIgniter\Debug\Exceptions->errorHandler(2, 'pg_connect(): U...', '/var/www/html/m...', 98, Array)
#1 /var/www/html/mofuss/WebBasedMofuss/SistemaWeb/mofuss-laravel/system/Database/Postgre/Connection.php(98): pg_connect('host=localhost ...')
#2 /var/www/html/mofuss/WebBasedMofuss/SistemaWeb/mofuss-laravel/system/Database/BaseConnection.php(377): CodeIgniter\Database\Postgre\Connection->connect(false)
#3 /var/www/html/mofuss/WebBasedMofuss/SistemaWeb/mofuss-laravel/system/Database/BaseConnection.php(643): CodeIgniter\Database\BaseConnection->initialize()
#4 /var/www/html/mofuss/WebBasedMofuss/SistemaWeb/mofuss-laravel/system/Database/BaseBuilder.php(1819): CodeIgniter\Database\BaseConnection->query('SELECT *\nFROM "...', Array, false)
#5 /var/www/html/mofuss/WebBasedMofuss/SistemaWeb/mofuss-laravel/system/Model.php(1701): CodeIgniter\Database\BaseBuilder->get()
#6 /var/www/html/mofuss/WebBasedMofuss/SistemaWeb/mofuss-laravel/app/Models/CountriesModel.php(18): CodeIgniter\Model->__call('get', Array)
#7 /var/www/html/mofuss/WebBasedMofuss/SistemaWeb/mofuss-laravel/app/Controllers/Webmofuss.php(17): App\Models\CountriesModel->getdatos()
#8 /var/www/html/mofuss/WebBasedMofuss/SistemaWeb/mofuss-laravel/system/CodeIgniter.php(847): App\Controllers\Webmofuss->configure()
#9 /var/www/html/mofuss/WebBasedMofuss/SistemaWeb/mofuss-laravel/system/CodeIgniter.php(338): CodeIgniter\CodeIgniter->runController(Object(App\Controllers\Webmofuss))
#10 /var/www/html/mofuss/WebBasedMofuss/SistemaWeb/mofuss-laravel/system/CodeIgniter.php(246): CodeIgniter\CodeIgniter->handleRequest(NULL, Object(Config\Cache), false)
#11 /var/www/html/mofuss/WebBasedMofuss/SistemaWeb/mofuss-laravel/index.php(45): CodeIgniter\CodeIgniter->run()
#12 {main}
CRITICAL - 2020-09-28 15:59:49 --> pg_connect(): Unable to connect to PostgreSQL server: FATAL:  Ident authentication failed for user &quot;homestead&quot;
#0 [internal function]: CodeIgniter\Debug\Exceptions->errorHandler(2, 'pg_connect(): U...', '/var/www/html/m...', 98, Array)
#1 /var/www/html/mofuss/WebBasedMofuss/SistemaWeb/mofuss-laravel/system/Database/Postgre/Connection.php(98): pg_connect('host=localhost ...')
#2 /var/www/html/mofuss/WebBasedMofuss/SistemaWeb/mofuss-laravel/system/Database/BaseConnection.php(377): CodeIgniter\Database\Postgre\Connection->connect(false)
#3 /var/www/html/mofuss/WebBasedMofuss/SistemaWeb/mofuss-laravel/system/Database/BaseConnection.php(643): CodeIgniter\Database\BaseConnection->initialize()
#4 /var/www/html/mofuss/WebBasedMofuss/SistemaWeb/mofuss-laravel/system/Database/BaseBuilder.php(1819): CodeIgniter\Database\BaseConnection->query('SELECT *\nFROM "...', Array, false)
#5 /var/www/html/mofuss/WebBasedMofuss/SistemaWeb/mofuss-laravel/system/Model.php(1701): CodeIgniter\Database\BaseBuilder->get()
#6 /var/www/html/mofuss/WebBasedMofuss/SistemaWeb/mofuss-laravel/app/Models/CountriesModel.php(18): CodeIgniter\Model->__call('get', Array)
#7 /var/www/html/mofuss/WebBasedMofuss/SistemaWeb/mofuss-laravel/app/Controllers/Webmofuss.php(17): App\Models\CountriesModel->getdatos()
#8 /var/www/html/mofuss/WebBasedMofuss/SistemaWeb/mofuss-laravel/system/CodeIgniter.php(847): App\Controllers\Webmofuss->configure()
#9 /var/www/html/mofuss/WebBasedMofuss/SistemaWeb/mofuss-laravel/system/CodeIgniter.php(338): CodeIgniter\CodeIgniter->runController(Object(App\Controllers\Webmofuss))
#10 /var/www/html/mofuss/WebBasedMofuss/SistemaWeb/mofuss-laravel/system/CodeIgniter.php(246): CodeIgniter\CodeIgniter->handleRequest(NULL, Object(Config\Cache), false)
#11 /var/www/html/mofuss/WebBasedMofuss/SistemaWeb/mofuss-laravel/index.php(45): CodeIgniter\CodeIgniter->run()
#12 {main}
CRITICAL - 2020-09-28 16:00:18 --> pg_connect(): Unable to connect to PostgreSQL server: FATAL:  Ident authentication failed for user &quot;homestead&quot;
#0 [internal function]: CodeIgniter\Debug\Exceptions->errorHandler(2, 'pg_connect(): U...', '/var/www/html/m...', 98, Array)
#1 /var/www/html/mofuss/WebBasedMofuss/SistemaWeb/mofuss-laravel/system/Database/Postgre/Connection.php(98): pg_connect('host=localhost ...')
#2 /var/www/html/mofuss/WebBasedMofuss/SistemaWeb/mofuss-laravel/system/Database/BaseConnection.php(377): CodeIgniter\Database\Postgre\Connection->connect(false)
#3 /var/www/html/mofuss/WebBasedMofuss/SistemaWeb/mofuss-laravel/system/Database/BaseConnection.php(643): CodeIgniter\Database\BaseConnection->initialize()
#4 /var/www/html/mofuss/WebBasedMofuss/SistemaWeb/mofuss-laravel/system/Database/BaseBuilder.php(1819): CodeIgniter\Database\BaseConnection->query('SELECT *\nFROM "...', Array, false)
#5 /var/www/html/mofuss/WebBasedMofuss/SistemaWeb/mofuss-laravel/system/Model.php(1701): CodeIgniter\Database\BaseBuilder->get()
#6 /var/www/html/mofuss/WebBasedMofuss/SistemaWeb/mofuss-laravel/app/Models/CountriesModel.php(18): CodeIgniter\Model->__call('get', Array)
#7 /var/www/html/mofuss/WebBasedMofuss/SistemaWeb/mofuss-laravel/app/Controllers/Webmofuss.php(17): App\Models\CountriesModel->getdatos()
#8 /var/www/html/mofuss/WebBasedMofuss/SistemaWeb/mofuss-laravel/system/CodeIgniter.php(847): App\Controllers\Webmofuss->configure()
#9 /var/www/html/mofuss/WebBasedMofuss/SistemaWeb/mofuss-laravel/system/CodeIgniter.php(338): CodeIgniter\CodeIgniter->runController(Object(App\Controllers\Webmofuss))
#10 /var/www/html/mofuss/WebBasedMofuss/SistemaWeb/mofuss-laravel/system/CodeIgniter.php(246): CodeIgniter\CodeIgniter->handleRequest(NULL, Object(Config\Cache), false)
#11 /var/www/html/mofuss/WebBasedMofuss/SistemaWeb/mofuss-laravel/index.php(45): CodeIgniter\CodeIgniter->run()
#12 {main}
CRITICAL - 2020-09-28 17:50:02 --> pg_connect(): Unable to connect to PostgreSQL server: FATAL:  Ident authentication failed for user &quot;homestead&quot;
#0 [internal function]: CodeIgniter\Debug\Exceptions->errorHandler(2, 'pg_connect(): U...', '/var/www/html/m...', 98, Array)
#1 /var/www/html/mofuss/WebBasedMofuss/SistemaWeb/mofuss-laravel/system/Database/Postgre/Connection.php(98): pg_connect('host=localhost ...')
#2 /var/www/html/mofuss/WebBasedMofuss/SistemaWeb/mofuss-laravel/system/Database/BaseConnection.php(377): CodeIgniter\Database\Postgre\Connection->connect(false)
#3 /var/www/html/mofuss/WebBasedMofuss/SistemaWeb/mofuss-laravel/system/Database/BaseConnection.php(643): CodeIgniter\Database\BaseConnection->initialize()
#4 /var/www/html/mofuss/WebBasedMofuss/SistemaWeb/mofuss-laravel/system/Database/BaseBuilder.php(1819): CodeIgniter\Database\BaseConnection->query('SELECT *\nFROM "...', Array, false)
#5 /var/www/html/mofuss/WebBasedMofuss/SistemaWeb/mofuss-laravel/system/Model.php(1701): CodeIgniter\Database\BaseBuilder->get()
#6 /var/www/html/mofuss/WebBasedMofuss/SistemaWeb/mofuss-laravel/app/Models/CountriesModel.php(18): CodeIgniter\Model->__call('get', Array)
#7 /var/www/html/mofuss/WebBasedMofuss/SistemaWeb/mofuss-laravel/app/Controllers/Webmofuss.php(17): App\Models\CountriesModel->getdatos()
#8 /var/www/html/mofuss/WebBasedMofuss/SistemaWeb/mofuss-laravel/system/CodeIgniter.php(847): App\Controllers\Webmofuss->configure()
#9 /var/www/html/mofuss/WebBasedMofuss/SistemaWeb/mofuss-laravel/system/CodeIgniter.php(338): CodeIgniter\CodeIgniter->runController(Object(App\Controllers\Webmofuss))
#10 /var/www/html/mofuss/WebBasedMofuss/SistemaWeb/mofuss-laravel/system/CodeIgniter.php(246): CodeIgniter\CodeIgniter->handleRequest(NULL, Object(Config\Cache), false)
#11 /var/www/html/mofuss/WebBasedMofuss/SistemaWeb/mofuss-laravel/index.php(45): CodeIgniter\CodeIgniter->run()
#12 {main}
CRITICAL - 2020-09-28 17:50:03 --> pg_connect(): Unable to connect to PostgreSQL server: FATAL:  Ident authentication failed for user &quot;homestead&quot;
#0 [internal function]: CodeIgniter\Debug\Exceptions->errorHandler(2, 'pg_connect(): U...', '/var/www/html/m...', 98, Array)
#1 /var/www/html/mofuss/WebBasedMofuss/SistemaWeb/mofuss-laravel/system/Database/Postgre/Connection.php(98): pg_connect('host=localhost ...')
#2 /var/www/html/mofuss/WebBasedMofuss/SistemaWeb/mofuss-laravel/system/Database/BaseConnection.php(377): CodeIgniter\Database\Postgre\Connection->connect(false)
#3 /var/www/html/mofuss/WebBasedMofuss/SistemaWeb/mofuss-laravel/system/Database/BaseConnection.php(643): CodeIgniter\Database\BaseConnection->initialize()
#4 /var/www/html/mofuss/WebBasedMofuss/SistemaWeb/mofuss-laravel/system/Database/BaseBuilder.php(1819): CodeIgniter\Database\BaseConnection->query('SELECT *\nFROM "...', Array, false)
#5 /var/www/html/mofuss/WebBasedMofuss/SistemaWeb/mofuss-laravel/system/Model.php(1701): CodeIgniter\Database\BaseBuilder->get()
#6 /var/www/html/mofuss/WebBasedMofuss/SistemaWeb/mofuss-laravel/app/Models/CountriesModel.php(18): CodeIgniter\Model->__call('get', Array)
#7 /var/www/html/mofuss/WebBasedMofuss/SistemaWeb/mofuss-laravel/app/Controllers/Webmofuss.php(17): App\Models\CountriesModel->getdatos()
#8 /var/www/html/mofuss/WebBasedMofuss/SistemaWeb/mofuss-laravel/system/CodeIgniter.php(847): App\Controllers\Webmofuss->configure()
#9 /var/www/html/mofuss/WebBasedMofuss/SistemaWeb/mofuss-laravel/system/CodeIgniter.php(338): CodeIgniter\CodeIgniter->runController(Object(App\Controllers\Webmofuss))
#10 /var/www/html/mofuss/WebBasedMofuss/SistemaWeb/mofuss-laravel/system/CodeIgniter.php(246): CodeIgniter\CodeIgniter->handleRequest(NULL, Object(Config\Cache), false)
#11 /var/www/html/mofuss/WebBasedMofuss/SistemaWeb/mofuss-laravel/index.php(45): CodeIgniter\CodeIgniter->run()
#12 {main}
CRITICAL - 2020-09-28 17:51:18 --> pg_connect(): Unable to connect to PostgreSQL server: FATAL:  Ident authentication failed for user &quot;homestead&quot;
#0 [internal function]: CodeIgniter\Debug\Exceptions->errorHandler(2, 'pg_connect(): U...', '/var/www/html/m...', 98, Array)
#1 /var/www/html/mofuss/WebBasedMofuss/SistemaWeb/mofuss-laravel/system/Database/Postgre/Connection.php(98): pg_connect('host=localhost ...')
#2 /var/www/html/mofuss/WebBasedMofuss/SistemaWeb/mofuss-laravel/system/Database/BaseConnection.php(377): CodeIgniter\Database\Postgre\Connection->connect(false)
#3 /var/www/html/mofuss/WebBasedMofuss/SistemaWeb/mofuss-laravel/system/Database/BaseConnection.php(643): CodeIgniter\Database\BaseConnection->initialize()
#4 /var/www/html/mofuss/WebBasedMofuss/SistemaWeb/mofuss-laravel/system/Database/BaseBuilder.php(1819): CodeIgniter\Database\BaseConnection->query('SELECT *\nFROM "...', Array, false)
#5 /var/www/html/mofuss/WebBasedMofuss/SistemaWeb/mofuss-laravel/system/Model.php(1701): CodeIgniter\Database\BaseBuilder->get()
#6 /var/www/html/mofuss/WebBasedMofuss/SistemaWeb/mofuss-laravel/app/Models/CountriesModel.php(18): CodeIgniter\Model->__call('get', Array)
#7 /var/www/html/mofuss/WebBasedMofuss/SistemaWeb/mofuss-laravel/app/Controllers/Webmofuss.php(17): App\Models\CountriesModel->getdatos()
#8 /var/www/html/mofuss/WebBasedMofuss/SistemaWeb/mofuss-laravel/system/CodeIgniter.php(847): App\Controllers\Webmofuss->configure()
#9 /var/www/html/mofuss/WebBasedMofuss/SistemaWeb/mofuss-laravel/system/CodeIgniter.php(338): CodeIgniter\CodeIgniter->runController(Object(App\Controllers\Webmofuss))
#10 /var/www/html/mofuss/WebBasedMofuss/SistemaWeb/mofuss-laravel/system/CodeIgniter.php(246): CodeIgniter\CodeIgniter->handleRequest(NULL, Object(Config\Cache), false)
#11 /var/www/html/mofuss/WebBasedMofuss/SistemaWeb/mofuss-laravel/index.php(45): CodeIgniter\CodeIgniter->run()
#12 {main}
CRITICAL - 2020-09-28 17:51:40 --> pg_connect(): Unable to connect to PostgreSQL server: FATAL:  Ident authentication failed for user &quot;homestead&quot;
#0 [internal function]: CodeIgniter\Debug\Exceptions->errorHandler(2, 'pg_connect(): U...', '/var/www/html/m...', 98, Array)
#1 /var/www/html/mofuss/WebBasedMofuss/SistemaWeb/mofuss-laravel/system/Database/Postgre/Connection.php(98): pg_connect('host=localhost ...')
#2 /var/www/html/mofuss/WebBasedMofuss/SistemaWeb/mofuss-laravel/system/Database/BaseConnection.php(377): CodeIgniter\Database\Postgre\Connection->connect(false)
#3 /var/www/html/mofuss/WebBasedMofuss/SistemaWeb/mofuss-laravel/system/Database/BaseConnection.php(643): CodeIgniter\Database\BaseConnection->initialize()
#4 /var/www/html/mofuss/WebBasedMofuss/SistemaWeb/mofuss-laravel/system/Database/BaseBuilder.php(1819): CodeIgniter\Database\BaseConnection->query('SELECT *\nFROM "...', Array, false)
#5 /var/www/html/mofuss/WebBasedMofuss/SistemaWeb/mofuss-laravel/system/Model.php(1701): CodeIgniter\Database\BaseBuilder->get()
#6 /var/www/html/mofuss/WebBasedMofuss/SistemaWeb/mofuss-laravel/app/Models/CountriesModel.php(18): CodeIgniter\Model->__call('get', Array)
#7 /var/www/html/mofuss/WebBasedMofuss/SistemaWeb/mofuss-laravel/app/Controllers/Webmofuss.php(17): App\Models\CountriesModel->getdatos()
#8 /var/www/html/mofuss/WebBasedMofuss/SistemaWeb/mofuss-laravel/system/CodeIgniter.php(847): App\Controllers\Webmofuss->configure()
#9 /var/www/html/mofuss/WebBasedMofuss/SistemaWeb/mofuss-laravel/system/CodeIgniter.php(338): CodeIgniter\CodeIgniter->runController(Object(App\Controllers\Webmofuss))
#10 /var/www/html/mofuss/WebBasedMofuss/SistemaWeb/mofuss-laravel/system/CodeIgniter.php(246): CodeIgniter\CodeIgniter->handleRequest(NULL, Object(Config\Cache), false)
#11 /var/www/html/mofuss/WebBasedMofuss/SistemaWeb/mofuss-laravel/index.php(45): CodeIgniter\CodeIgniter->run()
#12 {main}
CRITICAL - 2020-09-28 17:52:08 --> pg_connect(): Unable to connect to PostgreSQL server: FATAL:  Ident authentication failed for user &quot;homestead&quot;
#0 [internal function]: CodeIgniter\Debug\Exceptions->errorHandler(2, 'pg_connect(): U...', '/var/www/html/m...', 98, Array)
#1 /var/www/html/mofuss/WebBasedMofuss/SistemaWeb/mofuss-laravel/system/Database/Postgre/Connection.php(98): pg_connect('host=localhost ...')
#2 /var/www/html/mofuss/WebBasedMofuss/SistemaWeb/mofuss-laravel/system/Database/BaseConnection.php(377): CodeIgniter\Database\Postgre\Connection->connect(false)
#3 /var/www/html/mofuss/WebBasedMofuss/SistemaWeb/mofuss-laravel/system/Database/BaseConnection.php(643): CodeIgniter\Database\BaseConnection->initialize()
#4 /var/www/html/mofuss/WebBasedMofuss/SistemaWeb/mofuss-laravel/system/Database/BaseBuilder.php(1819): CodeIgniter\Database\BaseConnection->query('SELECT *\nFROM "...', Array, false)
#5 /var/www/html/mofuss/WebBasedMofuss/SistemaWeb/mofuss-laravel/system/Model.php(1701): CodeIgniter\Database\BaseBuilder->get()
#6 /var/www/html/mofuss/WebBasedMofuss/SistemaWeb/mofuss-laravel/app/Models/CountriesModel.php(18): CodeIgniter\Model->__call('get', Array)
#7 /var/www/html/mofuss/WebBasedMofuss/SistemaWeb/mofuss-laravel/app/Controllers/Webmofuss.php(17): App\Models\CountriesModel->getdatos()
#8 /var/www/html/mofuss/WebBasedMofuss/SistemaWeb/mofuss-laravel/system/CodeIgniter.php(847): App\Controllers\Webmofuss->configure()
#9 /var/www/html/mofuss/WebBasedMofuss/SistemaWeb/mofuss-laravel/system/CodeIgniter.php(338): CodeIgniter\CodeIgniter->runController(Object(App\Controllers\Webmofuss))
#10 /var/www/html/mofuss/WebBasedMofuss/SistemaWeb/mofuss-laravel/system/CodeIgniter.php(246): CodeIgniter\CodeIgniter->handleRequest(NULL, Object(Config\Cache), false)
#11 /var/www/html/mofuss/WebBasedMofuss/SistemaWeb/mofuss-laravel/index.php(45): CodeIgniter\CodeIgniter->run()
#12 {main}
CRITICAL - 2020-09-28 17:52:09 --> pg_connect(): Unable to connect to PostgreSQL server: FATAL:  Ident authentication failed for user &quot;homestead&quot;
#0 [internal function]: CodeIgniter\Debug\Exceptions->errorHandler(2, 'pg_connect(): U...', '/var/www/html/m...', 98, Array)
#1 /var/www/html/mofuss/WebBasedMofuss/SistemaWeb/mofuss-laravel/system/Database/Postgre/Connection.php(98): pg_connect('host=localhost ...')
#2 /var/www/html/mofuss/WebBasedMofuss/SistemaWeb/mofuss-laravel/system/Database/BaseConnection.php(377): CodeIgniter\Database\Postgre\Connection->connect(false)
#3 /var/www/html/mofuss/WebBasedMofuss/SistemaWeb/mofuss-laravel/system/Database/BaseConnection.php(643): CodeIgniter\Database\BaseConnection->initialize()
#4 /var/www/html/mofuss/WebBasedMofuss/SistemaWeb/mofuss-laravel/system/Database/BaseBuilder.php(1819): CodeIgniter\Database\BaseConnection->query('SELECT *\nFROM "...', Array, false)
#5 /var/www/html/mofuss/WebBasedMofuss/SistemaWeb/mofuss-laravel/system/Model.php(1701): CodeIgniter\Database\BaseBuilder->get()
#6 /var/www/html/mofuss/WebBasedMofuss/SistemaWeb/mofuss-laravel/app/Models/CountriesModel.php(18): CodeIgniter\Model->__call('get', Array)
#7 /var/www/html/mofuss/WebBasedMofuss/SistemaWeb/mofuss-laravel/app/Controllers/Webmofuss.php(17): App\Models\CountriesModel->getdatos()
#8 /var/www/html/mofuss/WebBasedMofuss/SistemaWeb/mofuss-laravel/system/CodeIgniter.php(847): App\Controllers\Webmofuss->configure()
#9 /var/www/html/mofuss/WebBasedMofuss/SistemaWeb/mofuss-laravel/system/CodeIgniter.php(338): CodeIgniter\CodeIgniter->runController(Object(App\Controllers\Webmofuss))
#10 /var/www/html/mofuss/WebBasedMofuss/SistemaWeb/mofuss-laravel/system/CodeIgniter.php(246): CodeIgniter\CodeIgniter->handleRequest(NULL, Object(Config\Cache), false)
#11 /var/www/html/mofuss/WebBasedMofuss/SistemaWeb/mofuss-laravel/index.php(45): CodeIgniter\CodeIgniter->run()
#12 {main}
CRITICAL - 2020-09-28 17:52:16 --> pg_connect(): Unable to connect to PostgreSQL server: FATAL:  Ident authentication failed for user &quot;homestead&quot;
#0 [internal function]: CodeIgniter\Debug\Exceptions->errorHandler(2, 'pg_connect(): U...', '/var/www/html/m...', 98, Array)
#1 /var/www/html/mofuss/WebBasedMofuss/SistemaWeb/mofuss-laravel/system/Database/Postgre/Connection.php(98): pg_connect('host=localhost ...')
#2 /var/www/html/mofuss/WebBasedMofuss/SistemaWeb/mofuss-laravel/system/Database/BaseConnection.php(377): CodeIgniter\Database\Postgre\Connection->connect(false)
#3 /var/www/html/mofuss/WebBasedMofuss/SistemaWeb/mofuss-laravel/system/Database/BaseConnection.php(643): CodeIgniter\Database\BaseConnection->initialize()
#4 /var/www/html/mofuss/WebBasedMofuss/SistemaWeb/mofuss-laravel/system/Database/BaseBuilder.php(1819): CodeIgniter\Database\BaseConnection->query('SELECT *\nFROM "...', Array, false)
#5 /var/www/html/mofuss/WebBasedMofuss/SistemaWeb/mofuss-laravel/system/Model.php(1701): CodeIgniter\Database\BaseBuilder->get()
#6 /var/www/html/mofuss/WebBasedMofuss/SistemaWeb/mofuss-laravel/app/Models/CountriesModel.php(18): CodeIgniter\Model->__call('get', Array)
#7 /var/www/html/mofuss/WebBasedMofuss/SistemaWeb/mofuss-laravel/app/Controllers/Webmofuss.php(17): App\Models\CountriesModel->getdatos()
#8 /var/www/html/mofuss/WebBasedMofuss/SistemaWeb/mofuss-laravel/system/CodeIgniter.php(847): App\Controllers\Webmofuss->configure()
#9 /var/www/html/mofuss/WebBasedMofuss/SistemaWeb/mofuss-laravel/system/CodeIgniter.php(338): CodeIgniter\CodeIgniter->runController(Object(App\Controllers\Webmofuss))
#10 /var/www/html/mofuss/WebBasedMofuss/SistemaWeb/mofuss-laravel/system/CodeIgniter.php(246): CodeIgniter\CodeIgniter->handleRequest(NULL, Object(Config\Cache), false)
#11 /var/www/html/mofuss/WebBasedMofuss/SistemaWeb/mofuss-laravel/index.php(45): CodeIgniter\CodeIgniter->run()
#12 {main}
CRITICAL - 2020-09-28 18:04:54 --> pg_connect(): Unable to connect to PostgreSQL server: FATAL:  Ident authentication failed for user &quot;homestead&quot;
#0 [internal function]: CodeIgniter\Debug\Exceptions->errorHandler(2, 'pg_connect(): U...', '/var/www/html/m...', 98, Array)
#1 /var/www/html/mofuss/WebBasedMofuss/SistemaWeb/mofuss-laravel/system/Database/Postgre/Connection.php(98): pg_connect('host=localhost ...')
#2 /var/www/html/mofuss/WebBasedMofuss/SistemaWeb/mofuss-laravel/system/Database/BaseConnection.php(377): CodeIgniter\Database\Postgre\Connection->connect(false)
#3 /var/www/html/mofuss/WebBasedMofuss/SistemaWeb/mofuss-laravel/system/Database/BaseConnection.php(643): CodeIgniter\Database\BaseConnection->initialize()
#4 /var/www/html/mofuss/WebBasedMofuss/SistemaWeb/mofuss-laravel/system/Database/BaseBuilder.php(1819): CodeIgniter\Database\BaseConnection->query('SELECT *\nFROM "...', Array, false)
#5 /var/www/html/mofuss/WebBasedMofuss/SistemaWeb/mofuss-laravel/system/Model.php(1701): CodeIgniter\Database\BaseBuilder->get()
#6 /var/www/html/mofuss/WebBasedMofuss/SistemaWeb/mofuss-laravel/app/Models/CountriesModel.php(18): CodeIgniter\Model->__call('get', Array)
#7 /var/www/html/mofuss/WebBasedMofuss/SistemaWeb/mofuss-laravel/app/Controllers/Webmofuss.php(17): App\Models\CountriesModel->getdatos()
#8 /var/www/html/mofuss/WebBasedMofuss/SistemaWeb/mofuss-laravel/system/CodeIgniter.php(847): App\Controllers\Webmofuss->configure()
#9 /var/www/html/mofuss/WebBasedMofuss/SistemaWeb/mofuss-laravel/system/CodeIgniter.php(338): CodeIgniter\CodeIgniter->runController(Object(App\Controllers\Webmofuss))
#10 /var/www/html/mofuss/WebBasedMofuss/SistemaWeb/mofuss-laravel/system/CodeIgniter.php(246): CodeIgniter\CodeIgniter->handleRequest(NULL, Object(Config\Cache), false)
#11 /var/www/html/mofuss/WebBasedMofuss/SistemaWeb/mofuss-laravel/index.php(45): CodeIgniter\CodeIgniter->run()
#12 {main}
CRITICAL - 2020-09-28 18:05:25 --> pg_connect(): Unable to connect to PostgreSQL server: FATAL:  Ident authentication failed for user &quot;postgres&quot;
#0 [internal function]: CodeIgniter\Debug\Exceptions->errorHandler(2, 'pg_connect(): U...', '/var/www/html/m...', 98, Array)
#1 /var/www/html/mofuss/WebBasedMofuss/SistemaWeb/mofuss-laravel/system/Database/Postgre/Connection.php(98): pg_connect('host=localhost ...')
#2 /var/www/html/mofuss/WebBasedMofuss/SistemaWeb/mofuss-laravel/system/Database/BaseConnection.php(377): CodeIgniter\Database\Postgre\Connection->connect(false)
#3 /var/www/html/mofuss/WebBasedMofuss/SistemaWeb/mofuss-laravel/system/Database/BaseConnection.php(643): CodeIgniter\Database\BaseConnection->initialize()
#4 /var/www/html/mofuss/WebBasedMofuss/SistemaWeb/mofuss-laravel/system/Database/BaseBuilder.php(1819): CodeIgniter\Database\BaseConnection->query('SELECT *\nFROM "...', Array, false)
#5 /var/www/html/mofuss/WebBasedMofuss/SistemaWeb/mofuss-laravel/system/Model.php(1701): CodeIgniter\Database\BaseBuilder->get()
#6 /var/www/html/mofuss/WebBasedMofuss/SistemaWeb/mofuss-laravel/app/Models/CountriesModel.php(18): CodeIgniter\Model->__call('get', Array)
#7 /var/www/html/mofuss/WebBasedMofuss/SistemaWeb/mofuss-laravel/app/Controllers/Webmofuss.php(17): App\Models\CountriesModel->getdatos()
#8 /var/www/html/mofuss/WebBasedMofuss/SistemaWeb/mofuss-laravel/system/CodeIgniter.php(847): App\Controllers\Webmofuss->configure()
#9 /var/www/html/mofuss/WebBasedMofuss/SistemaWeb/mofuss-laravel/system/CodeIgniter.php(338): CodeIgniter\CodeIgniter->runController(Object(App\Controllers\Webmofuss))
#10 /var/www/html/mofuss/WebBasedMofuss/SistemaWeb/mofuss-laravel/system/CodeIgniter.php(246): CodeIgniter\CodeIgniter->handleRequest(NULL, Object(Config\Cache), false)
#11 /var/www/html/mofuss/WebBasedMofuss/SistemaWeb/mofuss-laravel/index.php(45): CodeIgniter\CodeIgniter->run()
#12 {main}
CRITICAL - 2020-09-28 18:05:40 --> pg_connect(): Unable to connect to PostgreSQL server: FATAL:  Ident authentication failed for user &quot;postgres&quot;
#0 [internal function]: CodeIgniter\Debug\Exceptions->errorHandler(2, 'pg_connect(): U...', '/var/www/html/m...', 98, Array)
#1 /var/www/html/mofuss/WebBasedMofuss/SistemaWeb/mofuss-laravel/system/Database/Postgre/Connection.php(98): pg_connect('host=localhost ...')
#2 /var/www/html/mofuss/WebBasedMofuss/SistemaWeb/mofuss-laravel/system/Database/BaseConnection.php(377): CodeIgniter\Database\Postgre\Connection->connect(false)
#3 /var/www/html/mofuss/WebBasedMofuss/SistemaWeb/mofuss-laravel/system/Database/BaseConnection.php(643): CodeIgniter\Database\BaseConnection->initialize()
#4 /var/www/html/mofuss/WebBasedMofuss/SistemaWeb/mofuss-laravel/system/Database/BaseBuilder.php(1819): CodeIgniter\Database\BaseConnection->query('SELECT *\nFROM "...', Array, false)
#5 /var/www/html/mofuss/WebBasedMofuss/SistemaWeb/mofuss-laravel/system/Model.php(1701): CodeIgniter\Database\BaseBuilder->get()
#6 /var/www/html/mofuss/WebBasedMofuss/SistemaWeb/mofuss-laravel/app/Models/CountriesModel.php(18): CodeIgniter\Model->__call('get', Array)
#7 /var/www/html/mofuss/WebBasedMofuss/SistemaWeb/mofuss-laravel/app/Controllers/Webmofuss.php(17): App\Models\CountriesModel->getdatos()
#8 /var/www/html/mofuss/WebBasedMofuss/SistemaWeb/mofuss-laravel/system/CodeIgniter.php(847): App\Controllers\Webmofuss->configure()
#9 /var/www/html/mofuss/WebBasedMofuss/SistemaWeb/mofuss-laravel/system/CodeIgniter.php(338): CodeIgniter\CodeIgniter->runController(Object(App\Controllers\Webmofuss))
#10 /var/www/html/mofuss/WebBasedMofuss/SistemaWeb/mofuss-laravel/system/CodeIgniter.php(246): CodeIgniter\CodeIgniter->handleRequest(NULL, Object(Config\Cache), false)
#11 /var/www/html/mofuss/WebBasedMofuss/SistemaWeb/mofuss-laravel/index.php(45): CodeIgniter\CodeIgniter->run()
#12 {main}
CRITICAL - 2020-09-28 18:07:36 --> pg_connect(): Unable to connect to PostgreSQL server: FATAL:  Ident authentication failed for user &quot;usuario&quot;
#0 [internal function]: CodeIgniter\Debug\Exceptions->errorHandler(2, 'pg_connect(): U...', '/var/www/html/m...', 98, Array)
#1 /var/www/html/mofuss/WebBasedMofuss/SistemaWeb/mofuss-laravel/system/Database/Postgre/Connection.php(98): pg_connect('host=localhost ...')
#2 /var/www/html/mofuss/WebBasedMofuss/SistemaWeb/mofuss-laravel/system/Database/BaseConnection.php(377): CodeIgniter\Database\Postgre\Connection->connect(false)
#3 /var/www/html/mofuss/WebBasedMofuss/SistemaWeb/mofuss-laravel/system/Database/BaseConnection.php(643): CodeIgniter\Database\BaseConnection->initialize()
#4 /var/www/html/mofuss/WebBasedMofuss/SistemaWeb/mofuss-laravel/system/Database/BaseBuilder.php(1819): CodeIgniter\Database\BaseConnection->query('SELECT *\nFROM "...', Array, false)
#5 /var/www/html/mofuss/WebBasedMofuss/SistemaWeb/mofuss-laravel/system/Model.php(1701): CodeIgniter\Database\BaseBuilder->get()
#6 /var/www/html/mofuss/WebBasedMofuss/SistemaWeb/mofuss-laravel/app/Models/CountriesModel.php(18): CodeIgniter\Model->__call('get', Array)
#7 /var/www/html/mofuss/WebBasedMofuss/SistemaWeb/mofuss-laravel/app/Controllers/Webmofuss.php(17): App\Models\CountriesModel->getdatos()
#8 /var/www/html/mofuss/WebBasedMofuss/SistemaWeb/mofuss-laravel/system/CodeIgniter.php(847): App\Controllers\Webmofuss->configure()
#9 /var/www/html/mofuss/WebBasedMofuss/SistemaWeb/mofuss-laravel/system/CodeIgniter.php(338): CodeIgniter\CodeIgniter->runController(Object(App\Controllers\Webmofuss))
#10 /var/www/html/mofuss/WebBasedMofuss/SistemaWeb/mofuss-laravel/system/CodeIgniter.php(246): CodeIgniter\CodeIgniter->handleRequest(NULL, Object(Config\Cache), false)
#11 /var/www/html/mofuss/WebBasedMofuss/SistemaWeb/mofuss-laravel/index.php(45): CodeIgniter\CodeIgniter->run()
#12 {main}
CRITICAL - 2020-09-28 18:07:41 --> pg_connect(): Unable to connect to PostgreSQL server: FATAL:  Ident authentication failed for user &quot;usuario&quot;
#0 [internal function]: CodeIgniter\Debug\Exceptions->errorHandler(2, 'pg_connect(): U...', '/var/www/html/m...', 98, Array)
#1 /var/www/html/mofuss/WebBasedMofuss/SistemaWeb/mofuss-laravel/system/Database/Postgre/Connection.php(98): pg_connect('host=localhost ...')
#2 /var/www/html/mofuss/WebBasedMofuss/SistemaWeb/mofuss-laravel/system/Database/BaseConnection.php(377): CodeIgniter\Database\Postgre\Connection->connect(false)
#3 /var/www/html/mofuss/WebBasedMofuss/SistemaWeb/mofuss-laravel/system/Database/BaseConnection.php(643): CodeIgniter\Database\BaseConnection->initialize()
#4 /var/www/html/mofuss/WebBasedMofuss/SistemaWeb/mofuss-laravel/system/Database/BaseBuilder.php(1819): CodeIgniter\Database\BaseConnection->query('SELECT *\nFROM "...', Array, false)
#5 /var/www/html/mofuss/WebBasedMofuss/SistemaWeb/mofuss-laravel/system/Model.php(1701): CodeIgniter\Database\BaseBuilder->get()
#6 /var/www/html/mofuss/WebBasedMofuss/SistemaWeb/mofuss-laravel/app/Models/CountriesModel.php(18): CodeIgniter\Model->__call('get', Array)
#7 /var/www/html/mofuss/WebBasedMofuss/SistemaWeb/mofuss-laravel/app/Controllers/Webmofuss.php(17): App\Models\CountriesModel->getdatos()
#8 /var/www/html/mofuss/WebBasedMofuss/SistemaWeb/mofuss-laravel/system/CodeIgniter.php(847): App\Controllers\Webmofuss->configure()
#9 /var/www/html/mofuss/WebBasedMofuss/SistemaWeb/mofuss-laravel/system/CodeIgniter.php(338): CodeIgniter\CodeIgniter->runController(Object(App\Controllers\Webmofuss))
#10 /var/www/html/mofuss/WebBasedMofuss/SistemaWeb/mofuss-laravel/system/CodeIgniter.php(246): CodeIgniter\CodeIgniter->handleRequest(NULL, Object(Config\Cache), false)
#11 /var/www/html/mofuss/WebBasedMofuss/SistemaWeb/mofuss-laravel/index.php(45): CodeIgniter\CodeIgniter->run()
#12 {main}
CRITICAL - 2020-09-28 18:08:52 --> pg_connect(): Unable to connect to PostgreSQL server: FATAL:  Ident authentication failed for user &quot;usuario&quot;
#0 [internal function]: CodeIgniter\Debug\Exceptions->errorHandler(2, 'pg_connect(): U...', '/var/www/html/m...', 98, Array)
#1 /var/www/html/mofuss/WebBasedMofuss/SistemaWeb/mofuss-laravel/system/Database/Postgre/Connection.php(98): pg_connect('host=localhost ...')
#2 /var/www/html/mofuss/WebBasedMofuss/SistemaWeb/mofuss-laravel/system/Database/BaseConnection.php(377): CodeIgniter\Database\Postgre\Connection->connect(false)
#3 /var/www/html/mofuss/WebBasedMofuss/SistemaWeb/mofuss-laravel/system/Database/BaseConnection.php(643): CodeIgniter\Database\BaseConnection->initialize()
#4 /var/www/html/mofuss/WebBasedMofuss/SistemaWeb/mofuss-laravel/system/Database/BaseBuilder.php(1819): CodeIgniter\Database\BaseConnection->query('SELECT *\nFROM "...', Array, false)
#5 /var/www/html/mofuss/WebBasedMofuss/SistemaWeb/mofuss-laravel/system/Model.php(1701): CodeIgniter\Database\BaseBuilder->get()
#6 /var/www/html/mofuss/WebBasedMofuss/SistemaWeb/mofuss-laravel/app/Models/CountriesModel.php(18): CodeIgniter\Model->__call('get', Array)
#7 /var/www/html/mofuss/WebBasedMofuss/SistemaWeb/mofuss-laravel/app/Controllers/Webmofuss.php(17): App\Models\CountriesModel->getdatos()
#8 /var/www/html/mofuss/WebBasedMofuss/SistemaWeb/mofuss-laravel/system/CodeIgniter.php(847): App\Controllers\Webmofuss->configure()
#9 /var/www/html/mofuss/WebBasedMofuss/SistemaWeb/mofuss-laravel/system/CodeIgniter.php(338): CodeIgniter\CodeIgniter->runController(Object(App\Controllers\Webmofuss))
#10 /var/www/html/mofuss/WebBasedMofuss/SistemaWeb/mofuss-laravel/system/CodeIgniter.php(246): CodeIgniter\CodeIgniter->handleRequest(NULL, Object(Config\Cache), false)
#11 /var/www/html/mofuss/WebBasedMofuss/SistemaWeb/mofuss-laravel/index.php(45): CodeIgniter\CodeIgniter->run()
#12 {main}
CRITICAL - 2020-09-28 18:20:16 --> pg_connect(): Unable to connect to PostgreSQL server: FATAL:  Ident authentication failed for user &quot;usuario&quot;
#0 [internal function]: CodeIgniter\Debug\Exceptions->errorHandler(2, 'pg_connect(): U...', '/var/www/html/m...', 98, Array)
#1 /var/www/html/mofuss/WebBasedMofuss/SistemaWeb/mofuss-laravel/system/Database/Postgre/Connection.php(98): pg_connect('host=localhost ...')
#2 /var/www/html/mofuss/WebBasedMofuss/SistemaWeb/mofuss-laravel/system/Database/BaseConnection.php(377): CodeIgniter\Database\Postgre\Connection->connect(false)
#3 /var/www/html/mofuss/WebBasedMofuss/SistemaWeb/mofuss-laravel/system/Database/BaseConnection.php(643): CodeIgniter\Database\BaseConnection->initialize()
#4 /var/www/html/mofuss/WebBasedMofuss/SistemaWeb/mofuss-laravel/system/Database/BaseBuilder.php(1819): CodeIgniter\Database\BaseConnection->query('SELECT *\nFROM "...', Array, false)
#5 /var/www/html/mofuss/WebBasedMofuss/SistemaWeb/mofuss-laravel/system/Model.php(1701): CodeIgniter\Database\BaseBuilder->get()
#6 /var/www/html/mofuss/WebBasedMofuss/SistemaWeb/mofuss-laravel/app/Models/CountriesModel.php(18): CodeIgniter\Model->__call('get', Array)
#7 /var/www/html/mofuss/WebBasedMofuss/SistemaWeb/mofuss-laravel/app/Controllers/Webmofuss.php(17): App\Models\CountriesModel->getdatos()
#8 /var/www/html/mofuss/WebBasedMofuss/SistemaWeb/mofuss-laravel/system/CodeIgniter.php(847): App\Controllers\Webmofuss->configure()
#9 /var/www/html/mofuss/WebBasedMofuss/SistemaWeb/mofuss-laravel/system/CodeIgniter.php(338): CodeIgniter\CodeIgniter->runController(Object(App\Controllers\Webmofuss))
#10 /var/www/html/mofuss/WebBasedMofuss/SistemaWeb/mofuss-laravel/system/CodeIgniter.php(246): CodeIgniter\CodeIgniter->handleRequest(NULL, Object(Config\Cache), false)
#11 /var/www/html/mofuss/WebBasedMofuss/SistemaWeb/mofuss-laravel/index.php(45): CodeIgniter\CodeIgniter->run()
#12 {main}
CRITICAL - 2020-09-28 18:20:25 --> pg_connect(): Unable to connect to PostgreSQL server: FATAL:  Ident authentication failed for user &quot;usuario&quot;
#0 [internal function]: CodeIgniter\Debug\Exceptions->errorHandler(2, 'pg_connect(): U...', '/var/www/html/m...', 98, Array)
#1 /var/www/html/mofuss/WebBasedMofuss/SistemaWeb/mofuss-laravel/system/Database/Postgre/Connection.php(98): pg_connect('host=localhost ...')
#2 /var/www/html/mofuss/WebBasedMofuss/SistemaWeb/mofuss-laravel/system/Database/BaseConnection.php(377): CodeIgniter\Database\Postgre\Connection->connect(false)
#3 /var/www/html/mofuss/WebBasedMofuss/SistemaWeb/mofuss-laravel/system/Database/BaseConnection.php(643): CodeIgniter\Database\BaseConnection->initialize()
#4 /var/www/html/mofuss/WebBasedMofuss/SistemaWeb/mofuss-laravel/system/Database/BaseBuilder.php(1819): CodeIgniter\Database\BaseConnection->query('SELECT *\nFROM "...', Array, false)
#5 /var/www/html/mofuss/WebBasedMofuss/SistemaWeb/mofuss-laravel/system/Model.php(1701): CodeIgniter\Database\BaseBuilder->get()
#6 /var/www/html/mofuss/WebBasedMofuss/SistemaWeb/mofuss-laravel/app/Models/CountriesModel.php(18): CodeIgniter\Model->__call('get', Array)
#7 /var/www/html/mofuss/WebBasedMofuss/SistemaWeb/mofuss-laravel/app/Controllers/Webmofuss.php(17): App\Models\CountriesModel->getdatos()
#8 /var/www/html/mofuss/WebBasedMofuss/SistemaWeb/mofuss-laravel/system/CodeIgniter.php(847): App\Controllers\Webmofuss->configure()
#9 /var/www/html/mofuss/WebBasedMofuss/SistemaWeb/mofuss-laravel/system/CodeIgniter.php(338): CodeIgniter\CodeIgniter->runController(Object(App\Controllers\Webmofuss))
#10 /var/www/html/mofuss/WebBasedMofuss/SistemaWeb/mofuss-laravel/system/CodeIgniter.php(246): CodeIgniter\CodeIgniter->handleRequest(NULL, Object(Config\Cache), false)
#11 /var/www/html/mofuss/WebBasedMofuss/SistemaWeb/mofuss-laravel/index.php(45): CodeIgniter\CodeIgniter->run()
#12 {main}
CRITICAL - 2020-09-28 18:23:40 --> pg_query(): Query failed: ERROR:  relation &quot;countries&quot; does not exist
LINE 2: FROM &quot;countries&quot;
             ^
#0 [internal function]: CodeIgniter\Debug\Exceptions->errorHandler(2, 'pg_query(): Que...', '/var/www/html/m...', 194, Array)
#1 /var/www/html/mofuss/WebBasedMofuss/SistemaWeb/mofuss-laravel/system/Database/Postgre/Connection.php(194): pg_query(Resource id #97, 'SELECT *\nFROM "...')
#2 /var/www/html/mofuss/WebBasedMofuss/SistemaWeb/mofuss-laravel/system/Database/BaseConnection.php(738): CodeIgniter\Database\Postgre\Connection->execute('SELECT *\nFROM "...')
#3 /var/www/html/mofuss/WebBasedMofuss/SistemaWeb/mofuss-laravel/system/Database/BaseConnection.php(666): CodeIgniter\Database\BaseConnection->simpleQuery('SELECT *\nFROM "...')
#4 /var/www/html/mofuss/WebBasedMofuss/SistemaWeb/mofuss-laravel/system/Database/BaseBuilder.php(1819): CodeIgniter\Database\BaseConnection->query('SELECT *\nFROM "...', Array, false)
#5 /var/www/html/mofuss/WebBasedMofuss/SistemaWeb/mofuss-laravel/system/Model.php(1701): CodeIgniter\Database\BaseBuilder->get()
#6 /var/www/html/mofuss/WebBasedMofuss/SistemaWeb/mofuss-laravel/app/Models/CountriesModel.php(18): CodeIgniter\Model->__call('get', Array)
#7 /var/www/html/mofuss/WebBasedMofuss/SistemaWeb/mofuss-laravel/app/Controllers/Webmofuss.php(17): App\Models\CountriesModel->getdatos()
#8 /var/www/html/mofuss/WebBasedMofuss/SistemaWeb/mofuss-laravel/system/CodeIgniter.php(847): App\Controllers\Webmofuss->configure()
#9 /var/www/html/mofuss/WebBasedMofuss/SistemaWeb/mofuss-laravel/system/CodeIgniter.php(338): CodeIgniter\CodeIgniter->runController(Object(App\Controllers\Webmofuss))
#10 /var/www/html/mofuss/WebBasedMofuss/SistemaWeb/mofuss-laravel/system/CodeIgniter.php(246): CodeIgniter\CodeIgniter->handleRequest(NULL, Object(Config\Cache), false)
#11 /var/www/html/mofuss/WebBasedMofuss/SistemaWeb/mofuss-laravel/index.php(45): CodeIgniter\CodeIgniter->run()
#12 {main}
CRITICAL - 2020-09-28 18:24:24 --> pg_query(): Query failed: ERROR:  relation &quot;countries&quot; does not exist
LINE 2: FROM &quot;countries&quot;
             ^
#0 [internal function]: CodeIgniter\Debug\Exceptions->errorHandler(2, 'pg_query(): Que...', '/var/www/html/m...', 194, Array)
#1 /var/www/html/mofuss/WebBasedMofuss/SistemaWeb/mofuss-laravel/system/Database/Postgre/Connection.php(194): pg_query(Resource id #97, 'SELECT *\nFROM "...')
#2 /var/www/html/mofuss/WebBasedMofuss/SistemaWeb/mofuss-laravel/system/Database/BaseConnection.php(738): CodeIgniter\Database\Postgre\Connection->execute('SELECT *\nFROM "...')
#3 /var/www/html/mofuss/WebBasedMofuss/SistemaWeb/mofuss-laravel/system/Database/BaseConnection.php(666): CodeIgniter\Database\BaseConnection->simpleQuery('SELECT *\nFROM "...')
#4 /var/www/html/mofuss/WebBasedMofuss/SistemaWeb/mofuss-laravel/system/Database/BaseBuilder.php(1819): CodeIgniter\Database\BaseConnection->query('SELECT *\nFROM "...', Array, false)
#5 /var/www/html/mofuss/WebBasedMofuss/SistemaWeb/mofuss-laravel/system/Model.php(1701): CodeIgniter\Database\BaseBuilder->get()
#6 /var/www/html/mofuss/WebBasedMofuss/SistemaWeb/mofuss-laravel/app/Models/CountriesModel.php(18): CodeIgniter\Model->__call('get', Array)
#7 /var/www/html/mofuss/WebBasedMofuss/SistemaWeb/mofuss-laravel/app/Controllers/Webmofuss.php(17): App\Models\CountriesModel->getdatos()
#8 /var/www/html/mofuss/WebBasedMofuss/SistemaWeb/mofuss-laravel/system/CodeIgniter.php(847): App\Controllers\Webmofuss->configure()
#9 /var/www/html/mofuss/WebBasedMofuss/SistemaWeb/mofuss-laravel/system/CodeIgniter.php(338): CodeIgniter\CodeIgniter->runController(Object(App\Controllers\Webmofuss))
#10 /var/www/html/mofuss/WebBasedMofuss/SistemaWeb/mofuss-laravel/system/CodeIgniter.php(246): CodeIgniter\CodeIgniter->handleRequest(NULL, Object(Config\Cache), false)
#11 /var/www/html/mofuss/WebBasedMofuss/SistemaWeb/mofuss-laravel/index.php(45): CodeIgniter\CodeIgniter->run()
#12 {main}
CRITICAL - 2020-09-28 18:40:03 --> pg_query(): Query failed: ERROR:  permission denied for relation countries
#0 [internal function]: CodeIgniter\Debug\Exceptions->errorHandler(2, 'pg_query(): Que...', '/var/www/html/m...', 194, Array)
#1 /var/www/html/mofuss/WebBasedMofuss/SistemaWeb/mofuss-laravel/system/Database/Postgre/Connection.php(194): pg_query(Resource id #97, 'SELECT *\nFROM "...')
#2 /var/www/html/mofuss/WebBasedMofuss/SistemaWeb/mofuss-laravel/system/Database/BaseConnection.php(738): CodeIgniter\Database\Postgre\Connection->execute('SELECT *\nFROM "...')
#3 /var/www/html/mofuss/WebBasedMofuss/SistemaWeb/mofuss-laravel/system/Database/BaseConnection.php(666): CodeIgniter\Database\BaseConnection->simpleQuery('SELECT *\nFROM "...')
#4 /var/www/html/mofuss/WebBasedMofuss/SistemaWeb/mofuss-laravel/system/Database/BaseBuilder.php(1819): CodeIgniter\Database\BaseConnection->query('SELECT *\nFROM "...', Array, false)
#5 /var/www/html/mofuss/WebBasedMofuss/SistemaWeb/mofuss-laravel/system/Model.php(1701): CodeIgniter\Database\BaseBuilder->get()
#6 /var/www/html/mofuss/WebBasedMofuss/SistemaWeb/mofuss-laravel/app/Models/CountriesModel.php(18): CodeIgniter\Model->__call('get', Array)
#7 /var/www/html/mofuss/WebBasedMofuss/SistemaWeb/mofuss-laravel/app/Controllers/Webmofuss.php(17): App\Models\CountriesModel->getdatos()
#8 /var/www/html/mofuss/WebBasedMofuss/SistemaWeb/mofuss-laravel/system/CodeIgniter.php(847): App\Controllers\Webmofuss->configure()
#9 /var/www/html/mofuss/WebBasedMofuss/SistemaWeb/mofuss-laravel/system/CodeIgniter.php(338): CodeIgniter\CodeIgniter->runController(Object(App\Controllers\Webmofuss))
#10 /var/www/html/mofuss/WebBasedMofuss/SistemaWeb/mofuss-laravel/system/CodeIgniter.php(246): CodeIgniter\CodeIgniter->handleRequest(NULL, Object(Config\Cache), false)
#11 /var/www/html/mofuss/WebBasedMofuss/SistemaWeb/mofuss-laravel/index.php(45): CodeIgniter\CodeIgniter->run()
#12 {main}
CRITICAL - 2020-09-28 18:40:07 --> pg_query(): Query failed: ERROR:  permission denied for relation countries
#0 [internal function]: CodeIgniter\Debug\Exceptions->errorHandler(2, 'pg_query(): Que...', '/var/www/html/m...', 194, Array)
#1 /var/www/html/mofuss/WebBasedMofuss/SistemaWeb/mofuss-laravel/system/Database/Postgre/Connection.php(194): pg_query(Resource id #97, 'SELECT *\nFROM "...')
#2 /var/www/html/mofuss/WebBasedMofuss/SistemaWeb/mofuss-laravel/system/Database/BaseConnection.php(738): CodeIgniter\Database\Postgre\Connection->execute('SELECT *\nFROM "...')
#3 /var/www/html/mofuss/WebBasedMofuss/SistemaWeb/mofuss-laravel/system/Database/BaseConnection.php(666): CodeIgniter\Database\BaseConnection->simpleQuery('SELECT *\nFROM "...')
#4 /var/www/html/mofuss/WebBasedMofuss/SistemaWeb/mofuss-laravel/system/Database/BaseBuilder.php(1819): CodeIgniter\Database\BaseConnection->query('SELECT *\nFROM "...', Array, false)
#5 /var/www/html/mofuss/WebBasedMofuss/SistemaWeb/mofuss-laravel/system/Model.php(1701): CodeIgniter\Database\BaseBuilder->get()
#6 /var/www/html/mofuss/WebBasedMofuss/SistemaWeb/mofuss-laravel/app/Models/CountriesModel.php(18): CodeIgniter\Model->__call('get', Array)
#7 /var/www/html/mofuss/WebBasedMofuss/SistemaWeb/mofuss-laravel/app/Controllers/Webmofuss.php(17): App\Models\CountriesModel->getdatos()
#8 /var/www/html/mofuss/WebBasedMofuss/SistemaWeb/mofuss-laravel/system/CodeIgniter.php(847): App\Controllers\Webmofuss->configure()
#9 /var/www/html/mofuss/WebBasedMofuss/SistemaWeb/mofuss-laravel/system/CodeIgniter.php(338): CodeIgniter\CodeIgniter->runController(Object(App\Controllers\Webmofuss))
#10 /var/www/html/mofuss/WebBasedMofuss/SistemaWeb/mofuss-laravel/system/CodeIgniter.php(246): CodeIgniter\CodeIgniter->handleRequest(NULL, Object(Config\Cache), false)
#11 /var/www/html/mofuss/WebBasedMofuss/SistemaWeb/mofuss-laravel/index.php(45): CodeIgniter\CodeIgniter->run()
#12 {main}
